#! /usr/bin/vvp
:ivl_version "0.9.7 " "(v0_9_7)";
:vpi_time_precision - 12;
:vpi_module "system";
:vpi_module "v2005_math";
:vpi_module "va_math";
S_0xbe4bb0 .scope module, "test_iqmap_qpsk" "test_iqmap_qpsk" 2 2;
 .timescale -9 -12;
v0xc22240_0 .net "ce", 0 0, C4<z>; 0 drivers
v0xc222e0_0 .var "clk", 0 0;
v0xc22390_0 .var "reader_data", 127 0;
v0xc22440_0 .var "rst", 0 0;
v0xc22520_0 .var "valid", 0 0;
S_0xbe4970 .scope module, "qpsk" "iqmap_qpsk" 2 36, 3 21, S_0xbe4bb0;
 .timescale -9 -12;
v0xbe4730_0 .net "CLK", 0 0, v0xc222e0_0; 1 drivers
v0xc21830_0 .net "RST", 0 0, v0xc22440_0; 1 drivers
v0xc218d0_0 .alias "ce", 0 0, v0xc22240_0;
v0xc21970_0 .var "cnt", 8 0;
v0xc21a20_0 .var "raw", 3 0;
v0xc21ac0_0 .net "reader_data", 127 0, v0xc22390_0; 1 drivers
v0xc21ba0_0 .var "reader_data_reg", 127 0;
v0xc21c40_0 .var "reader_en", 0 0;
v0xc21d30_0 .var "start_output_flg", 0 0;
v0xc21dd0_0 .net "valid_i", 0 0, v0xc22520_0; 1 drivers
v0xc21ed0_0 .var "valid_o", 0 0;
v0xc21f70_0 .net "valid_raw", 0 0, v0xc21ed0_0; 1 drivers
v0xc22080_0 .var/s "xi", 10 0;
v0xc22120_0 .var/s "xr", 10 0;
E_0xbf9060 .event posedge, v0xbe4730_0;
    .scope S_0xbe4970;
T_0 ;
    %wait E_0xbf9060;
    %load/v 8, v0xc21830_0, 1;
    %inv 8, 1;
    %jmp/0xz  T_0.0, 8;
    %ix/load 0, 9, 0;
    %assign/v0 v0xc21970_0, 0, 0;
    %ix/load 0, 128, 0;
    %assign/v0 v0xc21ba0_0, 0, 0;
    %ix/load 0, 1, 0;
    %assign/v0 v0xc21ed0_0, 0, 0;
    %ix/load 0, 4, 0;
    %assign/v0 v0xc21a20_0, 0, 0;
    %ix/load 0, 1, 0;
    %assign/v0 v0xc21c40_0, 0, 1;
    %ix/load 0, 1, 0;
    %assign/v0 v0xc21d30_0, 0, 0;
    %jmp T_0.1;
T_0.0 ;
    %load/v 8, v0xc21dd0_0, 1;
    %jmp/0xz  T_0.2, 8;
    %ix/load 0, 1, 0;
    %assign/v0 v0xc21c40_0, 0, 0;
    %load/v 8, v0xc21ac0_0, 128;
    %ix/load 0, 128, 0;
    %assign/v0 v0xc21ba0_0, 0, 8;
    %movi 8, 1, 9;
    %ix/load 0, 9, 0;
    %assign/v0 v0xc21970_0, 0, 8;
    %ix/load 0, 1, 0;
    %assign/v0 v0xc21d30_0, 0, 1;
    %jmp T_0.3;
T_0.2 ;
    %load/v 8, v0xc21d30_0, 1;
    %jmp/0xz  T_0.4, 8;
    %ix/load 0, 1, 0;
    %assign/v0 v0xc21ed0_0, 0, 1;
    %movi 8, 1, 33;
    %ix/getv 1, v0xc21970_0;
    %jmp/1 T_0.6, 4;
    %load/x1p 74, v0xc21ba0_0, 1;
    %jmp T_0.7;
T_0.6 ;
    %mov 74, 2, 1;
T_0.7 ;
    %mov 41, 74, 1; Move signal select into place
    %mov 42, 0, 32;
    %ix/load 0, 1, 0;
    %mov 4, 0, 1;
    %shiftl/i0  41, 33;
    %sub 8, 41, 33;
    %ix/load 0, 11, 0;
    %assign/v0 v0xc22080_0, 0, 8;
    %movi 8, 1, 33;
    %load/v 74, v0xc21970_0, 9;
    %movi 83, 0, 23;
    %subi 74, 1, 32;
    %ix/get 1, 74, 32;
    %jmp/1 T_0.8, 4;
    %load/x1p 74, v0xc21ba0_0, 1;
    %jmp T_0.9;
T_0.8 ;
    %mov 74, 2, 1;
T_0.9 ;
    %mov 41, 74, 1; Move signal select into place
    %mov 42, 0, 32;
    %ix/load 0, 1, 0;
    %mov 4, 0, 1;
    %shiftl/i0  41, 33;
    %sub 8, 41, 33;
    %ix/load 0, 11, 0;
    %assign/v0 v0xc22120_0, 0, 8;
    %ix/getv 1, v0xc21970_0;
    %jmp/1 T_0.10, 4;
    %load/x1p 12, v0xc21ba0_0, 1;
    %jmp T_0.11;
T_0.10 ;
    %mov 12, 2, 1;
T_0.11 ;
    %mov 8, 12, 1; Move signal select into place
    %mov 9, 0, 3;
    %ix/load 0, 4, 0;
    %assign/v0 v0xc21a20_0, 0, 8;
    %load/v 8, v0xc21970_0, 9;
    %mov 17, 0, 23;
    %addi 8, 2, 32;
    %ix/load 0, 9, 0;
    %assign/v0 v0xc21970_0, 0, 8;
    %movi 8, 128, 10;
    %load/v 18, v0xc21970_0, 9;
    %mov 27, 0, 1;
    %cmp/u 8, 18, 10;
    %or 5, 4, 1;
    %jmp/0xz  T_0.12, 5;
    %ix/load 0, 1, 0;
    %assign/v0 v0xc21d30_0, 0, 0;
    %ix/load 0, 1, 0;
    %assign/v0 v0xc21ed0_0, 0, 0;
    %ix/load 0, 1, 0;
    %assign/v0 v0xc21c40_0, 0, 1;
    %ix/load 0, 9, 0;
    %assign/v0 v0xc21970_0, 0, 0;
T_0.12 ;
T_0.4 ;
T_0.3 ;
T_0.1 ;
    %jmp T_0;
    .thread T_0;
    .scope S_0xbe4bb0;
T_1 ;
    %set/v v0xc22440_0, 1, 1;
    %delay 10000, 0;
    %set/v v0xc22440_0, 0, 1;
    %delay 10000, 0;
    %set/v v0xc22440_0, 1, 1;
    %delay 3000000, 0;
    %vpi_call 2 11 "$finish";
    %end;
    .thread T_1;
    .scope S_0xbe4bb0;
T_2 ;
    %vpi_call 2 16 "$dumpvars";
    %vpi_call 2 17 "$dumpfile", "stm.vcd";
    %delay 0, 0;
    %ix/load 0, 1, 0;
    %assign/v0 v0xc222e0_0, 0, 0;
    %movi 8, 4021013999, 32;
    %movi 40, 3455036365, 32;
    %movi 72, 2882400171, 32;
    %movi 104, 11259375, 32;
    %ix/load 0, 128, 0;
    %assign/v0 v0xc22390_0, 0, 8;
    %ix/load 0, 1, 0;
    %assign/v0 v0xc22520_0, 0, 0;
    %end;
    .thread T_2;
    .scope S_0xbe4bb0;
T_3 ;
    %delay 10000, 0;
    %load/v 8, v0xc222e0_0, 1;
    %inv 8, 1;
    %ix/load 0, 1, 0;
    %assign/v0 v0xc222e0_0, 0, 8;
    %jmp T_3;
    .thread T_3;
    .scope S_0xbe4bb0;
T_4 ;
    %delay 50000, 0;
    %ix/load 0, 1, 0;
    %assign/v0 v0xc22520_0, 0, 1;
    %delay 60000, 0;
    %ix/load 0, 1, 0;
    %assign/v0 v0xc22520_0, 0, 0;
    %end;
    .thread T_4;
# The file index is used to find the file name in the following table.
:file_names 4;
    "N/A";
    "<interactive>";
    "test_iqmap_qpsk.v";
    "iqmap_qpsk.v";
