#! /usr/bin/vvp
:ivl_version "0.9.7 " "(v0_9_7)";
:vpi_time_precision + 0;
:vpi_module "system";
:vpi_module "v2005_math";
:vpi_module "va_math";
S_0x27c5c60 .scope module, "test_radix4" "test_radix4" 2 2;
 .timescale 0 0;
v0x27fdea0_0 .net "A0", 21 0, L_0x27fe7b0; 1 drivers
v0x27fdf20_0 .var "A0I", 10 0;
v0x27fdfa0_0 .var "A0R", 10 0;
v0x27fe020_0 .net "A1", 21 0, L_0x27fe940; 1 drivers
v0x27fe0a0_0 .var "A1I", 10 0;
v0x27fe120_0 .var "A1R", 10 0;
v0x27fe1a0_0 .net "A2", 21 0, L_0x27fead0; 1 drivers
v0x27fe220_0 .var "A2I", 10 0;
v0x27fe2a0_0 .var "A2R", 10 0;
v0x27fe320_0 .net "A3", 21 0, L_0x27fec00; 1 drivers
v0x27fe3a0_0 .var "A3I", 10 0;
v0x27fe420_0 .var "A3R", 10 0;
v0x27fe4a0_0 .var "clk", 0 0;
v0x27fe520_0 .var "k", 6 0;
v0x27fe620_0 .var "rst", 0 0;
v0x27fe6a0_0 .var "valid", 0 0;
L_0x27fe7b0 .concat [ 11 11 0 0], v0x27fdf20_0, v0x27fdfa0_0;
L_0x27fe940 .concat [ 11 11 0 0], v0x27fe0a0_0, v0x27fe120_0;
L_0x27fead0 .concat [ 11 11 0 0], v0x27fe220_0, v0x27fe2a0_0;
L_0x27fec00 .concat [ 11 11 0 0], v0x27fe3a0_0, v0x27fe420_0;
S_0x2738230 .scope module, "adix4_batterfly_module" "radix4_batterfly" 2 57, 3 67, S_0x27c5c60;
 .timescale 0 0;
L_0x28023c0 .functor BUFZ 22, L_0x2801130, C4<0000000000000000000000>, C4<0000000000000000000000>, C4<0000000000000000000000>;
v0x27fcad0_0 .alias "A0", 21 0, v0x27fdea0_0;
v0x27fcb70_0 .alias "A1", 21 0, v0x27fe020_0;
v0x27fcc40_0 .alias "A2", 21 0, v0x27fe1a0_0;
v0x27fcd10_0 .alias "A3", 21 0, v0x27fe320_0;
v0x27fcde0_0 .net "B0", 21 0, L_0x27ff560; 1 drivers
v0x27fce60_0 .net "B1", 21 0, L_0x27ffb70; 1 drivers
v0x27fcee0_0 .net "B2", 21 0, L_0x2800180; 1 drivers
v0x27fcf60_0 .net "B3", 21 0, L_0x2800790; 1 drivers
v0x27fd030_0 .net "B3J", 21 0, L_0x2800ba0; 1 drivers
v0x27fd0b0_0 .net "C0", 21 0, L_0x2801130; 1 drivers
v0x27fd130_0 .net "C1", 21 0, L_0x2801720; 1 drivers
v0x27fd200_0 .net "C2", 21 0, L_0x2801cf0; 1 drivers
v0x27fd340_0 .net "C3", 21 0, L_0x28022c0; 1 drivers
v0x27fd410_0 .net "W1KI", 16 0, L_0x27fed90; 1 drivers
v0x27fd510_0 .net "W1KR", 16 0, L_0x27ff030; 1 drivers
v0x27fd590_0 .net "W2KI", 16 0, L_0x27fee60; 1 drivers
v0x27fd490_0 .net "W2KR", 16 0, L_0x27ff0d0; 1 drivers
v0x27fd6f0_0 .net "W3KI", 16 0, L_0x27fef00; 1 drivers
v0x27fd610_0 .net "W3KR", 16 0, L_0x27ff170; 1 drivers
v0x27fd810_0 .net "Y0", 21 0, L_0x28023c0; 1 drivers
v0x27fd770_0 .net "Y1", 21 0, L_0x2802760; 1 drivers
v0x27fd940_0 .net "Y2", 21 0, L_0x2802b10; 1 drivers
v0x27fd890_0 .net "Y3", 21 0, L_0x2802ec0; 1 drivers
v0x27fda80_0 .net "clk", 0 0, v0x27fe4a0_0; 1 drivers
v0x27fd9c0_0 .var "cnt", 3 0;
v0x27fdbd0_0 .net "k", 6 0, v0x27fe520_0; 1 drivers
v0x27fdb00_0 .net "rst", 0 0, v0x27fe620_0; 1 drivers
v0x27fdd30_0 .net "valid_i", 0 0, v0x27fe6a0_0; 1 drivers
v0x27fdc50_0 .var "valid_o", 0 0;
E_0x27c7ef0/0 .event negedge, v0x27fdb00_0;
E_0x27c7ef0/1 .event posedge, v0x27f55f0_0;
E_0x27c7ef0 .event/or E_0x27c7ef0/0, E_0x27c7ef0/1;
L_0x27fed90 .ufunc TD_test_radix4.adix4_batterfly_module.func_k1_sin, 17, v0x27fe520_0 (v0x27fc7e0_0) v0x27fc720_0 S_0x27fc630;
L_0x27fee60 .ufunc TD_test_radix4.adix4_batterfly_module.func_k2_sin, 17, v0x27fe520_0 (v0x27fc340_0) v0x27fc280_0 S_0x27fc190;
L_0x27fef00 .ufunc TD_test_radix4.adix4_batterfly_module.func_k3_sin, 17, v0x27fe520_0 (v0x27fbea0_0) v0x27fbde0_0 S_0x27fbcf0;
L_0x27ff030 .ufunc TD_test_radix4.adix4_batterfly_module.func_k1_cos, 17, v0x27fe520_0 (v0x27fca30_0) v0x27fc970_0 S_0x27fc880;
L_0x27ff0d0 .ufunc TD_test_radix4.adix4_batterfly_module.func_k2_cos, 17, v0x27fe520_0 (v0x27fc590_0) v0x27fc4d0_0 S_0x27fc3e0;
L_0x27ff170 .ufunc TD_test_radix4.adix4_batterfly_module.func_k3_cos, 17, v0x27fe520_0 (v0x27fc0f0_0) v0x27fc030_0 S_0x27fbf40;
S_0x27fc880 .scope function, "func_k1_cos" "func_k1_cos" 3 211, 3 211, S_0x2738230;
 .timescale 0 0;
v0x27fc970_0 .var "func_k1_cos", 16 0;
v0x27fca30_0 .var "select", 6 0;
TD_test_radix4.adix4_batterfly_module.func_k1_cos ;
    %load/v 8, v0x27fca30_0, 7;
    %cmpi/u 8, 0, 7;
    %jmp/1 T_0.0, 6;
    %cmpi/u 8, 1, 7;
    %jmp/1 T_0.1, 6;
    %cmpi/u 8, 2, 7;
    %jmp/1 T_0.2, 6;
    %cmpi/u 8, 3, 7;
    %jmp/1 T_0.3, 6;
    %cmpi/u 8, 4, 7;
    %jmp/1 T_0.4, 6;
    %cmpi/u 8, 5, 7;
    %jmp/1 T_0.5, 6;
    %cmpi/u 8, 6, 7;
    %jmp/1 T_0.6, 6;
    %cmpi/u 8, 7, 7;
    %jmp/1 T_0.7, 6;
    %cmpi/u 8, 8, 7;
    %jmp/1 T_0.8, 6;
    %cmpi/u 8, 9, 7;
    %jmp/1 T_0.9, 6;
    %cmpi/u 8, 10, 7;
    %jmp/1 T_0.10, 6;
    %cmpi/u 8, 11, 7;
    %jmp/1 T_0.11, 6;
    %cmpi/u 8, 12, 7;
    %jmp/1 T_0.12, 6;
    %cmpi/u 8, 13, 7;
    %jmp/1 T_0.13, 6;
    %cmpi/u 8, 14, 7;
    %jmp/1 T_0.14, 6;
    %cmpi/u 8, 15, 7;
    %jmp/1 T_0.15, 6;
    %cmpi/u 8, 16, 7;
    %jmp/1 T_0.16, 6;
    %cmpi/u 8, 17, 7;
    %jmp/1 T_0.17, 6;
    %cmpi/u 8, 18, 7;
    %jmp/1 T_0.18, 6;
    %cmpi/u 8, 19, 7;
    %jmp/1 T_0.19, 6;
    %cmpi/u 8, 20, 7;
    %jmp/1 T_0.20, 6;
    %cmpi/u 8, 21, 7;
    %jmp/1 T_0.21, 6;
    %cmpi/u 8, 22, 7;
    %jmp/1 T_0.22, 6;
    %cmpi/u 8, 23, 7;
    %jmp/1 T_0.23, 6;
    %cmpi/u 8, 24, 7;
    %jmp/1 T_0.24, 6;
    %cmpi/u 8, 25, 7;
    %jmp/1 T_0.25, 6;
    %cmpi/u 8, 26, 7;
    %jmp/1 T_0.26, 6;
    %cmpi/u 8, 27, 7;
    %jmp/1 T_0.27, 6;
    %cmpi/u 8, 28, 7;
    %jmp/1 T_0.28, 6;
    %cmpi/u 8, 29, 7;
    %jmp/1 T_0.29, 6;
    %cmpi/u 8, 30, 7;
    %jmp/1 T_0.30, 6;
    %cmpi/u 8, 31, 7;
    %jmp/1 T_0.31, 6;
    %cmpi/u 8, 32, 7;
    %jmp/1 T_0.32, 6;
    %cmpi/u 8, 33, 7;
    %jmp/1 T_0.33, 6;
    %cmpi/u 8, 34, 7;
    %jmp/1 T_0.34, 6;
    %cmpi/u 8, 35, 7;
    %jmp/1 T_0.35, 6;
    %cmpi/u 8, 36, 7;
    %jmp/1 T_0.36, 6;
    %cmpi/u 8, 37, 7;
    %jmp/1 T_0.37, 6;
    %cmpi/u 8, 38, 7;
    %jmp/1 T_0.38, 6;
    %cmpi/u 8, 39, 7;
    %jmp/1 T_0.39, 6;
    %cmpi/u 8, 40, 7;
    %jmp/1 T_0.40, 6;
    %cmpi/u 8, 41, 7;
    %jmp/1 T_0.41, 6;
    %cmpi/u 8, 42, 7;
    %jmp/1 T_0.42, 6;
    %cmpi/u 8, 43, 7;
    %jmp/1 T_0.43, 6;
    %cmpi/u 8, 44, 7;
    %jmp/1 T_0.44, 6;
    %cmpi/u 8, 45, 7;
    %jmp/1 T_0.45, 6;
    %cmpi/u 8, 46, 7;
    %jmp/1 T_0.46, 6;
    %cmpi/u 8, 47, 7;
    %jmp/1 T_0.47, 6;
    %cmpi/u 8, 48, 7;
    %jmp/1 T_0.48, 6;
    %cmpi/u 8, 49, 7;
    %jmp/1 T_0.49, 6;
    %cmpi/u 8, 50, 7;
    %jmp/1 T_0.50, 6;
    %cmpi/u 8, 51, 7;
    %jmp/1 T_0.51, 6;
    %cmpi/u 8, 52, 7;
    %jmp/1 T_0.52, 6;
    %cmpi/u 8, 53, 7;
    %jmp/1 T_0.53, 6;
    %cmpi/u 8, 54, 7;
    %jmp/1 T_0.54, 6;
    %cmpi/u 8, 55, 7;
    %jmp/1 T_0.55, 6;
    %cmpi/u 8, 56, 7;
    %jmp/1 T_0.56, 6;
    %cmpi/u 8, 57, 7;
    %jmp/1 T_0.57, 6;
    %cmpi/u 8, 58, 7;
    %jmp/1 T_0.58, 6;
    %cmpi/u 8, 59, 7;
    %jmp/1 T_0.59, 6;
    %cmpi/u 8, 60, 7;
    %jmp/1 T_0.60, 6;
    %cmpi/u 8, 61, 7;
    %jmp/1 T_0.61, 6;
    %cmpi/u 8, 62, 7;
    %jmp/1 T_0.62, 6;
    %cmpi/u 8, 63, 7;
    %jmp/1 T_0.63, 6;
    %jmp T_0.64;
T_0.0 ;
    %movi 8, 65535, 17;
    %set/v v0x27fc970_0, 8, 17;
    %jmp T_0.64;
T_0.1 ;
    %movi 8, 65219, 17;
    %set/v v0x27fc970_0, 8, 17;
    %jmp T_0.64;
T_0.2 ;
    %movi 8, 64277, 17;
    %set/v v0x27fc970_0, 8, 17;
    %jmp T_0.64;
T_0.3 ;
    %movi 8, 62715, 17;
    %set/v v0x27fc970_0, 8, 17;
    %jmp T_0.64;
T_0.4 ;
    %movi 8, 60551, 17;
    %set/v v0x27fc970_0, 8, 17;
    %jmp T_0.64;
T_0.5 ;
    %movi 8, 57804, 17;
    %set/v v0x27fc970_0, 8, 17;
    %jmp T_0.64;
T_0.6 ;
    %movi 8, 54501, 17;
    %set/v v0x27fc970_0, 8, 17;
    %jmp T_0.64;
T_0.7 ;
    %movi 8, 50673, 17;
    %set/v v0x27fc970_0, 8, 17;
    %jmp T_0.64;
T_0.8 ;
    %movi 8, 46358, 17;
    %set/v v0x27fc970_0, 8, 17;
    %jmp T_0.64;
T_0.9 ;
    %movi 8, 41597, 17;
    %set/v v0x27fc970_0, 8, 17;
    %jmp T_0.64;
T_0.10 ;
    %movi 8, 36436, 17;
    %set/v v0x27fc970_0, 8, 17;
    %jmp T_0.64;
T_0.11 ;
    %movi 8, 30924, 17;
    %set/v v0x27fc970_0, 8, 17;
    %jmp T_0.64;
T_0.12 ;
    %movi 8, 25115, 17;
    %set/v v0x27fc970_0, 8, 17;
    %jmp T_0.64;
T_0.13 ;
    %movi 8, 19064, 17;
    %set/v v0x27fc970_0, 8, 17;
    %jmp T_0.64;
T_0.14 ;
    %movi 8, 12830, 17;
    %set/v v0x27fc970_0, 8, 17;
    %jmp T_0.64;
T_0.15 ;
    %movi 8, 6472, 17;
    %set/v v0x27fc970_0, 8, 17;
    %jmp T_0.64;
T_0.16 ;
    %movi 8, 52, 17;
    %set/v v0x27fc970_0, 8, 17;
    %jmp T_0.64;
T_0.17 ;
    %movi 8, 124704, 17;
    %set/v v0x27fc970_0, 8, 17;
    %jmp T_0.64;
T_0.18 ;
    %movi 8, 118345, 17;
    %set/v v0x27fc970_0, 8, 17;
    %jmp T_0.64;
T_0.19 ;
    %movi 8, 112108, 17;
    %set/v v0x27fc970_0, 8, 17;
    %jmp T_0.64;
T_0.20 ;
    %movi 8, 106054, 17;
    %set/v v0x27fc970_0, 8, 17;
    %jmp T_0.64;
T_0.21 ;
    %movi 8, 100240, 17;
    %set/v v0x27fc970_0, 8, 17;
    %jmp T_0.64;
T_0.22 ;
    %movi 8, 94723, 17;
    %set/v v0x27fc970_0, 8, 17;
    %jmp T_0.64;
T_0.23 ;
    %movi 8, 89556, 17;
    %set/v v0x27fc970_0, 8, 17;
    %jmp T_0.64;
T_0.24 ;
    %movi 8, 84788, 17;
    %set/v v0x27fc970_0, 8, 17;
    %jmp T_0.64;
T_0.25 ;
    %movi 8, 80465, 17;
    %set/v v0x27fc970_0, 8, 17;
    %jmp T_0.64;
T_0.26 ;
    %movi 8, 76629, 17;
    %set/v v0x27fc970_0, 8, 17;
    %jmp T_0.64;
T_0.27 ;
    %movi 8, 73317, 17;
    %set/v v0x27fc970_0, 8, 17;
    %jmp T_0.64;
T_0.28 ;
    %movi 8, 70561, 17;
    %set/v v0x27fc970_0, 8, 17;
    %jmp T_0.64;
T_0.29 ;
    %movi 8, 68387, 17;
    %set/v v0x27fc970_0, 8, 17;
    %jmp T_0.64;
T_0.30 ;
    %movi 8, 66816, 17;
    %set/v v0x27fc970_0, 8, 17;
    %jmp T_0.64;
T_0.31 ;
    %movi 8, 65863, 17;
    %set/v v0x27fc970_0, 8, 17;
    %jmp T_0.64;
T_0.32 ;
    %movi 8, 65538, 17;
    %set/v v0x27fc970_0, 8, 17;
    %jmp T_0.64;
T_0.33 ;
    %movi 8, 65843, 17;
    %set/v v0x27fc970_0, 8, 17;
    %jmp T_0.64;
T_0.34 ;
    %movi 8, 66775, 17;
    %set/v v0x27fc970_0, 8, 17;
    %jmp T_0.64;
T_0.35 ;
    %movi 8, 68326, 17;
    %set/v v0x27fc970_0, 8, 17;
    %jmp T_0.64;
T_0.36 ;
    %movi 8, 70481, 17;
    %set/v v0x27fc970_0, 8, 17;
    %jmp T_0.64;
T_0.37 ;
    %movi 8, 73219, 17;
    %set/v v0x27fc970_0, 8, 17;
    %jmp T_0.64;
T_0.38 ;
    %movi 8, 76513, 17;
    %set/v v0x27fc970_0, 8, 17;
    %jmp T_0.64;
T_0.39 ;
    %movi 8, 80333, 17;
    %set/v v0x27fc970_0, 8, 17;
    %jmp T_0.64;
T_0.40 ;
    %movi 8, 84640, 17;
    %set/v v0x27fc970_0, 8, 17;
    %jmp T_0.64;
T_0.41 ;
    %movi 8, 89394, 17;
    %set/v v0x27fc970_0, 8, 17;
    %jmp T_0.64;
T_0.42 ;
    %movi 8, 94549, 17;
    %set/v v0x27fc970_0, 8, 17;
    %jmp T_0.64;
T_0.43 ;
    %movi 8, 100056, 17;
    %set/v v0x27fc970_0, 8, 17;
    %jmp T_0.64;
T_0.44 ;
    %movi 8, 105861, 17;
    %set/v v0x27fc970_0, 8, 17;
    %jmp T_0.64;
T_0.45 ;
    %movi 8, 111908, 17;
    %set/v v0x27fc970_0, 8, 17;
    %jmp T_0.64;
T_0.46 ;
    %movi 8, 118140, 17;
    %set/v v0x27fc970_0, 8, 17;
    %jmp T_0.64;
T_0.47 ;
    %movi 8, 124496, 17;
    %set/v v0x27fc970_0, 8, 17;
    %jmp T_0.64;
T_0.48 ;
    %movi 8, 130916, 17;
    %set/v v0x27fc970_0, 8, 17;
    %jmp T_0.64;
T_0.49 ;
    %movi 8, 6264, 17;
    %set/v v0x27fc970_0, 8, 17;
    %jmp T_0.64;
T_0.50 ;
    %movi 8, 12625, 17;
    %set/v v0x27fc970_0, 8, 17;
    %jmp T_0.64;
T_0.51 ;
    %movi 8, 18864, 17;
    %set/v v0x27fc970_0, 8, 17;
    %jmp T_0.64;
T_0.52 ;
    %movi 8, 24922, 17;
    %set/v v0x27fc970_0, 8, 17;
    %jmp T_0.64;
T_0.53 ;
    %movi 8, 30740, 17;
    %set/v v0x27fc970_0, 8, 17;
    %jmp T_0.64;
T_0.54 ;
    %movi 8, 36262, 17;
    %set/v v0x27fc970_0, 8, 17;
    %jmp T_0.64;
T_0.55 ;
    %movi 8, 41436, 17;
    %set/v v0x27fc970_0, 8, 17;
    %jmp T_0.64;
T_0.56 ;
    %movi 8, 46210, 17;
    %set/v v0x27fc970_0, 8, 17;
    %jmp T_0.64;
T_0.57 ;
    %movi 8, 50541, 17;
    %set/v v0x27fc970_0, 8, 17;
    %jmp T_0.64;
T_0.58 ;
    %movi 8, 54385, 17;
    %set/v v0x27fc970_0, 8, 17;
    %jmp T_0.64;
T_0.59 ;
    %movi 8, 57705, 17;
    %set/v v0x27fc970_0, 8, 17;
    %jmp T_0.64;
T_0.60 ;
    %movi 8, 60471, 17;
    %set/v v0x27fc970_0, 8, 17;
    %jmp T_0.64;
T_0.61 ;
    %movi 8, 62655, 17;
    %set/v v0x27fc970_0, 8, 17;
    %jmp T_0.64;
T_0.62 ;
    %movi 8, 64236, 17;
    %set/v v0x27fc970_0, 8, 17;
    %jmp T_0.64;
T_0.63 ;
    %movi 8, 65198, 17;
    %set/v v0x27fc970_0, 8, 17;
    %jmp T_0.64;
T_0.64 ;
    %end;
S_0x27fc630 .scope function, "func_k1_sin" "func_k1_sin" 3 139, 3 139, S_0x2738230;
 .timescale 0 0;
v0x27fc720_0 .var/s "func_k1_sin", 16 0;
v0x27fc7e0_0 .var "select", 6 0;
TD_test_radix4.adix4_batterfly_module.func_k1_sin ;
    %load/v 8, v0x27fc7e0_0, 7;
    %cmpi/u 8, 0, 7;
    %jmp/1 T_1.65, 6;
    %cmpi/u 8, 1, 7;
    %jmp/1 T_1.66, 6;
    %cmpi/u 8, 2, 7;
    %jmp/1 T_1.67, 6;
    %cmpi/u 8, 3, 7;
    %jmp/1 T_1.68, 6;
    %cmpi/u 8, 4, 7;
    %jmp/1 T_1.69, 6;
    %cmpi/u 8, 5, 7;
    %jmp/1 T_1.70, 6;
    %cmpi/u 8, 6, 7;
    %jmp/1 T_1.71, 6;
    %cmpi/u 8, 7, 7;
    %jmp/1 T_1.72, 6;
    %cmpi/u 8, 8, 7;
    %jmp/1 T_1.73, 6;
    %cmpi/u 8, 9, 7;
    %jmp/1 T_1.74, 6;
    %cmpi/u 8, 10, 7;
    %jmp/1 T_1.75, 6;
    %cmpi/u 8, 11, 7;
    %jmp/1 T_1.76, 6;
    %cmpi/u 8, 12, 7;
    %jmp/1 T_1.77, 6;
    %cmpi/u 8, 13, 7;
    %jmp/1 T_1.78, 6;
    %cmpi/u 8, 14, 7;
    %jmp/1 T_1.79, 6;
    %cmpi/u 8, 15, 7;
    %jmp/1 T_1.80, 6;
    %cmpi/u 8, 16, 7;
    %jmp/1 T_1.81, 6;
    %cmpi/u 8, 17, 7;
    %jmp/1 T_1.82, 6;
    %cmpi/u 8, 18, 7;
    %jmp/1 T_1.83, 6;
    %cmpi/u 8, 19, 7;
    %jmp/1 T_1.84, 6;
    %cmpi/u 8, 20, 7;
    %jmp/1 T_1.85, 6;
    %cmpi/u 8, 21, 7;
    %jmp/1 T_1.86, 6;
    %cmpi/u 8, 22, 7;
    %jmp/1 T_1.87, 6;
    %cmpi/u 8, 23, 7;
    %jmp/1 T_1.88, 6;
    %cmpi/u 8, 24, 7;
    %jmp/1 T_1.89, 6;
    %cmpi/u 8, 25, 7;
    %jmp/1 T_1.90, 6;
    %cmpi/u 8, 26, 7;
    %jmp/1 T_1.91, 6;
    %cmpi/u 8, 27, 7;
    %jmp/1 T_1.92, 6;
    %cmpi/u 8, 28, 7;
    %jmp/1 T_1.93, 6;
    %cmpi/u 8, 29, 7;
    %jmp/1 T_1.94, 6;
    %cmpi/u 8, 30, 7;
    %jmp/1 T_1.95, 6;
    %cmpi/u 8, 31, 7;
    %jmp/1 T_1.96, 6;
    %cmpi/u 8, 32, 7;
    %jmp/1 T_1.97, 6;
    %cmpi/u 8, 33, 7;
    %jmp/1 T_1.98, 6;
    %cmpi/u 8, 34, 7;
    %jmp/1 T_1.99, 6;
    %cmpi/u 8, 35, 7;
    %jmp/1 T_1.100, 6;
    %cmpi/u 8, 36, 7;
    %jmp/1 T_1.101, 6;
    %cmpi/u 8, 37, 7;
    %jmp/1 T_1.102, 6;
    %cmpi/u 8, 38, 7;
    %jmp/1 T_1.103, 6;
    %cmpi/u 8, 39, 7;
    %jmp/1 T_1.104, 6;
    %cmpi/u 8, 40, 7;
    %jmp/1 T_1.105, 6;
    %cmpi/u 8, 41, 7;
    %jmp/1 T_1.106, 6;
    %cmpi/u 8, 42, 7;
    %jmp/1 T_1.107, 6;
    %cmpi/u 8, 43, 7;
    %jmp/1 T_1.108, 6;
    %cmpi/u 8, 44, 7;
    %jmp/1 T_1.109, 6;
    %cmpi/u 8, 45, 7;
    %jmp/1 T_1.110, 6;
    %cmpi/u 8, 46, 7;
    %jmp/1 T_1.111, 6;
    %cmpi/u 8, 47, 7;
    %jmp/1 T_1.112, 6;
    %cmpi/u 8, 48, 7;
    %jmp/1 T_1.113, 6;
    %cmpi/u 8, 49, 7;
    %jmp/1 T_1.114, 6;
    %cmpi/u 8, 50, 7;
    %jmp/1 T_1.115, 6;
    %cmpi/u 8, 51, 7;
    %jmp/1 T_1.116, 6;
    %cmpi/u 8, 52, 7;
    %jmp/1 T_1.117, 6;
    %cmpi/u 8, 53, 7;
    %jmp/1 T_1.118, 6;
    %cmpi/u 8, 54, 7;
    %jmp/1 T_1.119, 6;
    %cmpi/u 8, 55, 7;
    %jmp/1 T_1.120, 6;
    %cmpi/u 8, 56, 7;
    %jmp/1 T_1.121, 6;
    %cmpi/u 8, 57, 7;
    %jmp/1 T_1.122, 6;
    %cmpi/u 8, 58, 7;
    %jmp/1 T_1.123, 6;
    %cmpi/u 8, 59, 7;
    %jmp/1 T_1.124, 6;
    %cmpi/u 8, 60, 7;
    %jmp/1 T_1.125, 6;
    %cmpi/u 8, 61, 7;
    %jmp/1 T_1.126, 6;
    %cmpi/u 8, 62, 7;
    %jmp/1 T_1.127, 6;
    %cmpi/u 8, 63, 7;
    %jmp/1 T_1.128, 6;
    %jmp T_1.129;
T_1.65 ;
    %set/v v0x27fc720_0, 0, 17;
    %jmp T_1.129;
T_1.66 ;
    %movi 8, 6420, 17;
    %set/v v0x27fc720_0, 8, 17;
    %jmp T_1.129;
T_1.67 ;
    %movi 8, 12778, 17;
    %set/v v0x27fc720_0, 8, 17;
    %jmp T_1.129;
T_1.68 ;
    %movi 8, 19014, 17;
    %set/v v0x27fc720_0, 8, 17;
    %jmp T_1.129;
T_1.69 ;
    %movi 8, 25067, 17;
    %set/v v0x27fc720_0, 8, 17;
    %jmp T_1.129;
T_1.70 ;
    %movi 8, 30878, 17;
    %set/v v0x27fc720_0, 8, 17;
    %jmp T_1.129;
T_1.71 ;
    %movi 8, 36393, 17;
    %set/v v0x27fc720_0, 8, 17;
    %jmp T_1.129;
T_1.72 ;
    %movi 8, 41557, 17;
    %set/v v0x27fc720_0, 8, 17;
    %jmp T_1.129;
T_1.73 ;
    %movi 8, 46321, 17;
    %set/v v0x27fc720_0, 8, 17;
    %jmp T_1.129;
T_1.74 ;
    %movi 8, 50640, 17;
    %set/v v0x27fc720_0, 8, 17;
    %jmp T_1.129;
T_1.75 ;
    %movi 8, 54472, 17;
    %set/v v0x27fc720_0, 8, 17;
    %jmp T_1.129;
T_1.76 ;
    %movi 8, 57779, 17;
    %set/v v0x27fc720_0, 8, 17;
    %jmp T_1.129;
T_1.77 ;
    %movi 8, 60531, 17;
    %set/v v0x27fc720_0, 8, 17;
    %jmp T_1.129;
T_1.78 ;
    %movi 8, 62700, 17;
    %set/v v0x27fc720_0, 8, 17;
    %jmp T_1.129;
T_1.79 ;
    %movi 8, 64266, 17;
    %set/v v0x27fc720_0, 8, 17;
    %jmp T_1.129;
T_1.80 ;
    %movi 8, 65214, 17;
    %set/v v0x27fc720_0, 8, 17;
    %jmp T_1.129;
T_1.81 ;
    %movi 8, 65534, 17;
    %set/v v0x27fc720_0, 8, 17;
    %jmp T_1.129;
T_1.82 ;
    %movi 8, 65224, 17;
    %set/v v0x27fc720_0, 8, 17;
    %jmp T_1.129;
T_1.83 ;
    %movi 8, 64287, 17;
    %set/v v0x27fc720_0, 8, 17;
    %jmp T_1.129;
T_1.84 ;
    %movi 8, 62731, 17;
    %set/v v0x27fc720_0, 8, 17;
    %jmp T_1.129;
T_1.85 ;
    %movi 8, 60571, 17;
    %set/v v0x27fc720_0, 8, 17;
    %jmp T_1.129;
T_1.86 ;
    %movi 8, 57828, 17;
    %set/v v0x27fc720_0, 8, 17;
    %jmp T_1.129;
T_1.87 ;
    %movi 8, 54530, 17;
    %set/v v0x27fc720_0, 8, 17;
    %jmp T_1.129;
T_1.88 ;
    %movi 8, 50706, 17;
    %set/v v0x27fc720_0, 8, 17;
    %jmp T_1.129;
T_1.89 ;
    %movi 8, 46395, 17;
    %set/v v0x27fc720_0, 8, 17;
    %jmp T_1.129;
T_1.90 ;
    %movi 8, 41637, 17;
    %set/v v0x27fc720_0, 8, 17;
    %jmp T_1.129;
T_1.91 ;
    %movi 8, 36479, 17;
    %set/v v0x27fc720_0, 8, 17;
    %jmp T_1.129;
T_1.92 ;
    %movi 8, 30970, 17;
    %set/v v0x27fc720_0, 8, 17;
    %jmp T_1.129;
T_1.93 ;
    %movi 8, 25163, 17;
    %set/v v0x27fc720_0, 8, 17;
    %jmp T_1.129;
T_1.94 ;
    %movi 8, 19114, 17;
    %set/v v0x27fc720_0, 8, 17;
    %jmp T_1.129;
T_1.95 ;
    %movi 8, 12881, 17;
    %set/v v0x27fc720_0, 8, 17;
    %jmp T_1.129;
T_1.96 ;
    %movi 8, 6524, 17;
    %set/v v0x27fc720_0, 8, 17;
    %jmp T_1.129;
T_1.97 ;
    %movi 8, 104, 17;
    %set/v v0x27fc720_0, 8, 17;
    %jmp T_1.129;
T_1.98 ;
    %movi 8, 124756, 17;
    %set/v v0x27fc720_0, 8, 17;
    %jmp T_1.129;
T_1.99 ;
    %movi 8, 118396, 17;
    %set/v v0x27fc720_0, 8, 17;
    %jmp T_1.129;
T_1.100 ;
    %movi 8, 112158, 17;
    %set/v v0x27fc720_0, 8, 17;
    %jmp T_1.129;
T_1.101 ;
    %movi 8, 106102, 17;
    %set/v v0x27fc720_0, 8, 17;
    %jmp T_1.129;
T_1.102 ;
    %movi 8, 100286, 17;
    %set/v v0x27fc720_0, 8, 17;
    %jmp T_1.129;
T_1.103 ;
    %movi 8, 94766, 17;
    %set/v v0x27fc720_0, 8, 17;
    %jmp T_1.129;
T_1.104 ;
    %movi 8, 89596, 17;
    %set/v v0x27fc720_0, 8, 17;
    %jmp T_1.129;
T_1.105 ;
    %movi 8, 84825, 17;
    %set/v v0x27fc720_0, 8, 17;
    %jmp T_1.129;
T_1.106 ;
    %movi 8, 80498, 17;
    %set/v v0x27fc720_0, 8, 17;
    %jmp T_1.129;
T_1.107 ;
    %movi 8, 76658, 17;
    %set/v v0x27fc720_0, 8, 17;
    %jmp T_1.129;
T_1.108 ;
    %movi 8, 73342, 17;
    %set/v v0x27fc720_0, 8, 17;
    %jmp T_1.129;
T_1.109 ;
    %movi 8, 70581, 17;
    %set/v v0x27fc720_0, 8, 17;
    %jmp T_1.129;
T_1.110 ;
    %movi 8, 68402, 17;
    %set/v v0x27fc720_0, 8, 17;
    %jmp T_1.129;
T_1.111 ;
    %movi 8, 66826, 17;
    %set/v v0x27fc720_0, 8, 17;
    %jmp T_1.129;
T_1.112 ;
    %movi 8, 65868, 17;
    %set/v v0x27fc720_0, 8, 17;
    %jmp T_1.129;
T_1.113 ;
    %movi 8, 65538, 17;
    %set/v v0x27fc720_0, 8, 17;
    %jmp T_1.129;
T_1.114 ;
    %movi 8, 65838, 17;
    %set/v v0x27fc720_0, 8, 17;
    %jmp T_1.129;
T_1.115 ;
    %movi 8, 66765, 17;
    %set/v v0x27fc720_0, 8, 17;
    %jmp T_1.129;
T_1.116 ;
    %movi 8, 68311, 17;
    %set/v v0x27fc720_0, 8, 17;
    %jmp T_1.129;
T_1.117 ;
    %movi 8, 70461, 17;
    %set/v v0x27fc720_0, 8, 17;
    %jmp T_1.129;
T_1.118 ;
    %movi 8, 73195, 17;
    %set/v v0x27fc720_0, 8, 17;
    %jmp T_1.129;
T_1.119 ;
    %movi 8, 76484, 17;
    %set/v v0x27fc720_0, 8, 17;
    %jmp T_1.129;
T_1.120 ;
    %movi 8, 80300, 17;
    %set/v v0x27fc720_0, 8, 17;
    %jmp T_1.129;
T_1.121 ;
    %movi 8, 84603, 17;
    %set/v v0x27fc720_0, 8, 17;
    %jmp T_1.129;
T_1.122 ;
    %movi 8, 89354, 17;
    %set/v v0x27fc720_0, 8, 17;
    %jmp T_1.129;
T_1.123 ;
    %movi 8, 94506, 17;
    %set/v v0x27fc720_0, 8, 17;
    %jmp T_1.129;
T_1.124 ;
    %movi 8, 100010, 17;
    %set/v v0x27fc720_0, 8, 17;
    %jmp T_1.129;
T_1.125 ;
    %movi 8, 105813, 17;
    %set/v v0x27fc720_0, 8, 17;
    %jmp T_1.129;
T_1.126 ;
    %movi 8, 111858, 17;
    %set/v v0x27fc720_0, 8, 17;
    %jmp T_1.129;
T_1.127 ;
    %movi 8, 118089, 17;
    %set/v v0x27fc720_0, 8, 17;
    %jmp T_1.129;
T_1.128 ;
    %movi 8, 124444, 17;
    %set/v v0x27fc720_0, 8, 17;
    %jmp T_1.129;
T_1.129 ;
    %end;
S_0x27fc3e0 .scope function, "func_k2_cos" "func_k2_cos" 3 355, 3 355, S_0x2738230;
 .timescale 0 0;
v0x27fc4d0_0 .var "func_k2_cos", 16 0;
v0x27fc590_0 .var "select", 6 0;
TD_test_radix4.adix4_batterfly_module.func_k2_cos ;
    %load/v 8, v0x27fc590_0, 7;
    %cmpi/u 8, 0, 7;
    %jmp/1 T_2.130, 6;
    %cmpi/u 8, 1, 7;
    %jmp/1 T_2.131, 6;
    %cmpi/u 8, 2, 7;
    %jmp/1 T_2.132, 6;
    %cmpi/u 8, 3, 7;
    %jmp/1 T_2.133, 6;
    %cmpi/u 8, 4, 7;
    %jmp/1 T_2.134, 6;
    %cmpi/u 8, 5, 7;
    %jmp/1 T_2.135, 6;
    %cmpi/u 8, 6, 7;
    %jmp/1 T_2.136, 6;
    %cmpi/u 8, 7, 7;
    %jmp/1 T_2.137, 6;
    %cmpi/u 8, 8, 7;
    %jmp/1 T_2.138, 6;
    %cmpi/u 8, 9, 7;
    %jmp/1 T_2.139, 6;
    %cmpi/u 8, 10, 7;
    %jmp/1 T_2.140, 6;
    %cmpi/u 8, 11, 7;
    %jmp/1 T_2.141, 6;
    %cmpi/u 8, 12, 7;
    %jmp/1 T_2.142, 6;
    %cmpi/u 8, 13, 7;
    %jmp/1 T_2.143, 6;
    %cmpi/u 8, 14, 7;
    %jmp/1 T_2.144, 6;
    %cmpi/u 8, 15, 7;
    %jmp/1 T_2.145, 6;
    %cmpi/u 8, 16, 7;
    %jmp/1 T_2.146, 6;
    %cmpi/u 8, 17, 7;
    %jmp/1 T_2.147, 6;
    %cmpi/u 8, 18, 7;
    %jmp/1 T_2.148, 6;
    %cmpi/u 8, 19, 7;
    %jmp/1 T_2.149, 6;
    %cmpi/u 8, 20, 7;
    %jmp/1 T_2.150, 6;
    %cmpi/u 8, 21, 7;
    %jmp/1 T_2.151, 6;
    %cmpi/u 8, 22, 7;
    %jmp/1 T_2.152, 6;
    %cmpi/u 8, 23, 7;
    %jmp/1 T_2.153, 6;
    %cmpi/u 8, 24, 7;
    %jmp/1 T_2.154, 6;
    %cmpi/u 8, 25, 7;
    %jmp/1 T_2.155, 6;
    %cmpi/u 8, 26, 7;
    %jmp/1 T_2.156, 6;
    %cmpi/u 8, 27, 7;
    %jmp/1 T_2.157, 6;
    %cmpi/u 8, 28, 7;
    %jmp/1 T_2.158, 6;
    %cmpi/u 8, 29, 7;
    %jmp/1 T_2.159, 6;
    %cmpi/u 8, 30, 7;
    %jmp/1 T_2.160, 6;
    %cmpi/u 8, 31, 7;
    %jmp/1 T_2.161, 6;
    %cmpi/u 8, 32, 7;
    %jmp/1 T_2.162, 6;
    %cmpi/u 8, 33, 7;
    %jmp/1 T_2.163, 6;
    %cmpi/u 8, 34, 7;
    %jmp/1 T_2.164, 6;
    %cmpi/u 8, 35, 7;
    %jmp/1 T_2.165, 6;
    %cmpi/u 8, 36, 7;
    %jmp/1 T_2.166, 6;
    %cmpi/u 8, 37, 7;
    %jmp/1 T_2.167, 6;
    %cmpi/u 8, 38, 7;
    %jmp/1 T_2.168, 6;
    %cmpi/u 8, 39, 7;
    %jmp/1 T_2.169, 6;
    %cmpi/u 8, 40, 7;
    %jmp/1 T_2.170, 6;
    %cmpi/u 8, 41, 7;
    %jmp/1 T_2.171, 6;
    %cmpi/u 8, 42, 7;
    %jmp/1 T_2.172, 6;
    %cmpi/u 8, 43, 7;
    %jmp/1 T_2.173, 6;
    %cmpi/u 8, 44, 7;
    %jmp/1 T_2.174, 6;
    %cmpi/u 8, 45, 7;
    %jmp/1 T_2.175, 6;
    %cmpi/u 8, 46, 7;
    %jmp/1 T_2.176, 6;
    %cmpi/u 8, 47, 7;
    %jmp/1 T_2.177, 6;
    %cmpi/u 8, 48, 7;
    %jmp/1 T_2.178, 6;
    %cmpi/u 8, 49, 7;
    %jmp/1 T_2.179, 6;
    %cmpi/u 8, 50, 7;
    %jmp/1 T_2.180, 6;
    %cmpi/u 8, 51, 7;
    %jmp/1 T_2.181, 6;
    %cmpi/u 8, 52, 7;
    %jmp/1 T_2.182, 6;
    %cmpi/u 8, 53, 7;
    %jmp/1 T_2.183, 6;
    %cmpi/u 8, 54, 7;
    %jmp/1 T_2.184, 6;
    %cmpi/u 8, 55, 7;
    %jmp/1 T_2.185, 6;
    %cmpi/u 8, 56, 7;
    %jmp/1 T_2.186, 6;
    %cmpi/u 8, 57, 7;
    %jmp/1 T_2.187, 6;
    %cmpi/u 8, 58, 7;
    %jmp/1 T_2.188, 6;
    %cmpi/u 8, 59, 7;
    %jmp/1 T_2.189, 6;
    %cmpi/u 8, 60, 7;
    %jmp/1 T_2.190, 6;
    %cmpi/u 8, 61, 7;
    %jmp/1 T_2.191, 6;
    %cmpi/u 8, 62, 7;
    %jmp/1 T_2.192, 6;
    %cmpi/u 8, 63, 7;
    %jmp/1 T_2.193, 6;
    %jmp T_2.194;
T_2.130 ;
    %movi 8, 65535, 17;
    %set/v v0x27fc4d0_0, 8, 17;
    %jmp T_2.194;
T_2.131 ;
    %movi 8, 65527, 17;
    %set/v v0x27fc4d0_0, 8, 17;
    %jmp T_2.194;
T_2.132 ;
    %movi 8, 65503, 17;
    %set/v v0x27fc4d0_0, 8, 17;
    %jmp T_2.194;
T_2.133 ;
    %movi 8, 65463, 17;
    %set/v v0x27fc4d0_0, 8, 17;
    %jmp T_2.194;
T_2.134 ;
    %movi 8, 65407, 17;
    %set/v v0x27fc4d0_0, 8, 17;
    %jmp T_2.194;
T_2.135 ;
    %movi 8, 65335, 17;
    %set/v v0x27fc4d0_0, 8, 17;
    %jmp T_2.194;
T_2.136 ;
    %movi 8, 65247, 17;
    %set/v v0x27fc4d0_0, 8, 17;
    %jmp T_2.194;
T_2.137 ;
    %movi 8, 65143, 17;
    %set/v v0x27fc4d0_0, 8, 17;
    %jmp T_2.194;
T_2.138 ;
    %movi 8, 65023, 17;
    %set/v v0x27fc4d0_0, 8, 17;
    %jmp T_2.194;
T_2.139 ;
    %movi 8, 64888, 17;
    %set/v v0x27fc4d0_0, 8, 17;
    %jmp T_2.194;
T_2.140 ;
    %movi 8, 64736, 17;
    %set/v v0x27fc4d0_0, 8, 17;
    %jmp T_2.194;
T_2.141 ;
    %movi 8, 64569, 17;
    %set/v v0x27fc4d0_0, 8, 17;
    %jmp T_2.194;
T_2.142 ;
    %movi 8, 64386, 17;
    %set/v v0x27fc4d0_0, 8, 17;
    %jmp T_2.194;
T_2.143 ;
    %movi 8, 64187, 17;
    %set/v v0x27fc4d0_0, 8, 17;
    %jmp T_2.194;
T_2.144 ;
    %movi 8, 63973, 17;
    %set/v v0x27fc4d0_0, 8, 17;
    %jmp T_2.194;
T_2.145 ;
    %movi 8, 63743, 17;
    %set/v v0x27fc4d0_0, 8, 17;
    %jmp T_2.194;
T_2.146 ;
    %movi 8, 63497, 17;
    %set/v v0x27fc4d0_0, 8, 17;
    %jmp T_2.194;
T_2.147 ;
    %movi 8, 63236, 17;
    %set/v v0x27fc4d0_0, 8, 17;
    %jmp T_2.194;
T_2.148 ;
    %movi 8, 62960, 17;
    %set/v v0x27fc4d0_0, 8, 17;
    %jmp T_2.194;
T_2.149 ;
    %movi 8, 62668, 17;
    %set/v v0x27fc4d0_0, 8, 17;
    %jmp T_2.194;
T_2.150 ;
    %movi 8, 62361, 17;
    %set/v v0x27fc4d0_0, 8, 17;
    %jmp T_2.194;
T_2.151 ;
    %movi 8, 62038, 17;
    %set/v v0x27fc4d0_0, 8, 17;
    %jmp T_2.194;
T_2.152 ;
    %movi 8, 61701, 17;
    %set/v v0x27fc4d0_0, 8, 17;
    %jmp T_2.194;
T_2.153 ;
    %movi 8, 61348, 17;
    %set/v v0x27fc4d0_0, 8, 17;
    %jmp T_2.194;
T_2.154 ;
    %movi 8, 60980, 17;
    %set/v v0x27fc4d0_0, 8, 17;
    %jmp T_2.194;
T_2.155 ;
    %movi 8, 60598, 17;
    %set/v v0x27fc4d0_0, 8, 17;
    %jmp T_2.194;
T_2.156 ;
    %movi 8, 60201, 17;
    %set/v v0x27fc4d0_0, 8, 17;
    %jmp T_2.194;
T_2.157 ;
    %movi 8, 59789, 17;
    %set/v v0x27fc4d0_0, 8, 17;
    %jmp T_2.194;
T_2.158 ;
    %movi 8, 59362, 17;
    %set/v v0x27fc4d0_0, 8, 17;
    %jmp T_2.194;
T_2.159 ;
    %movi 8, 58921, 17;
    %set/v v0x27fc4d0_0, 8, 17;
    %jmp T_2.194;
T_2.160 ;
    %movi 8, 58465, 17;
    %set/v v0x27fc4d0_0, 8, 17;
    %jmp T_2.194;
T_2.161 ;
    %movi 8, 57996, 17;
    %set/v v0x27fc4d0_0, 8, 17;
    %jmp T_2.194;
T_2.162 ;
    %movi 8, 57512, 17;
    %set/v v0x27fc4d0_0, 8, 17;
    %jmp T_2.194;
T_2.163 ;
    %movi 8, 57014, 17;
    %set/v v0x27fc4d0_0, 8, 17;
    %jmp T_2.194;
T_2.164 ;
    %movi 8, 56502, 17;
    %set/v v0x27fc4d0_0, 8, 17;
    %jmp T_2.194;
T_2.165 ;
    %movi 8, 55976, 17;
    %set/v v0x27fc4d0_0, 8, 17;
    %jmp T_2.194;
T_2.166 ;
    %movi 8, 55437, 17;
    %set/v v0x27fc4d0_0, 8, 17;
    %jmp T_2.194;
T_2.167 ;
    %movi 8, 54884, 17;
    %set/v v0x27fc4d0_0, 8, 17;
    %jmp T_2.194;
T_2.168 ;
    %movi 8, 54318, 17;
    %set/v v0x27fc4d0_0, 8, 17;
    %jmp T_2.194;
T_2.169 ;
    %movi 8, 53739, 17;
    %set/v v0x27fc4d0_0, 8, 17;
    %jmp T_2.194;
T_2.170 ;
    %movi 8, 53146, 17;
    %set/v v0x27fc4d0_0, 8, 17;
    %jmp T_2.194;
T_2.171 ;
    %movi 8, 52540, 17;
    %set/v v0x27fc4d0_0, 8, 17;
    %jmp T_2.194;
T_2.172 ;
    %movi 8, 51922, 17;
    %set/v v0x27fc4d0_0, 8, 17;
    %jmp T_2.194;
T_2.173 ;
    %movi 8, 51291, 17;
    %set/v v0x27fc4d0_0, 8, 17;
    %jmp T_2.194;
T_2.174 ;
    %movi 8, 50647, 17;
    %set/v v0x27fc4d0_0, 8, 17;
    %jmp T_2.194;
T_2.175 ;
    %movi 8, 49991, 17;
    %set/v v0x27fc4d0_0, 8, 17;
    %jmp T_2.194;
T_2.176 ;
    %movi 8, 49323, 17;
    %set/v v0x27fc4d0_0, 8, 17;
    %jmp T_2.194;
T_2.177 ;
    %movi 8, 48643, 17;
    %set/v v0x27fc4d0_0, 8, 17;
    %jmp T_2.194;
T_2.178 ;
    %movi 8, 47951, 17;
    %set/v v0x27fc4d0_0, 8, 17;
    %jmp T_2.194;
T_2.179 ;
    %movi 8, 47247, 17;
    %set/v v0x27fc4d0_0, 8, 17;
    %jmp T_2.194;
T_2.180 ;
    %movi 8, 46532, 17;
    %set/v v0x27fc4d0_0, 8, 17;
    %jmp T_2.194;
T_2.181 ;
    %movi 8, 45805, 17;
    %set/v v0x27fc4d0_0, 8, 17;
    %jmp T_2.194;
T_2.182 ;
    %movi 8, 45067, 17;
    %set/v v0x27fc4d0_0, 8, 17;
    %jmp T_2.194;
T_2.183 ;
    %movi 8, 44318, 17;
    %set/v v0x27fc4d0_0, 8, 17;
    %jmp T_2.194;
T_2.184 ;
    %movi 8, 43558, 17;
    %set/v v0x27fc4d0_0, 8, 17;
    %jmp T_2.194;
T_2.185 ;
    %movi 8, 42788, 17;
    %set/v v0x27fc4d0_0, 8, 17;
    %jmp T_2.194;
T_2.186 ;
    %movi 8, 42007, 17;
    %set/v v0x27fc4d0_0, 8, 17;
    %jmp T_2.194;
T_2.187 ;
    %movi 8, 41216, 17;
    %set/v v0x27fc4d0_0, 8, 17;
    %jmp T_2.194;
T_2.188 ;
    %movi 8, 40415, 17;
    %set/v v0x27fc4d0_0, 8, 17;
    %jmp T_2.194;
T_2.189 ;
    %movi 8, 39604, 17;
    %set/v v0x27fc4d0_0, 8, 17;
    %jmp T_2.194;
T_2.190 ;
    %movi 8, 38783, 17;
    %set/v v0x27fc4d0_0, 8, 17;
    %jmp T_2.194;
T_2.191 ;
    %movi 8, 37953, 17;
    %set/v v0x27fc4d0_0, 8, 17;
    %jmp T_2.194;
T_2.192 ;
    %movi 8, 37114, 17;
    %set/v v0x27fc4d0_0, 8, 17;
    %jmp T_2.194;
T_2.193 ;
    %movi 8, 36266, 17;
    %set/v v0x27fc4d0_0, 8, 17;
    %jmp T_2.194;
T_2.194 ;
    %end;
S_0x27fc190 .scope function, "func_k2_sin" "func_k2_sin" 3 283, 3 283, S_0x2738230;
 .timescale 0 0;
v0x27fc280_0 .var "func_k2_sin", 16 0;
v0x27fc340_0 .var "select", 6 0;
TD_test_radix4.adix4_batterfly_module.func_k2_sin ;
    %load/v 8, v0x27fc340_0, 7;
    %cmpi/u 8, 0, 7;
    %jmp/1 T_3.195, 6;
    %cmpi/u 8, 1, 7;
    %jmp/1 T_3.196, 6;
    %cmpi/u 8, 2, 7;
    %jmp/1 T_3.197, 6;
    %cmpi/u 8, 3, 7;
    %jmp/1 T_3.198, 6;
    %cmpi/u 8, 4, 7;
    %jmp/1 T_3.199, 6;
    %cmpi/u 8, 5, 7;
    %jmp/1 T_3.200, 6;
    %cmpi/u 8, 6, 7;
    %jmp/1 T_3.201, 6;
    %cmpi/u 8, 7, 7;
    %jmp/1 T_3.202, 6;
    %cmpi/u 8, 8, 7;
    %jmp/1 T_3.203, 6;
    %cmpi/u 8, 9, 7;
    %jmp/1 T_3.204, 6;
    %cmpi/u 8, 10, 7;
    %jmp/1 T_3.205, 6;
    %cmpi/u 8, 11, 7;
    %jmp/1 T_3.206, 6;
    %cmpi/u 8, 12, 7;
    %jmp/1 T_3.207, 6;
    %cmpi/u 8, 13, 7;
    %jmp/1 T_3.208, 6;
    %cmpi/u 8, 14, 7;
    %jmp/1 T_3.209, 6;
    %cmpi/u 8, 15, 7;
    %jmp/1 T_3.210, 6;
    %cmpi/u 8, 16, 7;
    %jmp/1 T_3.211, 6;
    %cmpi/u 8, 17, 7;
    %jmp/1 T_3.212, 6;
    %cmpi/u 8, 18, 7;
    %jmp/1 T_3.213, 6;
    %cmpi/u 8, 19, 7;
    %jmp/1 T_3.214, 6;
    %cmpi/u 8, 20, 7;
    %jmp/1 T_3.215, 6;
    %cmpi/u 8, 21, 7;
    %jmp/1 T_3.216, 6;
    %cmpi/u 8, 22, 7;
    %jmp/1 T_3.217, 6;
    %cmpi/u 8, 23, 7;
    %jmp/1 T_3.218, 6;
    %cmpi/u 8, 24, 7;
    %jmp/1 T_3.219, 6;
    %cmpi/u 8, 25, 7;
    %jmp/1 T_3.220, 6;
    %cmpi/u 8, 26, 7;
    %jmp/1 T_3.221, 6;
    %cmpi/u 8, 27, 7;
    %jmp/1 T_3.222, 6;
    %cmpi/u 8, 28, 7;
    %jmp/1 T_3.223, 6;
    %cmpi/u 8, 29, 7;
    %jmp/1 T_3.224, 6;
    %cmpi/u 8, 30, 7;
    %jmp/1 T_3.225, 6;
    %cmpi/u 8, 31, 7;
    %jmp/1 T_3.226, 6;
    %cmpi/u 8, 32, 7;
    %jmp/1 T_3.227, 6;
    %cmpi/u 8, 33, 7;
    %jmp/1 T_3.228, 6;
    %cmpi/u 8, 34, 7;
    %jmp/1 T_3.229, 6;
    %cmpi/u 8, 35, 7;
    %jmp/1 T_3.230, 6;
    %cmpi/u 8, 36, 7;
    %jmp/1 T_3.231, 6;
    %cmpi/u 8, 37, 7;
    %jmp/1 T_3.232, 6;
    %cmpi/u 8, 38, 7;
    %jmp/1 T_3.233, 6;
    %cmpi/u 8, 39, 7;
    %jmp/1 T_3.234, 6;
    %cmpi/u 8, 40, 7;
    %jmp/1 T_3.235, 6;
    %cmpi/u 8, 41, 7;
    %jmp/1 T_3.236, 6;
    %cmpi/u 8, 42, 7;
    %jmp/1 T_3.237, 6;
    %cmpi/u 8, 43, 7;
    %jmp/1 T_3.238, 6;
    %cmpi/u 8, 44, 7;
    %jmp/1 T_3.239, 6;
    %cmpi/u 8, 45, 7;
    %jmp/1 T_3.240, 6;
    %cmpi/u 8, 46, 7;
    %jmp/1 T_3.241, 6;
    %cmpi/u 8, 47, 7;
    %jmp/1 T_3.242, 6;
    %cmpi/u 8, 48, 7;
    %jmp/1 T_3.243, 6;
    %cmpi/u 8, 49, 7;
    %jmp/1 T_3.244, 6;
    %cmpi/u 8, 50, 7;
    %jmp/1 T_3.245, 6;
    %cmpi/u 8, 51, 7;
    %jmp/1 T_3.246, 6;
    %cmpi/u 8, 52, 7;
    %jmp/1 T_3.247, 6;
    %cmpi/u 8, 53, 7;
    %jmp/1 T_3.248, 6;
    %cmpi/u 8, 54, 7;
    %jmp/1 T_3.249, 6;
    %cmpi/u 8, 55, 7;
    %jmp/1 T_3.250, 6;
    %cmpi/u 8, 56, 7;
    %jmp/1 T_3.251, 6;
    %cmpi/u 8, 57, 7;
    %jmp/1 T_3.252, 6;
    %cmpi/u 8, 58, 7;
    %jmp/1 T_3.253, 6;
    %cmpi/u 8, 59, 7;
    %jmp/1 T_3.254, 6;
    %cmpi/u 8, 60, 7;
    %jmp/1 T_3.255, 6;
    %cmpi/u 8, 61, 7;
    %jmp/1 T_3.256, 6;
    %cmpi/u 8, 62, 7;
    %jmp/1 T_3.257, 6;
    %cmpi/u 8, 63, 7;
    %jmp/1 T_3.258, 6;
    %jmp T_3.259;
T_3.195 ;
    %set/v v0x27fc280_0, 0, 17;
    %jmp T_3.259;
T_3.196 ;
    %movi 8, 1023, 17;
    %set/v v0x27fc280_0, 8, 17;
    %jmp T_3.259;
T_3.197 ;
    %movi 8, 2047, 17;
    %set/v v0x27fc280_0, 8, 17;
    %jmp T_3.259;
T_3.198 ;
    %movi 8, 3070, 17;
    %set/v v0x27fc280_0, 8, 17;
    %jmp T_3.259;
T_3.199 ;
    %movi 8, 4093, 17;
    %set/v v0x27fc280_0, 8, 17;
    %jmp T_3.259;
T_3.200 ;
    %movi 8, 5114, 17;
    %set/v v0x27fc280_0, 8, 17;
    %jmp T_3.259;
T_3.201 ;
    %movi 8, 6134, 17;
    %set/v v0x27fc280_0, 8, 17;
    %jmp T_3.259;
T_3.202 ;
    %movi 8, 7153, 17;
    %set/v v0x27fc280_0, 8, 17;
    %jmp T_3.259;
T_3.203 ;
    %movi 8, 8170, 17;
    %set/v v0x27fc280_0, 8, 17;
    %jmp T_3.259;
T_3.204 ;
    %movi 8, 9185, 17;
    %set/v v0x27fc280_0, 8, 17;
    %jmp T_3.259;
T_3.205 ;
    %movi 8, 10198, 17;
    %set/v v0x27fc280_0, 8, 17;
    %jmp T_3.259;
T_3.206 ;
    %movi 8, 11208, 17;
    %set/v v0x27fc280_0, 8, 17;
    %jmp T_3.259;
T_3.207 ;
    %movi 8, 12215, 17;
    %set/v v0x27fc280_0, 8, 17;
    %jmp T_3.259;
T_3.208 ;
    %movi 8, 13220, 17;
    %set/v v0x27fc280_0, 8, 17;
    %jmp T_3.259;
T_3.209 ;
    %movi 8, 14221, 17;
    %set/v v0x27fc280_0, 8, 17;
    %jmp T_3.259;
T_3.210 ;
    %movi 8, 15219, 17;
    %set/v v0x27fc280_0, 8, 17;
    %jmp T_3.259;
T_3.211 ;
    %movi 8, 16213, 17;
    %set/v v0x27fc280_0, 8, 17;
    %jmp T_3.259;
T_3.212 ;
    %movi 8, 17203, 17;
    %set/v v0x27fc280_0, 8, 17;
    %jmp T_3.259;
T_3.213 ;
    %movi 8, 18189, 17;
    %set/v v0x27fc280_0, 8, 17;
    %jmp T_3.259;
T_3.214 ;
    %movi 8, 19171, 17;
    %set/v v0x27fc280_0, 8, 17;
    %jmp T_3.259;
T_3.215 ;
    %movi 8, 20147, 17;
    %set/v v0x27fc280_0, 8, 17;
    %jmp T_3.259;
T_3.216 ;
    %movi 8, 21119, 17;
    %set/v v0x27fc280_0, 8, 17;
    %jmp T_3.259;
T_3.217 ;
    %movi 8, 22086, 17;
    %set/v v0x27fc280_0, 8, 17;
    %jmp T_3.259;
T_3.218 ;
    %movi 8, 23047, 17;
    %set/v v0x27fc280_0, 8, 17;
    %jmp T_3.259;
T_3.219 ;
    %movi 8, 24003, 17;
    %set/v v0x27fc280_0, 8, 17;
    %jmp T_3.259;
T_3.220 ;
    %movi 8, 24953, 17;
    %set/v v0x27fc280_0, 8, 17;
    %jmp T_3.259;
T_3.221 ;
    %movi 8, 25897, 17;
    %set/v v0x27fc280_0, 8, 17;
    %jmp T_3.259;
T_3.222 ;
    %movi 8, 26834, 17;
    %set/v v0x27fc280_0, 8, 17;
    %jmp T_3.259;
T_3.223 ;
    %movi 8, 27765, 17;
    %set/v v0x27fc280_0, 8, 17;
    %jmp T_3.259;
T_3.224 ;
    %movi 8, 28689, 17;
    %set/v v0x27fc280_0, 8, 17;
    %jmp T_3.259;
T_3.225 ;
    %movi 8, 29606, 17;
    %set/v v0x27fc280_0, 8, 17;
    %jmp T_3.259;
T_3.226 ;
    %movi 8, 30516, 17;
    %set/v v0x27fc280_0, 8, 17;
    %jmp T_3.259;
T_3.227 ;
    %movi 8, 31419, 17;
    %set/v v0x27fc280_0, 8, 17;
    %jmp T_3.259;
T_3.228 ;
    %movi 8, 32313, 17;
    %set/v v0x27fc280_0, 8, 17;
    %jmp T_3.259;
T_3.229 ;
    %movi 8, 33200, 17;
    %set/v v0x27fc280_0, 8, 17;
    %jmp T_3.259;
T_3.230 ;
    %movi 8, 34079, 17;
    %set/v v0x27fc280_0, 8, 17;
    %jmp T_3.259;
T_3.231 ;
    %movi 8, 34949, 17;
    %set/v v0x27fc280_0, 8, 17;
    %jmp T_3.259;
T_3.232 ;
    %movi 8, 35811, 17;
    %set/v v0x27fc280_0, 8, 17;
    %jmp T_3.259;
T_3.233 ;
    %movi 8, 36665, 17;
    %set/v v0x27fc280_0, 8, 17;
    %jmp T_3.259;
T_3.234 ;
    %movi 8, 37509, 17;
    %set/v v0x27fc280_0, 8, 17;
    %jmp T_3.259;
T_3.235 ;
    %movi 8, 38344, 17;
    %set/v v0x27fc280_0, 8, 17;
    %jmp T_3.259;
T_3.236 ;
    %movi 8, 39170, 17;
    %set/v v0x27fc280_0, 8, 17;
    %jmp T_3.259;
T_3.237 ;
    %movi 8, 39986, 17;
    %set/v v0x27fc280_0, 8, 17;
    %jmp T_3.259;
T_3.238 ;
    %movi 8, 40792, 17;
    %set/v v0x27fc280_0, 8, 17;
    %jmp T_3.259;
T_3.239 ;
    %movi 8, 41588, 17;
    %set/v v0x27fc280_0, 8, 17;
    %jmp T_3.259;
T_3.240 ;
    %movi 8, 42375, 17;
    %set/v v0x27fc280_0, 8, 17;
    %jmp T_3.259;
T_3.241 ;
    %movi 8, 43151, 17;
    %set/v v0x27fc280_0, 8, 17;
    %jmp T_3.259;
T_3.242 ;
    %movi 8, 43916, 17;
    %set/v v0x27fc280_0, 8, 17;
    %jmp T_3.259;
T_3.243 ;
    %movi 8, 44671, 17;
    %set/v v0x27fc280_0, 8, 17;
    %jmp T_3.259;
T_3.244 ;
    %movi 8, 45414, 17;
    %set/v v0x27fc280_0, 8, 17;
    %jmp T_3.259;
T_3.245 ;
    %movi 8, 46147, 17;
    %set/v v0x27fc280_0, 8, 17;
    %jmp T_3.259;
T_3.246 ;
    %movi 8, 46869, 17;
    %set/v v0x27fc280_0, 8, 17;
    %jmp T_3.259;
T_3.247 ;
    %movi 8, 47578, 17;
    %set/v v0x27fc280_0, 8, 17;
    %jmp T_3.259;
T_3.248 ;
    %movi 8, 48277, 17;
    %set/v v0x27fc280_0, 8, 17;
    %jmp T_3.259;
T_3.249 ;
    %movi 8, 48963, 17;
    %set/v v0x27fc280_0, 8, 17;
    %jmp T_3.259;
T_3.250 ;
    %movi 8, 49638, 17;
    %set/v v0x27fc280_0, 8, 17;
    %jmp T_3.259;
T_3.251 ;
    %movi 8, 50300, 17;
    %set/v v0x27fc280_0, 8, 17;
    %jmp T_3.259;
T_3.252 ;
    %movi 8, 50951, 17;
    %set/v v0x27fc280_0, 8, 17;
    %jmp T_3.259;
T_3.253 ;
    %movi 8, 51588, 17;
    %set/v v0x27fc280_0, 8, 17;
    %jmp T_3.259;
T_3.254 ;
    %movi 8, 52214, 17;
    %set/v v0x27fc280_0, 8, 17;
    %jmp T_3.259;
T_3.255 ;
    %movi 8, 52826, 17;
    %set/v v0x27fc280_0, 8, 17;
    %jmp T_3.259;
T_3.256 ;
    %movi 8, 53426, 17;
    %set/v v0x27fc280_0, 8, 17;
    %jmp T_3.259;
T_3.257 ;
    %movi 8, 54012, 17;
    %set/v v0x27fc280_0, 8, 17;
    %jmp T_3.259;
T_3.258 ;
    %movi 8, 54585, 17;
    %set/v v0x27fc280_0, 8, 17;
    %jmp T_3.259;
T_3.259 ;
    %end;
S_0x27fbf40 .scope function, "func_k3_cos" "func_k3_cos" 3 499, 3 499, S_0x2738230;
 .timescale 0 0;
v0x27fc030_0 .var "func_k3_cos", 16 0;
v0x27fc0f0_0 .var "select", 6 0;
TD_test_radix4.adix4_batterfly_module.func_k3_cos ;
    %load/v 8, v0x27fc0f0_0, 7;
    %cmpi/u 8, 0, 7;
    %jmp/1 T_4.260, 6;
    %cmpi/u 8, 1, 7;
    %jmp/1 T_4.261, 6;
    %cmpi/u 8, 2, 7;
    %jmp/1 T_4.262, 6;
    %cmpi/u 8, 3, 7;
    %jmp/1 T_4.263, 6;
    %cmpi/u 8, 4, 7;
    %jmp/1 T_4.264, 6;
    %cmpi/u 8, 5, 7;
    %jmp/1 T_4.265, 6;
    %cmpi/u 8, 6, 7;
    %jmp/1 T_4.266, 6;
    %cmpi/u 8, 7, 7;
    %jmp/1 T_4.267, 6;
    %cmpi/u 8, 8, 7;
    %jmp/1 T_4.268, 6;
    %cmpi/u 8, 9, 7;
    %jmp/1 T_4.269, 6;
    %cmpi/u 8, 10, 7;
    %jmp/1 T_4.270, 6;
    %cmpi/u 8, 11, 7;
    %jmp/1 T_4.271, 6;
    %cmpi/u 8, 12, 7;
    %jmp/1 T_4.272, 6;
    %cmpi/u 8, 13, 7;
    %jmp/1 T_4.273, 6;
    %cmpi/u 8, 14, 7;
    %jmp/1 T_4.274, 6;
    %cmpi/u 8, 15, 7;
    %jmp/1 T_4.275, 6;
    %cmpi/u 8, 16, 7;
    %jmp/1 T_4.276, 6;
    %cmpi/u 8, 17, 7;
    %jmp/1 T_4.277, 6;
    %cmpi/u 8, 18, 7;
    %jmp/1 T_4.278, 6;
    %cmpi/u 8, 19, 7;
    %jmp/1 T_4.279, 6;
    %cmpi/u 8, 20, 7;
    %jmp/1 T_4.280, 6;
    %cmpi/u 8, 21, 7;
    %jmp/1 T_4.281, 6;
    %cmpi/u 8, 22, 7;
    %jmp/1 T_4.282, 6;
    %cmpi/u 8, 23, 7;
    %jmp/1 T_4.283, 6;
    %cmpi/u 8, 24, 7;
    %jmp/1 T_4.284, 6;
    %cmpi/u 8, 25, 7;
    %jmp/1 T_4.285, 6;
    %cmpi/u 8, 26, 7;
    %jmp/1 T_4.286, 6;
    %cmpi/u 8, 27, 7;
    %jmp/1 T_4.287, 6;
    %cmpi/u 8, 28, 7;
    %jmp/1 T_4.288, 6;
    %cmpi/u 8, 29, 7;
    %jmp/1 T_4.289, 6;
    %cmpi/u 8, 30, 7;
    %jmp/1 T_4.290, 6;
    %cmpi/u 8, 31, 7;
    %jmp/1 T_4.291, 6;
    %cmpi/u 8, 32, 7;
    %jmp/1 T_4.292, 6;
    %cmpi/u 8, 33, 7;
    %jmp/1 T_4.293, 6;
    %cmpi/u 8, 34, 7;
    %jmp/1 T_4.294, 6;
    %cmpi/u 8, 35, 7;
    %jmp/1 T_4.295, 6;
    %cmpi/u 8, 36, 7;
    %jmp/1 T_4.296, 6;
    %cmpi/u 8, 37, 7;
    %jmp/1 T_4.297, 6;
    %cmpi/u 8, 38, 7;
    %jmp/1 T_4.298, 6;
    %cmpi/u 8, 39, 7;
    %jmp/1 T_4.299, 6;
    %cmpi/u 8, 40, 7;
    %jmp/1 T_4.300, 6;
    %cmpi/u 8, 41, 7;
    %jmp/1 T_4.301, 6;
    %cmpi/u 8, 42, 7;
    %jmp/1 T_4.302, 6;
    %cmpi/u 8, 43, 7;
    %jmp/1 T_4.303, 6;
    %cmpi/u 8, 44, 7;
    %jmp/1 T_4.304, 6;
    %cmpi/u 8, 45, 7;
    %jmp/1 T_4.305, 6;
    %cmpi/u 8, 46, 7;
    %jmp/1 T_4.306, 6;
    %cmpi/u 8, 47, 7;
    %jmp/1 T_4.307, 6;
    %cmpi/u 8, 48, 7;
    %jmp/1 T_4.308, 6;
    %cmpi/u 8, 49, 7;
    %jmp/1 T_4.309, 6;
    %cmpi/u 8, 50, 7;
    %jmp/1 T_4.310, 6;
    %cmpi/u 8, 51, 7;
    %jmp/1 T_4.311, 6;
    %cmpi/u 8, 52, 7;
    %jmp/1 T_4.312, 6;
    %cmpi/u 8, 53, 7;
    %jmp/1 T_4.313, 6;
    %cmpi/u 8, 54, 7;
    %jmp/1 T_4.314, 6;
    %cmpi/u 8, 55, 7;
    %jmp/1 T_4.315, 6;
    %cmpi/u 8, 56, 7;
    %jmp/1 T_4.316, 6;
    %cmpi/u 8, 57, 7;
    %jmp/1 T_4.317, 6;
    %cmpi/u 8, 58, 7;
    %jmp/1 T_4.318, 6;
    %cmpi/u 8, 59, 7;
    %jmp/1 T_4.319, 6;
    %cmpi/u 8, 60, 7;
    %jmp/1 T_4.320, 6;
    %cmpi/u 8, 61, 7;
    %jmp/1 T_4.321, 6;
    %cmpi/u 8, 62, 7;
    %jmp/1 T_4.322, 6;
    %cmpi/u 8, 63, 7;
    %jmp/1 T_4.323, 6;
    %jmp T_4.324;
T_4.260 ;
    %movi 8, 65535, 17;
    %set/v v0x27fc030_0, 8, 17;
    %jmp T_4.324;
T_4.261 ;
    %movi 8, 64593, 17;
    %set/v v0x27fc030_0, 8, 17;
    %jmp T_4.324;
T_4.262 ;
    %movi 8, 61833, 17;
    %set/v v0x27fc030_0, 8, 17;
    %jmp T_4.324;
T_4.263 ;
    %movi 8, 57436, 17;
    %set/v v0x27fc030_0, 8, 17;
    %jmp T_4.324;
T_4.264 ;
    %movi 8, 51692, 17;
    %set/v v0x27fc030_0, 8, 17;
    %jmp T_4.324;
T_4.265 ;
    %movi 8, 44971, 17;
    %set/v v0x27fc030_0, 8, 17;
    %jmp T_4.324;
T_4.266 ;
    %movi 8, 37694, 17;
    %set/v v0x27fc030_0, 8, 17;
    %jmp T_4.324;
T_4.267 ;
    %movi 8, 30297, 17;
    %set/v v0x27fc030_0, 8, 17;
    %jmp T_4.324;
T_4.268 ;
    %movi 8, 23197, 17;
    %set/v v0x27fc030_0, 8, 17;
    %jmp T_4.324;
T_4.269 ;
    %movi 8, 16759, 17;
    %set/v v0x27fc030_0, 8, 17;
    %jmp T_4.324;
T_4.270 ;
    %movi 8, 11263, 17;
    %set/v v0x27fc030_0, 8, 17;
    %jmp T_4.324;
T_4.271 ;
    %movi 8, 6885, 17;
    %set/v v0x27fc030_0, 8, 17;
    %jmp T_4.324;
T_4.272 ;
    %movi 8, 3688, 17;
    %set/v v0x27fc030_0, 8, 17;
    %jmp T_4.324;
T_4.273 ;
    %movi 8, 1613, 17;
    %set/v v0x27fc030_0, 8, 17;
    %jmp T_4.324;
T_4.274 ;
    %movi 8, 491, 17;
    %set/v v0x27fc030_0, 8, 17;
    %jmp T_4.324;
T_4.275 ;
    %movi 8, 63, 17;
    %set/v v0x27fc030_0, 8, 17;
    %jmp T_4.324;
T_4.276 ;
    %set/v v0x27fc030_0, 0, 17;
    %jmp T_4.324;
T_4.277 ;
    %movi 8, 131012, 17;
    %set/v v0x27fc030_0, 8, 17;
    %jmp T_4.324;
T_4.278 ;
    %movi 8, 130592, 17;
    %set/v v0x27fc030_0, 8, 17;
    %jmp T_4.324;
T_4.279 ;
    %movi 8, 129484, 17;
    %set/v v0x27fc030_0, 8, 17;
    %jmp T_4.324;
T_4.280 ;
    %movi 8, 127426, 17;
    %set/v v0x27fc030_0, 8, 17;
    %jmp T_4.324;
T_4.281 ;
    %movi 8, 124248, 17;
    %set/v v0x27fc030_0, 8, 17;
    %jmp T_4.324;
T_4.282 ;
    %movi 8, 119890, 17;
    %set/v v0x27fc030_0, 8, 17;
    %jmp T_4.324;
T_4.283 ;
    %movi 8, 114410, 17;
    %set/v v0x27fc030_0, 8, 17;
    %jmp T_4.324;
T_4.284 ;
    %movi 8, 107985, 17;
    %set/v v0x27fc030_0, 8, 17;
    %jmp T_4.324;
T_4.285 ;
    %movi 8, 100894, 17;
    %set/v v0x27fc030_0, 8, 17;
    %jmp T_4.324;
T_4.286 ;
    %movi 8, 93499, 17;
    %set/v v0x27fc030_0, 8, 17;
    %jmp T_4.324;
T_4.287 ;
    %movi 8, 86216, 17;
    %set/v v0x27fc030_0, 8, 17;
    %jmp T_4.324;
T_4.288 ;
    %movi 8, 79482, 17;
    %set/v v0x27fc030_0, 8, 17;
    %jmp T_4.324;
T_4.289 ;
    %movi 8, 73720, 17;
    %set/v v0x27fc030_0, 8, 17;
    %jmp T_4.324;
T_4.290 ;
    %movi 8, 69298, 17;
    %set/v v0x27fc030_0, 8, 17;
    %jmp T_4.324;
T_4.291 ;
    %movi 8, 66509, 17;
    %set/v v0x27fc030_0, 8, 17;
    %jmp T_4.324;
T_4.292 ;
    %movi 8, 65538, 17;
    %set/v v0x27fc030_0, 8, 17;
    %jmp T_4.324;
T_4.293 ;
    %movi 8, 66449, 17;
    %set/v v0x27fc030_0, 8, 17;
    %jmp T_4.324;
T_4.294 ;
    %movi 8, 69181, 17;
    %set/v v0x27fc030_0, 8, 17;
    %jmp T_4.324;
T_4.295 ;
    %movi 8, 73553, 17;
    %set/v v0x27fc030_0, 8, 17;
    %jmp T_4.324;
T_4.296 ;
    %movi 8, 79278, 17;
    %set/v v0x27fc030_0, 8, 17;
    %jmp T_4.324;
T_4.297 ;
    %movi 8, 85986, 17;
    %set/v v0x27fc030_0, 8, 17;
    %jmp T_4.324;
T_4.298 ;
    %movi 8, 93258, 17;
    %set/v v0x27fc030_0, 8, 17;
    %jmp T_4.324;
T_4.299 ;
    %movi 8, 100657, 17;
    %set/v v0x27fc030_0, 8, 17;
    %jmp T_4.324;
T_4.300 ;
    %movi 8, 107764, 17;
    %set/v v0x27fc030_0, 8, 17;
    %jmp T_4.324;
T_4.301 ;
    %movi 8, 114215, 17;
    %set/v v0x27fc030_0, 8, 17;
    %jmp T_4.324;
T_4.302 ;
    %movi 8, 119729, 17;
    %set/v v0x27fc030_0, 8, 17;
    %jmp T_4.324;
T_4.303 ;
    %movi 8, 124125, 17;
    %set/v v0x27fc030_0, 8, 17;
    %jmp T_4.324;
T_4.304 ;
    %movi 8, 127341, 17;
    %set/v v0x27fc030_0, 8, 17;
    %jmp T_4.324;
T_4.305 ;
    %movi 8, 129434, 17;
    %set/v v0x27fc030_0, 8, 17;
    %jmp T_4.324;
T_4.306 ;
    %movi 8, 130569, 17;
    %set/v v0x27fc030_0, 8, 17;
    %jmp T_4.324;
T_4.307 ;
    %movi 8, 131006, 17;
    %set/v v0x27fc030_0, 8, 17;
    %jmp T_4.324;
T_4.308 ;
    %set/v v0x27fc030_0, 0, 17;
    %jmp T_4.324;
T_4.309 ;
    %movi 8, 57, 17;
    %set/v v0x27fc030_0, 8, 17;
    %jmp T_4.324;
T_4.310 ;
    %movi 8, 468, 17;
    %set/v v0x27fc030_0, 8, 17;
    %jmp T_4.324;
T_4.311 ;
    %movi 8, 1563, 17;
    %set/v v0x27fc030_0, 8, 17;
    %jmp T_4.324;
T_4.312 ;
    %movi 8, 3604, 17;
    %set/v v0x27fc030_0, 8, 17;
    %jmp T_4.324;
T_4.313 ;
    %movi 8, 6763, 17;
    %set/v v0x27fc030_0, 8, 17;
    %jmp T_4.324;
T_4.314 ;
    %movi 8, 11102, 17;
    %set/v v0x27fc030_0, 8, 17;
    %jmp T_4.324;
T_4.315 ;
    %movi 8, 16564, 17;
    %set/v v0x27fc030_0, 8, 17;
    %jmp T_4.324;
T_4.316 ;
    %movi 8, 22976, 17;
    %set/v v0x27fc030_0, 8, 17;
    %jmp T_4.324;
T_4.317 ;
    %movi 8, 30059, 17;
    %set/v v0x27fc030_0, 8, 17;
    %jmp T_4.324;
T_4.318 ;
    %movi 8, 37453, 17;
    %set/v v0x27fc030_0, 8, 17;
    %jmp T_4.324;
T_4.319 ;
    %movi 8, 44741, 17;
    %set/v v0x27fc030_0, 8, 17;
    %jmp T_4.324;
T_4.320 ;
    %movi 8, 51487, 17;
    %set/v v0x27fc030_0, 8, 17;
    %jmp T_4.324;
T_4.321 ;
    %movi 8, 57269, 17;
    %set/v v0x27fc030_0, 8, 17;
    %jmp T_4.324;
T_4.322 ;
    %movi 8, 61714, 17;
    %set/v v0x27fc030_0, 8, 17;
    %jmp T_4.324;
T_4.323 ;
    %movi 8, 64532, 17;
    %set/v v0x27fc030_0, 8, 17;
    %jmp T_4.324;
T_4.324 ;
    %end;
S_0x27fbcf0 .scope function, "func_k3_sin" "func_k3_sin" 3 427, 3 427, S_0x2738230;
 .timescale 0 0;
v0x27fbde0_0 .var/s "func_k3_sin", 16 0;
v0x27fbea0_0 .var "select", 6 0;
TD_test_radix4.adix4_batterfly_module.func_k3_sin ;
    %load/v 8, v0x27fbea0_0, 7;
    %cmpi/u 8, 0, 7;
    %jmp/1 T_5.325, 6;
    %cmpi/u 8, 1, 7;
    %jmp/1 T_5.326, 6;
    %cmpi/u 8, 2, 7;
    %jmp/1 T_5.327, 6;
    %cmpi/u 8, 3, 7;
    %jmp/1 T_5.328, 6;
    %cmpi/u 8, 4, 7;
    %jmp/1 T_5.329, 6;
    %cmpi/u 8, 5, 7;
    %jmp/1 T_5.330, 6;
    %cmpi/u 8, 6, 7;
    %jmp/1 T_5.331, 6;
    %cmpi/u 8, 7, 7;
    %jmp/1 T_5.332, 6;
    %cmpi/u 8, 8, 7;
    %jmp/1 T_5.333, 6;
    %cmpi/u 8, 9, 7;
    %jmp/1 T_5.334, 6;
    %cmpi/u 8, 10, 7;
    %jmp/1 T_5.335, 6;
    %cmpi/u 8, 11, 7;
    %jmp/1 T_5.336, 6;
    %cmpi/u 8, 12, 7;
    %jmp/1 T_5.337, 6;
    %cmpi/u 8, 13, 7;
    %jmp/1 T_5.338, 6;
    %cmpi/u 8, 14, 7;
    %jmp/1 T_5.339, 6;
    %cmpi/u 8, 15, 7;
    %jmp/1 T_5.340, 6;
    %cmpi/u 8, 16, 7;
    %jmp/1 T_5.341, 6;
    %cmpi/u 8, 17, 7;
    %jmp/1 T_5.342, 6;
    %cmpi/u 8, 18, 7;
    %jmp/1 T_5.343, 6;
    %cmpi/u 8, 19, 7;
    %jmp/1 T_5.344, 6;
    %cmpi/u 8, 20, 7;
    %jmp/1 T_5.345, 6;
    %cmpi/u 8, 21, 7;
    %jmp/1 T_5.346, 6;
    %cmpi/u 8, 22, 7;
    %jmp/1 T_5.347, 6;
    %cmpi/u 8, 23, 7;
    %jmp/1 T_5.348, 6;
    %cmpi/u 8, 24, 7;
    %jmp/1 T_5.349, 6;
    %cmpi/u 8, 25, 7;
    %jmp/1 T_5.350, 6;
    %cmpi/u 8, 26, 7;
    %jmp/1 T_5.351, 6;
    %cmpi/u 8, 27, 7;
    %jmp/1 T_5.352, 6;
    %cmpi/u 8, 28, 7;
    %jmp/1 T_5.353, 6;
    %cmpi/u 8, 29, 7;
    %jmp/1 T_5.354, 6;
    %cmpi/u 8, 30, 7;
    %jmp/1 T_5.355, 6;
    %cmpi/u 8, 31, 7;
    %jmp/1 T_5.356, 6;
    %cmpi/u 8, 32, 7;
    %jmp/1 T_5.357, 6;
    %cmpi/u 8, 33, 7;
    %jmp/1 T_5.358, 6;
    %cmpi/u 8, 34, 7;
    %jmp/1 T_5.359, 6;
    %cmpi/u 8, 35, 7;
    %jmp/1 T_5.360, 6;
    %cmpi/u 8, 36, 7;
    %jmp/1 T_5.361, 6;
    %cmpi/u 8, 37, 7;
    %jmp/1 T_5.362, 6;
    %cmpi/u 8, 38, 7;
    %jmp/1 T_5.363, 6;
    %cmpi/u 8, 39, 7;
    %jmp/1 T_5.364, 6;
    %cmpi/u 8, 40, 7;
    %jmp/1 T_5.365, 6;
    %cmpi/u 8, 41, 7;
    %jmp/1 T_5.366, 6;
    %cmpi/u 8, 42, 7;
    %jmp/1 T_5.367, 6;
    %cmpi/u 8, 43, 7;
    %jmp/1 T_5.368, 6;
    %cmpi/u 8, 44, 7;
    %jmp/1 T_5.369, 6;
    %cmpi/u 8, 45, 7;
    %jmp/1 T_5.370, 6;
    %cmpi/u 8, 46, 7;
    %jmp/1 T_5.371, 6;
    %cmpi/u 8, 47, 7;
    %jmp/1 T_5.372, 6;
    %cmpi/u 8, 48, 7;
    %jmp/1 T_5.373, 6;
    %cmpi/u 8, 49, 7;
    %jmp/1 T_5.374, 6;
    %cmpi/u 8, 50, 7;
    %jmp/1 T_5.375, 6;
    %cmpi/u 8, 51, 7;
    %jmp/1 T_5.376, 6;
    %cmpi/u 8, 52, 7;
    %jmp/1 T_5.377, 6;
    %cmpi/u 8, 53, 7;
    %jmp/1 T_5.378, 6;
    %cmpi/u 8, 54, 7;
    %jmp/1 T_5.379, 6;
    %cmpi/u 8, 55, 7;
    %jmp/1 T_5.380, 6;
    %cmpi/u 8, 56, 7;
    %jmp/1 T_5.381, 6;
    %cmpi/u 8, 57, 7;
    %jmp/1 T_5.382, 6;
    %cmpi/u 8, 58, 7;
    %jmp/1 T_5.383, 6;
    %cmpi/u 8, 59, 7;
    %jmp/1 T_5.384, 6;
    %cmpi/u 8, 60, 7;
    %jmp/1 T_5.385, 6;
    %cmpi/u 8, 61, 7;
    %jmp/1 T_5.386, 6;
    %cmpi/u 8, 62, 7;
    %jmp/1 T_5.387, 6;
    %cmpi/u 8, 63, 7;
    %jmp/1 T_5.388, 6;
    %jmp T_5.389;
T_5.325 ;
    %set/v v0x27fbde0_0, 0, 17;
    %jmp T_5.389;
T_5.326 ;
    %movi 8, 61, 17;
    %set/v v0x27fbde0_0, 8, 17;
    %jmp T_5.389;
T_5.327 ;
    %movi 8, 485, 17;
    %set/v v0x27fbde0_0, 8, 17;
    %jmp T_5.389;
T_5.328 ;
    %movi 8, 1600, 17;
    %set/v v0x27fbde0_0, 8, 17;
    %jmp T_5.389;
T_5.329 ;
    %movi 8, 3667, 17;
    %set/v v0x27fbde0_0, 8, 17;
    %jmp T_5.389;
T_5.330 ;
    %movi 8, 6855, 17;
    %set/v v0x27fbde0_0, 8, 17;
    %jmp T_5.389;
T_5.331 ;
    %movi 8, 11222, 17;
    %set/v v0x27fbde0_0, 8, 17;
    %jmp T_5.389;
T_5.332 ;
    %movi 8, 16710, 17;
    %set/v v0x27fbde0_0, 8, 17;
    %jmp T_5.389;
T_5.333 ;
    %movi 8, 23142, 17;
    %set/v v0x27fbde0_0, 8, 17;
    %jmp T_5.389;
T_5.334 ;
    %movi 8, 30237, 17;
    %set/v v0x27fbde0_0, 8, 17;
    %jmp T_5.389;
T_5.335 ;
    %movi 8, 37633, 17;
    %set/v v0x27fbde0_0, 8, 17;
    %jmp T_5.389;
T_5.336 ;
    %movi 8, 44913, 17;
    %set/v v0x27fbde0_0, 8, 17;
    %jmp T_5.389;
T_5.337 ;
    %movi 8, 51641, 17;
    %set/v v0x27fbde0_0, 8, 17;
    %jmp T_5.389;
T_5.338 ;
    %movi 8, 57394, 17;
    %set/v v0x27fbde0_0, 8, 17;
    %jmp T_5.389;
T_5.339 ;
    %movi 8, 61803, 17;
    %set/v v0x27fbde0_0, 8, 17;
    %jmp T_5.389;
T_5.340 ;
    %movi 8, 64578, 17;
    %set/v v0x27fbde0_0, 8, 17;
    %jmp T_5.389;
T_5.341 ;
    %movi 8, 65534, 17;
    %set/v v0x27fbde0_0, 8, 17;
    %jmp T_5.389;
T_5.342 ;
    %movi 8, 64608, 17;
    %set/v v0x27fbde0_0, 8, 17;
    %jmp T_5.389;
T_5.343 ;
    %movi 8, 61862, 17;
    %set/v v0x27fbde0_0, 8, 17;
    %jmp T_5.389;
T_5.344 ;
    %movi 8, 57477, 17;
    %set/v v0x27fbde0_0, 8, 17;
    %jmp T_5.389;
T_5.345 ;
    %movi 8, 51743, 17;
    %set/v v0x27fbde0_0, 8, 17;
    %jmp T_5.389;
T_5.346 ;
    %movi 8, 45028, 17;
    %set/v v0x27fbde0_0, 8, 17;
    %jmp T_5.389;
T_5.347 ;
    %movi 8, 37754, 17;
    %set/v v0x27fbde0_0, 8, 17;
    %jmp T_5.389;
T_5.348 ;
    %movi 8, 30356, 17;
    %set/v v0x27fbde0_0, 8, 17;
    %jmp T_5.389;
T_5.349 ;
    %movi 8, 23253, 17;
    %set/v v0x27fbde0_0, 8, 17;
    %jmp T_5.389;
T_5.350 ;
    %movi 8, 16808, 17;
    %set/v v0x27fbde0_0, 8, 17;
    %jmp T_5.389;
T_5.351 ;
    %movi 8, 11303, 17;
    %set/v v0x27fbde0_0, 8, 17;
    %jmp T_5.389;
T_5.352 ;
    %movi 8, 6916, 17;
    %set/v v0x27fbde0_0, 8, 17;
    %jmp T_5.389;
T_5.353 ;
    %movi 8, 3709, 17;
    %set/v v0x27fbde0_0, 8, 17;
    %jmp T_5.389;
T_5.354 ;
    %movi 8, 1626, 17;
    %set/v v0x27fbde0_0, 8, 17;
    %jmp T_5.389;
T_5.355 ;
    %movi 8, 497, 17;
    %set/v v0x27fbde0_0, 8, 17;
    %jmp T_5.389;
T_5.356 ;
    %movi 8, 64, 17;
    %set/v v0x27fbde0_0, 8, 17;
    %jmp T_5.389;
T_5.357 ;
    %set/v v0x27fbde0_0, 0, 17;
    %jmp T_5.389;
T_5.358 ;
    %movi 8, 131014, 17;
    %set/v v0x27fbde0_0, 8, 17;
    %jmp T_5.389;
T_5.359 ;
    %movi 8, 130598, 17;
    %set/v v0x27fbde0_0, 8, 17;
    %jmp T_5.389;
T_5.360 ;
    %movi 8, 129497, 17;
    %set/v v0x27fbde0_0, 8, 17;
    %jmp T_5.389;
T_5.361 ;
    %movi 8, 127447, 17;
    %set/v v0x27fbde0_0, 8, 17;
    %jmp T_5.389;
T_5.362 ;
    %movi 8, 124278, 17;
    %set/v v0x27fbde0_0, 8, 17;
    %jmp T_5.389;
T_5.363 ;
    %movi 8, 119930, 17;
    %set/v v0x27fbde0_0, 8, 17;
    %jmp T_5.389;
T_5.364 ;
    %movi 8, 114459, 17;
    %set/v v0x27fbde0_0, 8, 17;
    %jmp T_5.389;
T_5.365 ;
    %movi 8, 108041, 17;
    %set/v v0x27fbde0_0, 8, 17;
    %jmp T_5.389;
T_5.366 ;
    %movi 8, 100953, 17;
    %set/v v0x27fbde0_0, 8, 17;
    %jmp T_5.389;
T_5.367 ;
    %movi 8, 93559, 17;
    %set/v v0x27fbde0_0, 8, 17;
    %jmp T_5.389;
T_5.368 ;
    %movi 8, 86273, 17;
    %set/v v0x27fbde0_0, 8, 17;
    %jmp T_5.389;
T_5.369 ;
    %movi 8, 79534, 17;
    %set/v v0x27fbde0_0, 8, 17;
    %jmp T_5.389;
T_5.370 ;
    %movi 8, 73761, 17;
    %set/v v0x27fbde0_0, 8, 17;
    %jmp T_5.389;
T_5.371 ;
    %movi 8, 69328, 17;
    %set/v v0x27fbde0_0, 8, 17;
    %jmp T_5.389;
T_5.372 ;
    %movi 8, 66525, 17;
    %set/v v0x27fbde0_0, 8, 17;
    %jmp T_5.389;
T_5.373 ;
    %movi 8, 65538, 17;
    %set/v v0x27fbde0_0, 8, 17;
    %jmp T_5.389;
T_5.374 ;
    %movi 8, 66434, 17;
    %set/v v0x27fbde0_0, 8, 17;
    %jmp T_5.389;
T_5.375 ;
    %movi 8, 69152, 17;
    %set/v v0x27fbde0_0, 8, 17;
    %jmp T_5.389;
T_5.376 ;
    %movi 8, 73512, 17;
    %set/v v0x27fbde0_0, 8, 17;
    %jmp T_5.389;
T_5.377 ;
    %movi 8, 79227, 17;
    %set/v v0x27fbde0_0, 8, 17;
    %jmp T_5.389;
T_5.378 ;
    %movi 8, 85929, 17;
    %set/v v0x27fbde0_0, 8, 17;
    %jmp T_5.389;
T_5.379 ;
    %movi 8, 93198, 17;
    %set/v v0x27fbde0_0, 8, 17;
    %jmp T_5.389;
T_5.380 ;
    %movi 8, 100597, 17;
    %set/v v0x27fbde0_0, 8, 17;
    %jmp T_5.389;
T_5.381 ;
    %movi 8, 107708, 17;
    %set/v v0x27fbde0_0, 8, 17;
    %jmp T_5.389;
T_5.382 ;
    %movi 8, 114167, 17;
    %set/v v0x27fbde0_0, 8, 17;
    %jmp T_5.389;
T_5.383 ;
    %movi 8, 119688, 17;
    %set/v v0x27fbde0_0, 8, 17;
    %jmp T_5.389;
T_5.384 ;
    %movi 8, 124094, 17;
    %set/v v0x27fbde0_0, 8, 17;
    %jmp T_5.389;
T_5.385 ;
    %movi 8, 127320, 17;
    %set/v v0x27fbde0_0, 8, 17;
    %jmp T_5.389;
T_5.386 ;
    %movi 8, 129421, 17;
    %set/v v0x27fbde0_0, 8, 17;
    %jmp T_5.389;
T_5.387 ;
    %movi 8, 130563, 17;
    %set/v v0x27fbde0_0, 8, 17;
    %jmp T_5.389;
T_5.388 ;
    %movi 8, 131005, 17;
    %set/v v0x27fbde0_0, 8, 17;
    %jmp T_5.389;
T_5.389 ;
    %end;
S_0x27fb3b0 .scope module, "u1" "complex_add" 3 123, 3 1, S_0x2738230;
 .timescale 0 0;
L_0x27f5320 .functor BUFZ 22, L_0x27fe7b0, C4<0000000000000000000000>, C4<0000000000000000000000>, C4<0000000000000000000000>;
L_0x27ff500 .functor BUFZ 22, L_0x27fead0, C4<0000000000000000000000>, C4<0000000000000000000000>, C4<0000000000000000000000>;
v0x27fb4a0_0 .alias "A", 21 0, v0x27fdea0_0;
v0x27fb540_0 .net/s "AI", 10 0, L_0x27ff2d0; 1 drivers
v0x27fb5c0_0 .net/s "AR", 10 0, L_0x27ff230; 1 drivers
v0x27fb660_0 .alias "B", 21 0, v0x27fe1a0_0;
v0x27fb710_0 .net/s "BI", 10 0, L_0x27ff410; 1 drivers
v0x27fb790_0 .net/s "BR", 10 0, L_0x27ff370; 1 drivers
v0x27fb810_0 .alias "Y", 21 0, v0x27fcde0_0;
v0x27fb890_0 .var/s "YI", 10 0;
v0x27fb980_0 .var/s "YR", 10 0;
v0x27fba20_0 .net *"_s4", 21 0, L_0x27f5320; 1 drivers
v0x27fbac0_0 .net *"_s9", 21 0, L_0x27ff500; 1 drivers
v0x27fbb60_0 .alias "clk", 0 0, v0x27fda80_0;
v0x27fbc50_0 .var "valid_o", 0 0;
L_0x27ff230 .part L_0x27f5320, 11, 11;
L_0x27ff2d0 .part L_0x27f5320, 0, 11;
L_0x27ff370 .part L_0x27ff500, 11, 11;
L_0x27ff410 .part L_0x27ff500, 0, 11;
L_0x27ff560 .concat [ 11 11 0 0], v0x27fb890_0, v0x27fb980_0;
S_0x27faa70 .scope module, "u2" "complex_add" 3 124, 3 1, S_0x2738230;
 .timescale 0 0;
L_0x27ff8c0 .functor BUFZ 22, L_0x27fe940, C4<0000000000000000000000>, C4<0000000000000000000000>, C4<0000000000000000000000>;
L_0x27ffb10 .functor BUFZ 22, L_0x27fec00, C4<0000000000000000000000>, C4<0000000000000000000000>, C4<0000000000000000000000>;
v0x27fab60_0 .alias "A", 21 0, v0x27fe020_0;
v0x27fac00_0 .net/s "AI", 10 0, L_0x27ff7f0; 1 drivers
v0x27fac80_0 .net/s "AR", 10 0, L_0x27ff6f0; 1 drivers
v0x27fad20_0 .alias "B", 21 0, v0x27fe320_0;
v0x27fadd0_0 .net/s "BI", 10 0, L_0x27ff9f0; 1 drivers
v0x27fae50_0 .net/s "BR", 10 0, L_0x27ff920; 1 drivers
v0x27faed0_0 .alias "Y", 21 0, v0x27fce60_0;
v0x27faf50_0 .var/s "YI", 10 0;
v0x27fb040_0 .var/s "YR", 10 0;
v0x27fb0e0_0 .net *"_s4", 21 0, L_0x27ff8c0; 1 drivers
v0x27fb180_0 .net *"_s9", 21 0, L_0x27ffb10; 1 drivers
v0x27fb220_0 .alias "clk", 0 0, v0x27fda80_0;
v0x27fb310_0 .var "valid_o", 0 0;
L_0x27ff6f0 .part L_0x27ff8c0, 11, 11;
L_0x27ff7f0 .part L_0x27ff8c0, 0, 11;
L_0x27ff920 .part L_0x27ffb10, 11, 11;
L_0x27ff9f0 .part L_0x27ffb10, 0, 11;
L_0x27ffb70 .concat [ 11 11 0 0], v0x27faf50_0, v0x27fb040_0;
S_0x27fa200 .scope module, "u3" "complex_sub" 3 125, 3 24, S_0x2738230;
 .timescale 0 0;
L_0x27ffed0 .functor BUFZ 22, L_0x27fe7b0, C4<0000000000000000000000>, C4<0000000000000000000000>, C4<0000000000000000000000>;
L_0x2800120 .functor BUFZ 22, L_0x27fead0, C4<0000000000000000000000>, C4<0000000000000000000000>, C4<0000000000000000000000>;
v0x27f7fc0_0 .alias "A", 21 0, v0x27fdea0_0;
v0x27fa330_0 .net/s "AI", 10 0, L_0x27ffe00; 1 drivers
v0x27fa3d0_0 .net/s "AR", 10 0, L_0x27ffd00; 1 drivers
v0x27fa470_0 .alias "B", 21 0, v0x27fe1a0_0;
v0x27fa4f0_0 .net/s "BI", 10 0, L_0x2800000; 1 drivers
v0x27fa590_0 .net/s "BR", 10 0, L_0x27fff30; 1 drivers
v0x27fa630_0 .alias "Y", 21 0, v0x27fcee0_0;
v0x27fa6b0_0 .var/s "YI", 10 0;
v0x27fa7a0_0 .var/s "YR", 10 0;
v0x27fa840_0 .net *"_s4", 21 0, L_0x27ffed0; 1 drivers
v0x27fa8e0_0 .net *"_s9", 21 0, L_0x2800120; 1 drivers
v0x27fa980_0 .alias "clk", 0 0, v0x27fda80_0;
L_0x27ffd00 .part L_0x27ffed0, 11, 11;
L_0x27ffe00 .part L_0x27ffed0, 0, 11;
L_0x27fff30 .part L_0x2800120, 11, 11;
L_0x2800000 .part L_0x2800120, 0, 11;
L_0x2800180 .concat [ 11 11 0 0], v0x27fa6b0_0, v0x27fa7a0_0;
S_0x27f9820 .scope module, "u4" "complex_sub" 3 126, 3 24, S_0x2738230;
 .timescale 0 0;
L_0x28004e0 .functor BUFZ 22, L_0x27fe940, C4<0000000000000000000000>, C4<0000000000000000000000>, C4<0000000000000000000000>;
L_0x2800730 .functor BUFZ 22, L_0x27fec00, C4<0000000000000000000000>, C4<0000000000000000000000>, C4<0000000000000000000000>;
v0x27f9910_0 .alias "A", 21 0, v0x27fe020_0;
v0x27f99d0_0 .net/s "AI", 10 0, L_0x2800410; 1 drivers
v0x27f9a70_0 .net/s "AR", 10 0, L_0x2800310; 1 drivers
v0x27f9b10_0 .alias "B", 21 0, v0x27fe320_0;
v0x27f9b90_0 .net/s "BI", 10 0, L_0x2800610; 1 drivers
v0x27f9c30_0 .net/s "BR", 10 0, L_0x2800540; 1 drivers
v0x27f9cd0_0 .alias "Y", 21 0, v0x27fcf60_0;
v0x27f9d50_0 .var/s "YI", 10 0;
v0x27f9e20_0 .var/s "YR", 10 0;
v0x27f9ec0_0 .net *"_s4", 21 0, L_0x28004e0; 1 drivers
v0x27f9f60_0 .net *"_s9", 21 0, L_0x2800730; 1 drivers
v0x27fa000_0 .alias "clk", 0 0, v0x27fda80_0;
L_0x2800310 .part L_0x28004e0, 11, 11;
L_0x2800410 .part L_0x28004e0, 0, 11;
L_0x2800540 .part L_0x2800730, 11, 11;
L_0x2800610 .part L_0x2800730, 0, 11;
L_0x2800790 .concat [ 11 11 0 0], v0x27f9d50_0, v0x27f9e20_0;
S_0x27f9270 .scope module, "u5" "j_multiplier" 3 128, 3 46, S_0x2738230;
 .timescale 0 0;
L_0x2800ab0 .functor BUFZ 22, L_0x2800790, C4<0000000000000000000000>, C4<0000000000000000000000>, C4<0000000000000000000000>;
v0x27f9360_0 .alias "A", 21 0, v0x27fcf60_0;
v0x27f9420_0 .net/s "AI", 10 0, L_0x2800990; 1 drivers
v0x27f94c0_0 .net/s "AR", 10 0, L_0x2800890; 1 drivers
v0x27f9560_0 .alias "Y", 21 0, v0x27fd030_0;
v0x27f95e0_0 .var/s "YI", 10 0;
v0x27f9660_0 .var/s "YR", 10 0;
v0x27f9700_0 .net *"_s4", 21 0, L_0x2800ab0; 1 drivers
v0x27f97a0_0 .alias "clk", 0 0, v0x27fda80_0;
L_0x2800890 .part L_0x2800ab0, 11, 11;
L_0x2800990 .part L_0x2800ab0, 0, 11;
L_0x2800ba0 .concat [ 11 11 0 0], v0x27f95e0_0, v0x27f9660_0;
S_0x27f8900 .scope module, "u6" "complex_add" 3 130, 3 1, S_0x2738230;
 .timescale 0 0;
L_0x2800ed0 .functor BUFZ 22, L_0x27ff560, C4<0000000000000000000000>, C4<0000000000000000000000>, C4<0000000000000000000000>;
L_0x28010d0 .functor BUFZ 22, L_0x27ffb70, C4<0000000000000000000000>, C4<0000000000000000000000>, C4<0000000000000000000000>;
v0x27f89f0_0 .alias "A", 21 0, v0x27fcde0_0;
v0x27f8ac0_0 .net/s "AI", 10 0, L_0x2800e00; 1 drivers
v0x27f8b40_0 .net/s "AR", 10 0, L_0x2800d00; 1 drivers
v0x27f8be0_0 .alias "B", 21 0, v0x27fce60_0;
v0x27f8cc0_0 .net/s "BI", 10 0, L_0x2801000; 1 drivers
v0x27f8d40_0 .net/s "BR", 10 0, L_0x2800f30; 1 drivers
v0x27f8dc0_0 .alias "Y", 21 0, v0x27fd0b0_0;
v0x27f8e60_0 .var/s "YI", 10 0;
v0x27f8f00_0 .var/s "YR", 10 0;
v0x27f8fa0_0 .net *"_s4", 21 0, L_0x2800ed0; 1 drivers
v0x27f9040_0 .net *"_s9", 21 0, L_0x28010d0; 1 drivers
v0x27f90e0_0 .alias "clk", 0 0, v0x27fda80_0;
v0x27f91d0_0 .var "valid_o", 0 0;
L_0x2800d00 .part L_0x2800ed0, 11, 11;
L_0x2800e00 .part L_0x2800ed0, 0, 11;
L_0x2800f30 .part L_0x28010d0, 11, 11;
L_0x2801000 .part L_0x28010d0, 0, 11;
L_0x2801130 .concat [ 11 11 0 0], v0x27f8e60_0, v0x27f8f00_0;
S_0x27f8050 .scope module, "u7" "complex_sub" 3 131, 3 24, S_0x2738230;
 .timescale 0 0;
L_0x2801470 .functor BUFZ 22, L_0x27ff560, C4<0000000000000000000000>, C4<0000000000000000000000>, C4<0000000000000000000000>;
L_0x28016c0 .functor BUFZ 22, L_0x27ffb70, C4<0000000000000000000000>, C4<0000000000000000000000>, C4<0000000000000000000000>;
v0x27f8140_0 .alias "A", 21 0, v0x27fcde0_0;
v0x27f8200_0 .net/s "AI", 10 0, L_0x2801350; 1 drivers
v0x27f82a0_0 .net/s "AR", 10 0, L_0x2801250; 1 drivers
v0x27f8340_0 .alias "B", 21 0, v0x27fce60_0;
v0x27f83f0_0 .net/s "BI", 10 0, L_0x28015a0; 1 drivers
v0x27f8490_0 .net/s "BR", 10 0, L_0x28014d0; 1 drivers
v0x27f8530_0 .alias "Y", 21 0, v0x27fd130_0;
v0x27f85b0_0 .var/s "YI", 10 0;
v0x27f8630_0 .var/s "YR", 10 0;
v0x27f86d0_0 .net *"_s4", 21 0, L_0x2801470; 1 drivers
v0x27f8770_0 .net *"_s9", 21 0, L_0x28016c0; 1 drivers
v0x27f8810_0 .alias "clk", 0 0, v0x27fda80_0;
L_0x2801250 .part L_0x2801470, 11, 11;
L_0x2801350 .part L_0x2801470, 0, 11;
L_0x28014d0 .part L_0x28016c0, 11, 11;
L_0x28015a0 .part L_0x28016c0, 0, 11;
L_0x2801720 .concat [ 11 11 0 0], v0x27f85b0_0, v0x27f8630_0;
S_0x27f7730 .scope module, "u8" "complex_sub" 3 132, 3 24, S_0x2738230;
 .timescale 0 0;
L_0x2801a40 .functor BUFZ 22, L_0x2800180, C4<0000000000000000000000>, C4<0000000000000000000000>, C4<0000000000000000000000>;
L_0x2801c90 .functor BUFZ 22, L_0x2800ba0, C4<0000000000000000000000>, C4<0000000000000000000000>, C4<0000000000000000000000>;
v0x27f7820_0 .alias "A", 21 0, v0x27fcee0_0;
v0x27f78f0_0 .net/s "AI", 10 0, L_0x2801920; 1 drivers
v0x27f7970_0 .net/s "AR", 10 0, L_0x2801820; 1 drivers
v0x27f7a10_0 .alias "B", 21 0, v0x27fd030_0;
v0x27f7af0_0 .net/s "BI", 10 0, L_0x2801b70; 1 drivers
v0x27f7b70_0 .net/s "BR", 10 0, L_0x2801aa0; 1 drivers
v0x27f7bf0_0 .alias "Y", 21 0, v0x27fd200_0;
v0x27f7c70_0 .var/s "YI", 10 0;
v0x27f7cf0_0 .var/s "YR", 10 0;
v0x27f7d90_0 .net *"_s4", 21 0, L_0x2801a40; 1 drivers
v0x27f7e30_0 .net *"_s9", 21 0, L_0x2801c90; 1 drivers
v0x27f7ed0_0 .alias "clk", 0 0, v0x27fda80_0;
L_0x2801820 .part L_0x2801a40, 11, 11;
L_0x2801920 .part L_0x2801a40, 0, 11;
L_0x2801aa0 .part L_0x2801c90, 11, 11;
L_0x2801b70 .part L_0x2801c90, 0, 11;
L_0x2801cf0 .concat [ 11 11 0 0], v0x27f7c70_0, v0x27f7cf0_0;
S_0x27f6df0 .scope module, "u9" "complex_add" 3 133, 3 1, S_0x2738230;
 .timescale 0 0;
L_0x2802010 .functor BUFZ 22, L_0x2800180, C4<0000000000000000000000>, C4<0000000000000000000000>, C4<0000000000000000000000>;
L_0x2802260 .functor BUFZ 22, L_0x2800ba0, C4<0000000000000000000000>, C4<0000000000000000000000>, C4<0000000000000000000000>;
v0x27f6f20_0 .alias "A", 21 0, v0x27fcee0_0;
v0x27f6fe0_0 .net/s "AI", 10 0, L_0x2801ef0; 1 drivers
v0x27f7080_0 .net/s "AR", 10 0, L_0x2801df0; 1 drivers
v0x27f7120_0 .alias "B", 21 0, v0x27fd030_0;
v0x27f71a0_0 .net/s "BI", 10 0, L_0x2802140; 1 drivers
v0x27f7240_0 .net/s "BR", 10 0, L_0x2802070; 1 drivers
v0x27f72e0_0 .alias "Y", 21 0, v0x27fd340_0;
v0x27f7360_0 .var/s "YI", 10 0;
v0x27f7430_0 .var/s "YR", 10 0;
v0x27f74d0_0 .net *"_s4", 21 0, L_0x2802010; 1 drivers
v0x27f7570_0 .net *"_s9", 21 0, L_0x2802260; 1 drivers
v0x27f7610_0 .alias "clk", 0 0, v0x27fda80_0;
v0x27f7690_0 .var "valid_o", 0 0;
E_0x27f5b60 .event posedge, v0x27f55f0_0;
L_0x2801df0 .part L_0x2802010, 11, 11;
L_0x2801ef0 .part L_0x2802010, 0, 11;
L_0x2802070 .part L_0x2802260, 11, 11;
L_0x2802140 .part L_0x2802260, 0, 11;
L_0x28022c0 .concat [ 11 11 0 0], v0x27f7360_0, v0x27f7430_0;
S_0x27f62a0 .scope module, "u10" "twiddler" 3 136, 4 1, S_0x2738230;
 .timescale 0 0;
L_0x2802670 .functor BUFZ 22, L_0x2801720, C4<0000000000000000000000>, C4<0000000000000000000000>, C4<0000000000000000000000>;
v0x27f6400_0 .alias "A", 21 0, v0x27fd130_0;
v0x27f64c0_0 .net/s "AI", 10 0, L_0x2802550; 1 drivers
v0x27f6560_0 .net/s "AR", 10 0, L_0x2802450; 1 drivers
v0x27f6600_0 .alias "WI", 16 0, v0x27fd6f0_0;
v0x27f66b0_0 .alias "WR", 16 0, v0x27fd610_0;
v0x27f6750_0 .alias "Y", 21 0, v0x27fd770_0;
v0x27f67f0_0 .var/s "YI", 10 0;
v0x27f6890_0 .var/s "YI1", 44 0;
v0x27f6930_0 .var/s "YI2", 44 0;
v0x27f69d0_0 .var/s "YR", 10 0;
v0x27f6a70_0 .var/s "YR1", 44 0;
v0x27f6b10_0 .var/s "YR2", 44 0;
v0x27f6bb0_0 .net *"_s4", 21 0, L_0x2802670; 1 drivers
v0x27f6c50_0 .alias "clk", 0 0, v0x27fda80_0;
v0x27f6d50_0 .net "rst", 0 0, C4<z>; 0 drivers
E_0x27f6390/0 .event negedge, v0x27f6d50_0;
E_0x27f6390/1 .event posedge, v0x27f55f0_0;
E_0x27f6390 .event/or E_0x27f6390/0, E_0x27f6390/1;
L_0x2802450 .part L_0x2802670, 11, 11;
L_0x2802550 .part L_0x2802670, 0, 11;
L_0x2802760 .concat [ 11 11 0 0], v0x27f67f0_0, v0x27f69d0_0;
S_0x27f57b0 .scope module, "u11" "twiddler" 3 137, 4 1, S_0x2738230;
 .timescale 0 0;
L_0x2802a20 .functor BUFZ 22, L_0x2801cf0, C4<0000000000000000000000>, C4<0000000000000000000000>, C4<0000000000000000000000>;
v0x27f58e0_0 .alias "A", 21 0, v0x27fd200_0;
v0x27f59a0_0 .net/s "AI", 10 0, L_0x2802900; 1 drivers
v0x27f5a40_0 .net/s "AR", 10 0, L_0x2802800; 1 drivers
v0x27f5ae0_0 .alias "WI", 16 0, v0x27fd590_0;
v0x27f5bc0_0 .alias "WR", 16 0, v0x27fd490_0;
v0x27f5c40_0 .alias "Y", 21 0, v0x27fd940_0;
v0x27f5cc0_0 .var/s "YI", 10 0;
v0x27f5d60_0 .var/s "YI1", 44 0;
v0x27f5e00_0 .var/s "YI2", 44 0;
v0x27f5ea0_0 .var/s "YR", 10 0;
v0x27f5f40_0 .var/s "YR1", 44 0;
v0x27f5fe0_0 .var/s "YR2", 44 0;
v0x27f6080_0 .net *"_s4", 21 0, L_0x2802a20; 1 drivers
v0x27f6120_0 .alias "clk", 0 0, v0x27fda80_0;
v0x27f6220_0 .net "rst", 0 0, C4<z>; 0 drivers
E_0x27f4ec0/0 .event negedge, v0x27f6220_0;
E_0x27f4ec0/1 .event posedge, v0x27f55f0_0;
E_0x27f4ec0 .event/or E_0x27f4ec0/0, E_0x27f4ec0/1;
L_0x2802800 .part L_0x2802a20, 11, 11;
L_0x2802900 .part L_0x2802a20, 0, 11;
L_0x2802b10 .concat [ 11 11 0 0], v0x27f5cc0_0, v0x27f5ea0_0;
S_0x2746ed0 .scope module, "u12" "twiddler" 3 138, 4 1, S_0x2738230;
 .timescale 0 0;
L_0x2802dd0 .functor BUFZ 22, L_0x28022c0, C4<0000000000000000000000>, C4<0000000000000000000000>, C4<0000000000000000000000>;
v0x2795a50_0 .alias "A", 21 0, v0x27fd340_0;
v0x27f4d00_0 .net/s "AI", 10 0, L_0x2802cb0; 1 drivers
v0x27f4da0_0 .net/s "AR", 10 0, L_0x2802bb0; 1 drivers
v0x27f4e40_0 .alias "WI", 16 0, v0x27fd590_0;
v0x27f4ef0_0 .alias "WR", 16 0, v0x27fd510_0;
v0x27f4f90_0 .alias "Y", 21 0, v0x27fd890_0;
v0x27f5070_0 .var/s "YI", 10 0;
v0x27f5110_0 .var/s "YI1", 44 0;
v0x27f5200_0 .var/s "YI2", 44 0;
v0x27f52a0_0 .var/s "YR", 10 0;
v0x27f53a0_0 .var/s "YR1", 44 0;
v0x27f5440_0 .var/s "YR2", 44 0;
v0x27f5550_0 .net *"_s4", 21 0, L_0x2802dd0; 1 drivers
v0x27f55f0_0 .alias "clk", 0 0, v0x27fda80_0;
v0x27f5710_0 .net "rst", 0 0, C4<z>; 0 drivers
E_0x27ca660/0 .event negedge, v0x27f5710_0;
E_0x27ca660/1 .event posedge, v0x27f55f0_0;
E_0x27ca660 .event/or E_0x27ca660/0, E_0x27ca660/1;
L_0x2802bb0 .part L_0x2802dd0, 11, 11;
L_0x2802cb0 .part L_0x2802dd0, 0, 11;
L_0x2802ec0 .concat [ 11 11 0 0], v0x27f5070_0, v0x27f52a0_0;
    .scope S_0x27fb3b0;
T_6 ;
    %wait E_0x27f5b60;
    %load/v 8, v0x27fb5c0_0, 11;
    %load/v 19, v0x27fb790_0, 11;
    %add 8, 19, 11;
    %ix/load 0, 11, 0;
    %assign/v0 v0x27fb980_0, 0, 8;
    %load/v 8, v0x27fb540_0, 11;
    %load/v 19, v0x27fb710_0, 11;
    %add 8, 19, 11;
    %ix/load 0, 11, 0;
    %assign/v0 v0x27fb890_0, 0, 8;
    %jmp T_6;
    .thread T_6;
    .scope S_0x27faa70;
T_7 ;
    %wait E_0x27f5b60;
    %load/v 8, v0x27fac80_0, 11;
    %load/v 19, v0x27fae50_0, 11;
    %add 8, 19, 11;
    %ix/load 0, 11, 0;
    %assign/v0 v0x27fb040_0, 0, 8;
    %load/v 8, v0x27fac00_0, 11;
    %load/v 19, v0x27fadd0_0, 11;
    %add 8, 19, 11;
    %ix/load 0, 11, 0;
    %assign/v0 v0x27faf50_0, 0, 8;
    %jmp T_7;
    .thread T_7;
    .scope S_0x27fa200;
T_8 ;
    %wait E_0x27f5b60;
    %load/v 8, v0x27fa3d0_0, 11;
    %load/v 19, v0x27fa590_0, 11;
    %sub 8, 19, 11;
    %ix/load 0, 11, 0;
    %assign/v0 v0x27fa7a0_0, 0, 8;
    %load/v 8, v0x27fa330_0, 11;
    %load/v 19, v0x27fa4f0_0, 11;
    %sub 8, 19, 11;
    %ix/load 0, 11, 0;
    %assign/v0 v0x27fa6b0_0, 0, 8;
    %jmp T_8;
    .thread T_8;
    .scope S_0x27f9820;
T_9 ;
    %wait E_0x27f5b60;
    %load/v 8, v0x27f9a70_0, 11;
    %load/v 19, v0x27f9c30_0, 11;
    %sub 8, 19, 11;
    %ix/load 0, 11, 0;
    %assign/v0 v0x27f9e20_0, 0, 8;
    %load/v 8, v0x27f99d0_0, 11;
    %load/v 19, v0x27f9b90_0, 11;
    %sub 8, 19, 11;
    %ix/load 0, 11, 0;
    %assign/v0 v0x27f9d50_0, 0, 8;
    %jmp T_9;
    .thread T_9;
    .scope S_0x27f9270;
T_10 ;
    %wait E_0x27f5b60;
    %load/v 8, v0x27f9420_0, 11;
    %inv 8, 11;
    %addi 8, 1, 11;
    %ix/load 0, 11, 0;
    %assign/v0 v0x27f9660_0, 0, 8;
    %load/v 8, v0x27f94c0_0, 11;
    %ix/load 0, 11, 0;
    %assign/v0 v0x27f95e0_0, 0, 8;
    %jmp T_10;
    .thread T_10;
    .scope S_0x27f8900;
T_11 ;
    %wait E_0x27f5b60;
    %load/v 8, v0x27f8b40_0, 11;
    %load/v 19, v0x27f8d40_0, 11;
    %add 8, 19, 11;
    %ix/load 0, 11, 0;
    %assign/v0 v0x27f8f00_0, 0, 8;
    %load/v 8, v0x27f8ac0_0, 11;
    %load/v 19, v0x27f8cc0_0, 11;
    %add 8, 19, 11;
    %ix/load 0, 11, 0;
    %assign/v0 v0x27f8e60_0, 0, 8;
    %jmp T_11;
    .thread T_11;
    .scope S_0x27f8050;
T_12 ;
    %wait E_0x27f5b60;
    %load/v 8, v0x27f82a0_0, 11;
    %load/v 19, v0x27f8490_0, 11;
    %sub 8, 19, 11;
    %ix/load 0, 11, 0;
    %assign/v0 v0x27f8630_0, 0, 8;
    %load/v 8, v0x27f8200_0, 11;
    %load/v 19, v0x27f83f0_0, 11;
    %sub 8, 19, 11;
    %ix/load 0, 11, 0;
    %assign/v0 v0x27f85b0_0, 0, 8;
    %jmp T_12;
    .thread T_12;
    .scope S_0x27f7730;
T_13 ;
    %wait E_0x27f5b60;
    %load/v 8, v0x27f7970_0, 11;
    %load/v 19, v0x27f7b70_0, 11;
    %sub 8, 19, 11;
    %ix/load 0, 11, 0;
    %assign/v0 v0x27f7cf0_0, 0, 8;
    %load/v 8, v0x27f78f0_0, 11;
    %load/v 19, v0x27f7af0_0, 11;
    %sub 8, 19, 11;
    %ix/load 0, 11, 0;
    %assign/v0 v0x27f7c70_0, 0, 8;
    %jmp T_13;
    .thread T_13;
    .scope S_0x27f6df0;
T_14 ;
    %wait E_0x27f5b60;
    %load/v 8, v0x27f7080_0, 11;
    %load/v 19, v0x27f7240_0, 11;
    %add 8, 19, 11;
    %ix/load 0, 11, 0;
    %assign/v0 v0x27f7430_0, 0, 8;
    %load/v 8, v0x27f6fe0_0, 11;
    %load/v 19, v0x27f71a0_0, 11;
    %add 8, 19, 11;
    %ix/load 0, 11, 0;
    %assign/v0 v0x27f7360_0, 0, 8;
    %jmp T_14;
    .thread T_14;
    .scope S_0x27f62a0;
T_15 ;
    %wait E_0x27f6390;
    %load/v 8, v0x27f6d50_0, 1;
    %inv 8, 1;
    %jmp/0xz  T_15.0, 8;
    %ix/load 0, 11, 0;
    %assign/v0 v0x27f69d0_0, 0, 0;
    %ix/load 0, 11, 0;
    %assign/v0 v0x27f67f0_0, 0, 0;
    %jmp T_15.1;
T_15.0 ;
    %load/v 8, v0x27f6560_0, 11;
    %mov 19, 18, 1;
    %mov 20, 18, 1;
    %mov 21, 18, 1;
    %mov 22, 18, 1;
    %mov 23, 18, 1;
    %mov 24, 18, 1;
    %mov 25, 18, 1;
    %mov 26, 18, 1;
    %mov 27, 18, 1;
    %mov 28, 18, 1;
    %mov 29, 18, 1;
    %mov 30, 18, 1;
    %mov 31, 18, 1;
    %mov 32, 18, 1;
    %mov 33, 18, 1;
    %mov 34, 18, 1;
    %mov 35, 18, 1;
    %mov 36, 18, 1;
    %mov 37, 18, 1;
    %mov 38, 18, 1;
    %mov 39, 18, 1;
    %mov 40, 18, 1;
    %mov 41, 18, 1;
    %mov 42, 18, 1;
    %mov 43, 18, 1;
    %mov 44, 18, 1;
    %mov 45, 18, 1;
    %mov 46, 18, 1;
    %mov 47, 18, 1;
    %mov 48, 18, 1;
    %mov 49, 18, 1;
    %mov 50, 18, 1;
    %mov 51, 18, 1;
    %mov 52, 18, 1;
    %ix/load 0, 16, 0;
    %mov 4, 0, 1;
    %shiftl/i0  8, 45;
    %load/v 53, v0x27f66b0_0, 17;
    %movi 70, 0, 28;
    %mul 8, 53, 45;
    %ix/load 0, 45, 0;
    %assign/v0 v0x27f6a70_0, 0, 8;
    %load/v 8, v0x27f64c0_0, 11;
    %mov 19, 18, 1;
    %mov 20, 18, 1;
    %mov 21, 18, 1;
    %mov 22, 18, 1;
    %mov 23, 18, 1;
    %mov 24, 18, 1;
    %mov 25, 18, 1;
    %mov 26, 18, 1;
    %mov 27, 18, 1;
    %mov 28, 18, 1;
    %mov 29, 18, 1;
    %mov 30, 18, 1;
    %mov 31, 18, 1;
    %mov 32, 18, 1;
    %mov 33, 18, 1;
    %mov 34, 18, 1;
    %mov 35, 18, 1;
    %mov 36, 18, 1;
    %mov 37, 18, 1;
    %mov 38, 18, 1;
    %mov 39, 18, 1;
    %mov 40, 18, 1;
    %mov 41, 18, 1;
    %mov 42, 18, 1;
    %mov 43, 18, 1;
    %mov 44, 18, 1;
    %mov 45, 18, 1;
    %mov 46, 18, 1;
    %mov 47, 18, 1;
    %mov 48, 18, 1;
    %mov 49, 18, 1;
    %mov 50, 18, 1;
    %mov 51, 18, 1;
    %mov 52, 18, 1;
    %ix/load 0, 16, 0;
    %mov 4, 0, 1;
    %shiftl/i0  8, 45;
    %load/v 53, v0x27f6600_0, 17;
    %movi 70, 0, 28;
    %mul 8, 53, 45;
    %ix/load 0, 45, 0;
    %assign/v0 v0x27f6b10_0, 0, 8;
    %load/v 8, v0x27f6560_0, 11;
    %mov 19, 18, 1;
    %mov 20, 18, 1;
    %mov 21, 18, 1;
    %mov 22, 18, 1;
    %mov 23, 18, 1;
    %mov 24, 18, 1;
    %mov 25, 18, 1;
    %mov 26, 18, 1;
    %mov 27, 18, 1;
    %mov 28, 18, 1;
    %mov 29, 18, 1;
    %mov 30, 18, 1;
    %mov 31, 18, 1;
    %mov 32, 18, 1;
    %mov 33, 18, 1;
    %mov 34, 18, 1;
    %mov 35, 18, 1;
    %mov 36, 18, 1;
    %mov 37, 18, 1;
    %mov 38, 18, 1;
    %mov 39, 18, 1;
    %mov 40, 18, 1;
    %mov 41, 18, 1;
    %mov 42, 18, 1;
    %mov 43, 18, 1;
    %mov 44, 18, 1;
    %mov 45, 18, 1;
    %mov 46, 18, 1;
    %mov 47, 18, 1;
    %mov 48, 18, 1;
    %mov 49, 18, 1;
    %mov 50, 18, 1;
    %mov 51, 18, 1;
    %mov 52, 18, 1;
    %ix/load 0, 16, 0;
    %mov 4, 0, 1;
    %shiftl/i0  8, 45;
    %load/v 53, v0x27f6600_0, 17;
    %movi 70, 0, 28;
    %mul 8, 53, 45;
    %ix/load 0, 45, 0;
    %assign/v0 v0x27f6890_0, 0, 8;
    %load/v 8, v0x27f64c0_0, 11;
    %mov 19, 18, 1;
    %mov 20, 18, 1;
    %mov 21, 18, 1;
    %mov 22, 18, 1;
    %mov 23, 18, 1;
    %mov 24, 18, 1;
    %mov 25, 18, 1;
    %mov 26, 18, 1;
    %mov 27, 18, 1;
    %mov 28, 18, 1;
    %mov 29, 18, 1;
    %mov 30, 18, 1;
    %mov 31, 18, 1;
    %mov 32, 18, 1;
    %mov 33, 18, 1;
    %mov 34, 18, 1;
    %mov 35, 18, 1;
    %mov 36, 18, 1;
    %mov 37, 18, 1;
    %mov 38, 18, 1;
    %mov 39, 18, 1;
    %mov 40, 18, 1;
    %mov 41, 18, 1;
    %mov 42, 18, 1;
    %mov 43, 18, 1;
    %mov 44, 18, 1;
    %mov 45, 18, 1;
    %mov 46, 18, 1;
    %mov 47, 18, 1;
    %mov 48, 18, 1;
    %mov 49, 18, 1;
    %mov 50, 18, 1;
    %mov 51, 18, 1;
    %mov 52, 18, 1;
    %ix/load 0, 16, 0;
    %mov 4, 0, 1;
    %shiftl/i0  8, 45;
    %load/v 53, v0x27f66b0_0, 17;
    %movi 70, 0, 28;
    %mul 8, 53, 45;
    %ix/load 0, 45, 0;
    %assign/v0 v0x27f6930_0, 0, 8;
    %load/v 8, v0x27f6a70_0, 45;
    %load/v 53, v0x27f6b10_0, 45;
    %sub 8, 53, 45;
    %ix/load 0, 16, 0;
    %mov 4, 0, 1;
    %shiftr/i0  8, 45;
    %ix/load 0, 11, 0;
    %assign/v0 v0x27f69d0_0, 0, 8;
    %load/v 8, v0x27f6890_0, 45;
    %load/v 53, v0x27f6930_0, 45;
    %add 8, 53, 45;
    %ix/load 0, 16, 0;
    %mov 4, 0, 1;
    %shiftr/i0  8, 45;
    %ix/load 0, 11, 0;
    %assign/v0 v0x27f67f0_0, 0, 8;
T_15.1 ;
    %jmp T_15;
    .thread T_15;
    .scope S_0x27f57b0;
T_16 ;
    %wait E_0x27f4ec0;
    %load/v 8, v0x27f6220_0, 1;
    %inv 8, 1;
    %jmp/0xz  T_16.0, 8;
    %ix/load 0, 11, 0;
    %assign/v0 v0x27f5ea0_0, 0, 0;
    %ix/load 0, 11, 0;
    %assign/v0 v0x27f5cc0_0, 0, 0;
    %jmp T_16.1;
T_16.0 ;
    %load/v 8, v0x27f5a40_0, 11;
    %mov 19, 18, 1;
    %mov 20, 18, 1;
    %mov 21, 18, 1;
    %mov 22, 18, 1;
    %mov 23, 18, 1;
    %mov 24, 18, 1;
    %mov 25, 18, 1;
    %mov 26, 18, 1;
    %mov 27, 18, 1;
    %mov 28, 18, 1;
    %mov 29, 18, 1;
    %mov 30, 18, 1;
    %mov 31, 18, 1;
    %mov 32, 18, 1;
    %mov 33, 18, 1;
    %mov 34, 18, 1;
    %mov 35, 18, 1;
    %mov 36, 18, 1;
    %mov 37, 18, 1;
    %mov 38, 18, 1;
    %mov 39, 18, 1;
    %mov 40, 18, 1;
    %mov 41, 18, 1;
    %mov 42, 18, 1;
    %mov 43, 18, 1;
    %mov 44, 18, 1;
    %mov 45, 18, 1;
    %mov 46, 18, 1;
    %mov 47, 18, 1;
    %mov 48, 18, 1;
    %mov 49, 18, 1;
    %mov 50, 18, 1;
    %mov 51, 18, 1;
    %mov 52, 18, 1;
    %ix/load 0, 16, 0;
    %mov 4, 0, 1;
    %shiftl/i0  8, 45;
    %load/v 53, v0x27f5bc0_0, 17;
    %movi 70, 0, 28;
    %mul 8, 53, 45;
    %ix/load 0, 45, 0;
    %assign/v0 v0x27f5f40_0, 0, 8;
    %load/v 8, v0x27f59a0_0, 11;
    %mov 19, 18, 1;
    %mov 20, 18, 1;
    %mov 21, 18, 1;
    %mov 22, 18, 1;
    %mov 23, 18, 1;
    %mov 24, 18, 1;
    %mov 25, 18, 1;
    %mov 26, 18, 1;
    %mov 27, 18, 1;
    %mov 28, 18, 1;
    %mov 29, 18, 1;
    %mov 30, 18, 1;
    %mov 31, 18, 1;
    %mov 32, 18, 1;
    %mov 33, 18, 1;
    %mov 34, 18, 1;
    %mov 35, 18, 1;
    %mov 36, 18, 1;
    %mov 37, 18, 1;
    %mov 38, 18, 1;
    %mov 39, 18, 1;
    %mov 40, 18, 1;
    %mov 41, 18, 1;
    %mov 42, 18, 1;
    %mov 43, 18, 1;
    %mov 44, 18, 1;
    %mov 45, 18, 1;
    %mov 46, 18, 1;
    %mov 47, 18, 1;
    %mov 48, 18, 1;
    %mov 49, 18, 1;
    %mov 50, 18, 1;
    %mov 51, 18, 1;
    %mov 52, 18, 1;
    %ix/load 0, 16, 0;
    %mov 4, 0, 1;
    %shiftl/i0  8, 45;
    %load/v 53, v0x27f5ae0_0, 17;
    %movi 70, 0, 28;
    %mul 8, 53, 45;
    %ix/load 0, 45, 0;
    %assign/v0 v0x27f5fe0_0, 0, 8;
    %load/v 8, v0x27f5a40_0, 11;
    %mov 19, 18, 1;
    %mov 20, 18, 1;
    %mov 21, 18, 1;
    %mov 22, 18, 1;
    %mov 23, 18, 1;
    %mov 24, 18, 1;
    %mov 25, 18, 1;
    %mov 26, 18, 1;
    %mov 27, 18, 1;
    %mov 28, 18, 1;
    %mov 29, 18, 1;
    %mov 30, 18, 1;
    %mov 31, 18, 1;
    %mov 32, 18, 1;
    %mov 33, 18, 1;
    %mov 34, 18, 1;
    %mov 35, 18, 1;
    %mov 36, 18, 1;
    %mov 37, 18, 1;
    %mov 38, 18, 1;
    %mov 39, 18, 1;
    %mov 40, 18, 1;
    %mov 41, 18, 1;
    %mov 42, 18, 1;
    %mov 43, 18, 1;
    %mov 44, 18, 1;
    %mov 45, 18, 1;
    %mov 46, 18, 1;
    %mov 47, 18, 1;
    %mov 48, 18, 1;
    %mov 49, 18, 1;
    %mov 50, 18, 1;
    %mov 51, 18, 1;
    %mov 52, 18, 1;
    %ix/load 0, 16, 0;
    %mov 4, 0, 1;
    %shiftl/i0  8, 45;
    %load/v 53, v0x27f5ae0_0, 17;
    %movi 70, 0, 28;
    %mul 8, 53, 45;
    %ix/load 0, 45, 0;
    %assign/v0 v0x27f5d60_0, 0, 8;
    %load/v 8, v0x27f59a0_0, 11;
    %mov 19, 18, 1;
    %mov 20, 18, 1;
    %mov 21, 18, 1;
    %mov 22, 18, 1;
    %mov 23, 18, 1;
    %mov 24, 18, 1;
    %mov 25, 18, 1;
    %mov 26, 18, 1;
    %mov 27, 18, 1;
    %mov 28, 18, 1;
    %mov 29, 18, 1;
    %mov 30, 18, 1;
    %mov 31, 18, 1;
    %mov 32, 18, 1;
    %mov 33, 18, 1;
    %mov 34, 18, 1;
    %mov 35, 18, 1;
    %mov 36, 18, 1;
    %mov 37, 18, 1;
    %mov 38, 18, 1;
    %mov 39, 18, 1;
    %mov 40, 18, 1;
    %mov 41, 18, 1;
    %mov 42, 18, 1;
    %mov 43, 18, 1;
    %mov 44, 18, 1;
    %mov 45, 18, 1;
    %mov 46, 18, 1;
    %mov 47, 18, 1;
    %mov 48, 18, 1;
    %mov 49, 18, 1;
    %mov 50, 18, 1;
    %mov 51, 18, 1;
    %mov 52, 18, 1;
    %ix/load 0, 16, 0;
    %mov 4, 0, 1;
    %shiftl/i0  8, 45;
    %load/v 53, v0x27f5bc0_0, 17;
    %movi 70, 0, 28;
    %mul 8, 53, 45;
    %ix/load 0, 45, 0;
    %assign/v0 v0x27f5e00_0, 0, 8;
    %load/v 8, v0x27f5f40_0, 45;
    %load/v 53, v0x27f5fe0_0, 45;
    %sub 8, 53, 45;
    %ix/load 0, 16, 0;
    %mov 4, 0, 1;
    %shiftr/i0  8, 45;
    %ix/load 0, 11, 0;
    %assign/v0 v0x27f5ea0_0, 0, 8;
    %load/v 8, v0x27f5d60_0, 45;
    %load/v 53, v0x27f5e00_0, 45;
    %add 8, 53, 45;
    %ix/load 0, 16, 0;
    %mov 4, 0, 1;
    %shiftr/i0  8, 45;
    %ix/load 0, 11, 0;
    %assign/v0 v0x27f5cc0_0, 0, 8;
T_16.1 ;
    %jmp T_16;
    .thread T_16;
    .scope S_0x2746ed0;
T_17 ;
    %wait E_0x27ca660;
    %load/v 8, v0x27f5710_0, 1;
    %inv 8, 1;
    %jmp/0xz  T_17.0, 8;
    %ix/load 0, 11, 0;
    %assign/v0 v0x27f52a0_0, 0, 0;
    %ix/load 0, 11, 0;
    %assign/v0 v0x27f5070_0, 0, 0;
    %jmp T_17.1;
T_17.0 ;
    %load/v 8, v0x27f4da0_0, 11;
    %mov 19, 18, 1;
    %mov 20, 18, 1;
    %mov 21, 18, 1;
    %mov 22, 18, 1;
    %mov 23, 18, 1;
    %mov 24, 18, 1;
    %mov 25, 18, 1;
    %mov 26, 18, 1;
    %mov 27, 18, 1;
    %mov 28, 18, 1;
    %mov 29, 18, 1;
    %mov 30, 18, 1;
    %mov 31, 18, 1;
    %mov 32, 18, 1;
    %mov 33, 18, 1;
    %mov 34, 18, 1;
    %mov 35, 18, 1;
    %mov 36, 18, 1;
    %mov 37, 18, 1;
    %mov 38, 18, 1;
    %mov 39, 18, 1;
    %mov 40, 18, 1;
    %mov 41, 18, 1;
    %mov 42, 18, 1;
    %mov 43, 18, 1;
    %mov 44, 18, 1;
    %mov 45, 18, 1;
    %mov 46, 18, 1;
    %mov 47, 18, 1;
    %mov 48, 18, 1;
    %mov 49, 18, 1;
    %mov 50, 18, 1;
    %mov 51, 18, 1;
    %mov 52, 18, 1;
    %ix/load 0, 16, 0;
    %mov 4, 0, 1;
    %shiftl/i0  8, 45;
    %load/v 53, v0x27f4ef0_0, 17;
    %movi 70, 0, 28;
    %mul 8, 53, 45;
    %ix/load 0, 45, 0;
    %assign/v0 v0x27f53a0_0, 0, 8;
    %load/v 8, v0x27f4d00_0, 11;
    %mov 19, 18, 1;
    %mov 20, 18, 1;
    %mov 21, 18, 1;
    %mov 22, 18, 1;
    %mov 23, 18, 1;
    %mov 24, 18, 1;
    %mov 25, 18, 1;
    %mov 26, 18, 1;
    %mov 27, 18, 1;
    %mov 28, 18, 1;
    %mov 29, 18, 1;
    %mov 30, 18, 1;
    %mov 31, 18, 1;
    %mov 32, 18, 1;
    %mov 33, 18, 1;
    %mov 34, 18, 1;
    %mov 35, 18, 1;
    %mov 36, 18, 1;
    %mov 37, 18, 1;
    %mov 38, 18, 1;
    %mov 39, 18, 1;
    %mov 40, 18, 1;
    %mov 41, 18, 1;
    %mov 42, 18, 1;
    %mov 43, 18, 1;
    %mov 44, 18, 1;
    %mov 45, 18, 1;
    %mov 46, 18, 1;
    %mov 47, 18, 1;
    %mov 48, 18, 1;
    %mov 49, 18, 1;
    %mov 50, 18, 1;
    %mov 51, 18, 1;
    %mov 52, 18, 1;
    %ix/load 0, 16, 0;
    %mov 4, 0, 1;
    %shiftl/i0  8, 45;
    %load/v 53, v0x27f4e40_0, 17;
    %movi 70, 0, 28;
    %mul 8, 53, 45;
    %ix/load 0, 45, 0;
    %assign/v0 v0x27f5440_0, 0, 8;
    %load/v 8, v0x27f4da0_0, 11;
    %mov 19, 18, 1;
    %mov 20, 18, 1;
    %mov 21, 18, 1;
    %mov 22, 18, 1;
    %mov 23, 18, 1;
    %mov 24, 18, 1;
    %mov 25, 18, 1;
    %mov 26, 18, 1;
    %mov 27, 18, 1;
    %mov 28, 18, 1;
    %mov 29, 18, 1;
    %mov 30, 18, 1;
    %mov 31, 18, 1;
    %mov 32, 18, 1;
    %mov 33, 18, 1;
    %mov 34, 18, 1;
    %mov 35, 18, 1;
    %mov 36, 18, 1;
    %mov 37, 18, 1;
    %mov 38, 18, 1;
    %mov 39, 18, 1;
    %mov 40, 18, 1;
    %mov 41, 18, 1;
    %mov 42, 18, 1;
    %mov 43, 18, 1;
    %mov 44, 18, 1;
    %mov 45, 18, 1;
    %mov 46, 18, 1;
    %mov 47, 18, 1;
    %mov 48, 18, 1;
    %mov 49, 18, 1;
    %mov 50, 18, 1;
    %mov 51, 18, 1;
    %mov 52, 18, 1;
    %ix/load 0, 16, 0;
    %mov 4, 0, 1;
    %shiftl/i0  8, 45;
    %load/v 53, v0x27f4e40_0, 17;
    %movi 70, 0, 28;
    %mul 8, 53, 45;
    %ix/load 0, 45, 0;
    %assign/v0 v0x27f5110_0, 0, 8;
    %load/v 8, v0x27f4d00_0, 11;
    %mov 19, 18, 1;
    %mov 20, 18, 1;
    %mov 21, 18, 1;
    %mov 22, 18, 1;
    %mov 23, 18, 1;
    %mov 24, 18, 1;
    %mov 25, 18, 1;
    %mov 26, 18, 1;
    %mov 27, 18, 1;
    %mov 28, 18, 1;
    %mov 29, 18, 1;
    %mov 30, 18, 1;
    %mov 31, 18, 1;
    %mov 32, 18, 1;
    %mov 33, 18, 1;
    %mov 34, 18, 1;
    %mov 35, 18, 1;
    %mov 36, 18, 1;
    %mov 37, 18, 1;
    %mov 38, 18, 1;
    %mov 39, 18, 1;
    %mov 40, 18, 1;
    %mov 41, 18, 1;
    %mov 42, 18, 1;
    %mov 43, 18, 1;
    %mov 44, 18, 1;
    %mov 45, 18, 1;
    %mov 46, 18, 1;
    %mov 47, 18, 1;
    %mov 48, 18, 1;
    %mov 49, 18, 1;
    %mov 50, 18, 1;
    %mov 51, 18, 1;
    %mov 52, 18, 1;
    %ix/load 0, 16, 0;
    %mov 4, 0, 1;
    %shiftl/i0  8, 45;
    %load/v 53, v0x27f4ef0_0, 17;
    %movi 70, 0, 28;
    %mul 8, 53, 45;
    %ix/load 0, 45, 0;
    %assign/v0 v0x27f5200_0, 0, 8;
    %load/v 8, v0x27f53a0_0, 45;
    %load/v 53, v0x27f5440_0, 45;
    %sub 8, 53, 45;
    %ix/load 0, 16, 0;
    %mov 4, 0, 1;
    %shiftr/i0  8, 45;
    %ix/load 0, 11, 0;
    %assign/v0 v0x27f52a0_0, 0, 8;
    %load/v 8, v0x27f5110_0, 45;
    %load/v 53, v0x27f5200_0, 45;
    %add 8, 53, 45;
    %ix/load 0, 16, 0;
    %mov 4, 0, 1;
    %shiftr/i0  8, 45;
    %ix/load 0, 11, 0;
    %assign/v0 v0x27f5070_0, 0, 8;
T_17.1 ;
    %jmp T_17;
    .thread T_17;
    .scope S_0x2738230;
T_18 ;
    %wait E_0x27c7ef0;
    %load/v 8, v0x27fdb00_0, 1;
    %inv 8, 1;
    %jmp/0xz  T_18.0, 8;
    %ix/load 0, 1, 0;
    %assign/v0 v0x27fdc50_0, 0, 0;
    %ix/load 0, 4, 0;
    %assign/v0 v0x27fd9c0_0, 0, 0;
    %jmp T_18.1;
T_18.0 ;
    %load/v 8, v0x27fdd30_0, 1;
    %jmp/0xz  T_18.2, 8;
    %movi 8, 1, 4;
    %ix/load 0, 4, 0;
    %assign/v0 v0x27fd9c0_0, 0, 8;
    %ix/load 0, 1, 0;
    %assign/v0 v0x27fdc50_0, 0, 0;
T_18.2 ;
    %load/v 8, v0x27fd9c0_0, 4;
    %mov 12, 0, 1;
    %cmpi/u 8, 1, 5;
    %jmp/0xz  T_18.4, 4;
    %load/v 8, v0x27fd9c0_0, 4;
    %mov 12, 0, 28;
    %addi 8, 1, 32;
    %ix/load 0, 4, 0;
    %assign/v0 v0x27fd9c0_0, 0, 8;
T_18.4 ;
    %load/v 8, v0x27fd9c0_0, 4;
    %mov 12, 0, 1;
    %cmpi/u 8, 2, 5;
    %jmp/0xz  T_18.6, 4;
    %load/v 8, v0x27fd9c0_0, 4;
    %mov 12, 0, 28;
    %addi 8, 1, 32;
    %ix/load 0, 4, 0;
    %assign/v0 v0x27fd9c0_0, 0, 8;
T_18.6 ;
    %load/v 8, v0x27fd9c0_0, 4;
    %mov 12, 0, 1;
    %cmpi/u 8, 3, 5;
    %jmp/0xz  T_18.8, 4;
    %load/v 8, v0x27fd9c0_0, 4;
    %mov 12, 0, 28;
    %addi 8, 1, 32;
    %ix/load 0, 4, 0;
    %assign/v0 v0x27fd9c0_0, 0, 8;
    %ix/load 0, 1, 0;
    %assign/v0 v0x27fdc50_0, 0, 1;
T_18.8 ;
    %load/v 8, v0x27fd9c0_0, 4;
    %mov 12, 0, 1;
    %cmpi/u 8, 4, 5;
    %jmp/0xz  T_18.10, 4;
    %ix/load 0, 4, 0;
    %assign/v0 v0x27fd9c0_0, 0, 0;
    %ix/load 0, 1, 0;
    %assign/v0 v0x27fdc50_0, 0, 0;
T_18.10 ;
T_18.1 ;
    %jmp T_18;
    .thread T_18;
    .scope S_0x27c5c60;
T_19 ;
    %set/v v0x27fe620_0, 1, 1;
    %movi 8, 1, 11;
    %ix/load 0, 11, 0;
    %assign/v0 v0x27fdfa0_0, 0, 8;
    %movi 8, 2, 11;
    %ix/load 0, 11, 0;
    %assign/v0 v0x27fdf20_0, 0, 8;
    %movi 8, 3, 11;
    %ix/load 0, 11, 0;
    %assign/v0 v0x27fe120_0, 0, 8;
    %movi 8, 4, 11;
    %ix/load 0, 11, 0;
    %assign/v0 v0x27fe0a0_0, 0, 8;
    %movi 8, 5, 11;
    %ix/load 0, 11, 0;
    %assign/v0 v0x27fe2a0_0, 0, 8;
    %movi 8, 6, 11;
    %ix/load 0, 11, 0;
    %assign/v0 v0x27fe220_0, 0, 8;
    %movi 8, 7, 11;
    %ix/load 0, 11, 0;
    %assign/v0 v0x27fe420_0, 0, 8;
    %movi 8, 8, 11;
    %ix/load 0, 11, 0;
    %assign/v0 v0x27fe3a0_0, 0, 8;
    %ix/load 0, 1, 0;
    %assign/v0 v0x27fe6a0_0, 0, 0;
    %movi 8, 1, 7;
    %ix/load 0, 7, 0;
    %assign/v0 v0x27fe520_0, 0, 8;
    %delay 10, 0;
    %ix/load 0, 1, 0;
    %assign/v0 v0x27fe620_0, 0, 0;
    %delay 10, 0;
    %ix/load 0, 1, 0;
    %assign/v0 v0x27fe620_0, 0, 1;
    %delay 3000, 0;
    %vpi_call 2 37 "$finish";
    %end;
    .thread T_19;
    .scope S_0x27c5c60;
T_20 ;
    %vpi_call 2 42 "$dumpfile", "radix.vcd";
    %vpi_call 2 43 "$dumpvars";
    %delay 0, 0;
    %ix/load 0, 1, 0;
    %assign/v0 v0x27fe4a0_0, 0, 0;
    %end;
    .thread T_20;
    .scope S_0x27c5c60;
T_21 ;
    %delay 20, 0;
    %ix/load 0, 1, 0;
    %assign/v0 v0x27fe6a0_0, 0, 1;
    %delay 10, 0;
    %ix/load 0, 1, 0;
    %assign/v0 v0x27fe6a0_0, 0, 0;
    %end;
    .thread T_21;
    .scope S_0x27c5c60;
T_22 ;
    %delay 5, 0;
    %load/v 8, v0x27fe4a0_0, 1;
    %inv 8, 1;
    %ix/load 0, 1, 0;
    %assign/v0 v0x27fe4a0_0, 0, 8;
    %jmp T_22;
    .thread T_22;
# The file index is used to find the file name in the following table.
:file_names 5;
    "N/A";
    "<interactive>";
    "test_radix4.v";
    "radix4_batterfly.v";
    "twiddler.v";
