#! /usr/bin/vvp
:ivl_version "0.9.7 " "(v0_9_7)";
:vpi_time_precision - 12;
:vpi_module "system";
:vpi_module "v2005_math";
:vpi_module "va_math";
S_0x130fee0 .scope module, "test_iqdemap_qpsk" "test_iqdemap_qpsk" 2 2;
 .timescale -9 -12;
v0x134dc80_0 .var/s "ai", 10 0;
v0x134dd20_0 .var/s "ar", 10 0;
v0x134ddd0_0 .net "ce", 0 0, C4<z>; 0 drivers
v0x134de80_0 .var "clk", 0 0;
v0x134df60_0 .var "cnt", 6 0;
v0x134dfe0_0 .var "reader_data", 127 0;
v0x134e060_0 .var "rst", 0 0;
v0x134e0e0_0 .var "valid", 0 0;
S_0x130fca0 .scope module, "qpsk" "iqdemap_qpsk" 2 50, 3 21, S_0x130fee0;
 .timescale -9 -12;
v0x130fa60_0 .net "CLK", 0 0, v0x134de80_0; 1 drivers
v0x134d430_0 .net "RST", 0 0, v0x134e060_0; 1 drivers
v0x134d4d0_0 .net/s "ai", 10 0, v0x134dc80_0; 1 drivers
v0x134d570_0 .net/s "ar", 10 0, v0x134dd20_0; 1 drivers
v0x134d620_0 .alias "ce", 0 0, v0x134ddd0_0;
v0x134d6c0_0 .var "cnt", 8 0;
v0x134d7a0_0 .var "raw", 3 0;
v0x134d840_0 .net "valid_i", 0 0, v0x134e0e0_0; 1 drivers
v0x134d930_0 .var "valid_o", 0 0;
v0x134d9d0_0 .net "valid_raw", 0 0, v0x134d930_0; 1 drivers
v0x134dad0_0 .var "write_data_output_flg", 0 0;
v0x134db70_0 .var "writer_data", 127 0;
E_0x1323d20 .event posedge, v0x130fa60_0;
    .scope S_0x130fca0;
T_0 ;
    %wait E_0x1323d20;
    %load/v 8, v0x134d430_0, 1;
    %inv 8, 1;
    %jmp/0xz  T_0.0, 8;
    %ix/load 0, 1, 0;
    %assign/v0 v0x134d930_0, 0, 0;
    %ix/load 0, 4, 0;
    %assign/v0 v0x134d7a0_0, 0, 0;
    %jmp T_0.1;
T_0.0 ;
    %load/v 8, v0x134dad0_0, 1;
    %jmp/0xz  T_0.2, 8;
    %movi 8, 1, 9;
    %ix/load 0, 9, 0;
    %assign/v0 v0x134d6c0_0, 0, 8;
    %ix/load 0, 1, 0;
    %assign/v0 v0x134dad0_0, 0, 0;
    %ix/load 0, 1, 0;
    %assign/v0 v0x134d930_0, 0, 0;
    %jmp T_0.3;
T_0.2 ;
    %load/v 8, v0x134d840_0, 1;
    %jmp/0xz  T_0.4, 8;
    %load/v 8, v0x134d570_0, 11;
    %ix/load 0, 4, 0;
    %assign/v0 v0x134d7a0_0, 0, 8;
    %movi 8, 1, 32;
    %load/v 40, v0x134d570_0, 11;
    %mov 51, 50, 1;
    %mov 52, 50, 1;
    %mov 53, 50, 1;
    %mov 54, 50, 1;
    %mov 55, 50, 1;
    %mov 56, 50, 1;
    %mov 57, 50, 1;
    %mov 58, 50, 1;
    %mov 59, 50, 1;
    %mov 60, 50, 1;
    %mov 61, 50, 1;
    %mov 62, 50, 1;
    %mov 63, 50, 1;
    %mov 64, 50, 1;
    %mov 65, 50, 1;
    %mov 66, 50, 1;
    %mov 67, 50, 1;
    %mov 68, 50, 1;
    %mov 69, 50, 1;
    %mov 70, 50, 1;
    %mov 71, 50, 1;
    %sub 8, 40, 32;
    %ix/load 0, 1, 0;
    %mov 4, 0, 1;
    %shiftr/i0  8, 32;
    %load/v 40, v0x134d6c0_0, 9;
    %movi 49, 0, 23;
    %subi 40, 1, 32;
    %ix/get 1, 40, 32;
    %jmp/1 t_0, 4;
    %ix/load 0, 1, 0;
    %assign/v0/x1 v0x134db70_0, 0, 8;
t_0 ;
    %movi 8, 1, 32;
    %load/v 40, v0x134d4d0_0, 11;
    %mov 51, 50, 1;
    %mov 52, 50, 1;
    %mov 53, 50, 1;
    %mov 54, 50, 1;
    %mov 55, 50, 1;
    %mov 56, 50, 1;
    %mov 57, 50, 1;
    %mov 58, 50, 1;
    %mov 59, 50, 1;
    %mov 60, 50, 1;
    %mov 61, 50, 1;
    %mov 62, 50, 1;
    %mov 63, 50, 1;
    %mov 64, 50, 1;
    %mov 65, 50, 1;
    %mov 66, 50, 1;
    %mov 67, 50, 1;
    %mov 68, 50, 1;
    %mov 69, 50, 1;
    %mov 70, 50, 1;
    %mov 71, 50, 1;
    %sub 8, 40, 32;
    %ix/load 0, 1, 0;
    %mov 4, 0, 1;
    %shiftr/i0  8, 32;
    %ix/getv 1, v0x134d6c0_0;
    %jmp/1 t_1, 4;
    %ix/load 0, 1, 0;
    %assign/v0/x1 v0x134db70_0, 0, 8;
t_1 ;
    %load/v 8, v0x134d6c0_0, 9;
    %mov 17, 0, 23;
    %addi 8, 2, 32;
    %ix/load 0, 9, 0;
    %assign/v0 v0x134d6c0_0, 0, 8;
    %movi 8, 128, 10;
    %load/v 18, v0x134d6c0_0, 9;
    %mov 27, 0, 1;
    %cmp/u 8, 18, 10;
    %or 5, 4, 1;
    %jmp/0xz  T_0.6, 5;
    %ix/load 0, 1, 0;
    %assign/v0 v0x134dad0_0, 0, 1;
    %ix/load 0, 1, 0;
    %assign/v0 v0x134d930_0, 0, 1;
T_0.6 ;
    %jmp T_0.5;
T_0.4 ;
    %movi 8, 1, 9;
    %ix/load 0, 9, 0;
    %assign/v0 v0x134d6c0_0, 0, 8;
T_0.5 ;
T_0.3 ;
T_0.1 ;
    %jmp T_0;
    .thread T_0;
    .scope S_0x130fee0;
T_1 ;
    %set/v v0x134e060_0, 1, 1;
    %delay 1000, 0;
    %set/v v0x134e060_0, 0, 1;
    %delay 2000, 0;
    %set/v v0x134e060_0, 1, 1;
    %delay 3000000, 0;
    %vpi_call 2 15 "$finish";
    %end;
    .thread T_1;
    .scope S_0x130fee0;
T_2 ;
    %vpi_call 2 20 "$dumpvars";
    %vpi_call 2 21 "$dumpfile", "stm.vcd";
    %delay 0, 0;
    %ix/load 0, 1, 0;
    %assign/v0 v0x134de80_0, 0, 0;
    %movi 8, 4021013999, 32;
    %movi 40, 3455036365, 32;
    %movi 72, 2882400171, 32;
    %movi 104, 11259375, 32;
    %ix/load 0, 128, 0;
    %assign/v0 v0x134dfe0_0, 0, 8;
    %ix/load 0, 1, 0;
    %assign/v0 v0x134e0e0_0, 0, 0;
    %ix/load 0, 11, 0;
    %assign/v0 v0x134dc80_0, 0, 0;
    %movi 136, 1, 7;
    %ix/load 0, 7, 0;
    %assign/v0 v0x134df60_0, 0, 136;
    %end;
    .thread T_2;
    .scope S_0x130fee0;
T_3 ;
    %delay 5000, 0;
    %load/v 8, v0x134de80_0, 1;
    %inv 8, 1;
    %ix/load 0, 1, 0;
    %assign/v0 v0x134de80_0, 0, 8;
    %jmp T_3;
    .thread T_3;
    .scope S_0x130fee0;
T_4 ;
    %delay 10000, 0;
    %movi 8, 1, 33;
    %load/v 74, v0x134df60_0, 7;
    %movi 81, 0, 25;
    %subi 74, 1, 32;
    %ix/get 1, 74, 32;
    %jmp/1 T_4.0, 4;
    %load/x1p 74, v0x134dfe0_0, 1;
    %jmp T_4.1;
T_4.0 ;
    %mov 74, 2, 1;
T_4.1 ;
    %mov 41, 74, 1; Move signal select into place
    %mov 42, 0, 32;
    %ix/load 0, 1, 0;
    %mov 4, 0, 1;
    %shiftl/i0  41, 33;
    %sub 8, 41, 33;
    %ix/load 0, 11, 0;
    %assign/v0 v0x134dd20_0, 0, 8;
    %movi 8, 1, 33;
    %ix/getv 1, v0x134df60_0;
    %jmp/1 T_4.2, 4;
    %load/x1p 74, v0x134dfe0_0, 1;
    %jmp T_4.3;
T_4.2 ;
    %mov 74, 2, 1;
T_4.3 ;
    %mov 41, 74, 1; Move signal select into place
    %mov 42, 0, 32;
    %ix/load 0, 1, 0;
    %mov 4, 0, 1;
    %shiftl/i0  41, 33;
    %sub 8, 41, 33;
    %ix/load 0, 11, 0;
    %assign/v0 v0x134dc80_0, 0, 8;
    %ix/load 0, 1, 0;
    %assign/v0 v0x134e0e0_0, 0, 1;
    %load/v 8, v0x134df60_0, 7;
    %mov 15, 0, 25;
    %addi 8, 2, 32;
    %ix/load 0, 7, 0;
    %assign/v0 v0x134df60_0, 0, 8;
    %jmp T_4;
    .thread T_4;
    .scope S_0x130fee0;
T_5 ;
    %delay 50000, 0;
    %ix/load 0, 1, 0;
    %assign/v0 v0x134e0e0_0, 0, 1;
    %end;
    .thread T_5;
# The file index is used to find the file name in the following table.
:file_names 4;
    "N/A";
    "<interactive>";
    "test_iqdemap_qpsk.v";
    "iqdemap_qpsk.v";
