#! /usr/bin/vvp
:ivl_version "0.9.7 " "(v0_9_7)";
:vpi_time_precision + 0;
:vpi_module "system";
:vpi_module "v2005_math";
:vpi_module "va_math";
S_0x273d830 .scope module, "test_fft" "test_fft" 2 2;
 .timescale 0 0;
v0x2787020_0 .var "ai", 10 0;
v0x2787230_0 .var "ar", 10 0;
v0x27872e0_0 .var "clk", 0 0;
v0x2787390_0 .var "rst", 0 0;
v0x2787440_0 .var "valid", 0 0;
S_0x273fc80 .scope module, "fft_module" "fft" 2 42, 3 3, S_0x273d830;
 .timescale 0 0;
v0x2762420_0 .net "ai", 10 0, v0x2787020_0; 1 drivers
v0x27855a0 .array "ai_reg", 63 0, 10 0;
v0x2785620_0 .net "ar", 10 0, v0x2787230_0; 1 drivers
v0x27856c0 .array "ar_reg", 63 0, 10 0;
v0x2786160_0 .net "clk", 0 0, v0x27872e0_0; 1 drivers
v0x2786200_0 .var "i", 6 0;
v0x27862e0_0 .var "i_loop_flg", 0 0;
v0x2786380_0 .var "input_cnt", 6 0;
v0x2786470_0 .var "j", 6 0;
v0x2786510_0 .var "j_loop_flg", 0 0;
v0x2786610_0 .var "k", 6 0;
v0x27866b0_0 .var "m", 6 0;
v0x27867c0_0 .var "m_loop_flg", 0 0;
v0x2786860_0 .var "mh", 6 0;
v0x2786980_0 .var "output_cnt", 6 0;
v0x2786a20_0 .var "output_flg", 0 0;
v0x27868e0_0 .net "rst", 0 0, v0x2787390_0; 1 drivers
v0x2786b70_0 .var "start_flg", 0 0;
v0x27856c0_1 .array/port v0x27856c0, 1;
v0x2786c90_0 .net "test", 10 0, v0x27856c0_1; 1 drivers
v0x2786d10_0 .net "valid_i", 0 0, v0x2787440_0; 1 drivers
v0x2786bf0_0 .var "wi", 31 0;
v0x2786e40_0 .var "wr", 31 0;
v0x2786d90_0 .var "xi", 10 0;
v0x2786f80_0 .var "xi_tmp", 10 0;
v0x2786ee0_0 .var "xr", 10 0;
v0x27870d0_0 .var "xr_tmp", 10 0;
E_0x273fba0/0 .event negedge, v0x27868e0_0;
E_0x273fba0/1 .event posedge, v0x2786160_0;
E_0x273fba0 .event/or E_0x273fba0/0, E_0x273fba0/1;
    .scope S_0x273fc80;
T_0 ;
    %wait E_0x273fba0;
    %load/v 8, v0x27868e0_0, 1;
    %inv 8, 1;
    %jmp/0xz  T_0.0, 8;
    %ix/load 0, 11, 0;
    %assign/v0 v0x2786ee0_0, 0, 0;
    %ix/load 0, 11, 0;
    %assign/v0 v0x2786d90_0, 0, 0;
    %ix/load 0, 7, 0;
    %assign/v0 v0x2786380_0, 0, 0;
    %ix/load 0, 7, 0;
    %assign/v0 v0x2786980_0, 0, 0;
    %ix/load 0, 1, 0;
    %assign/v0 v0x2786a20_0, 0, 0;
    %ix/load 0, 7, 0;
    %assign/v0 v0x27866b0_0, 0, 0;
    %ix/load 0, 7, 0;
    %assign/v0 v0x2786470_0, 0, 0;
    %ix/load 0, 1, 0;
    %assign/v0 v0x2786b70_0, 0, 0;
    %ix/load 0, 1, 0;
    %assign/v0 v0x27867c0_0, 0, 0;
    %ix/load 0, 1, 0;
    %assign/v0 v0x27862e0_0, 0, 0;
    %ix/load 0, 1, 0;
    %assign/v0 v0x2786510_0, 0, 0;
    %jmp T_0.1;
T_0.0 ;
    %load/v 8, v0x2786b70_0, 1;
    %jmp/0xz  T_0.2, 8;
    %load/v 8, v0x27862e0_0, 1;
    %inv 8, 1;
    %jmp/0xz  T_0.4, 8;
    %load/v 8, v0x27866b0_0, 7;
    %ix/load 0, 1, 0;
    %mov 4, 0, 1;
    %shiftr/i0  8, 7;
    %ix/load 0, 7, 0;
    %assign/v0 v0x27866b0_0, 0, 8;
    %load/v 8, v0x27866b0_0, 7;
    %nor/r 8, 8, 7;
    %jmp/0xz  T_0.6, 8;
    %ix/load 0, 1, 0;
    %assign/v0 v0x2786b70_0, 0, 0;
    %ix/load 0, 1, 0;
    %assign/v0 v0x2786a20_0, 0, 1;
    %jmp T_0.7;
T_0.6 ;
    %load/v 8, v0x27866b0_0, 7;
    %ix/load 0, 1, 0;
    %mov 4, 0, 1;
    %shiftr/i0  8, 7;
    %ix/load 0, 7, 0;
    %assign/v0 v0x2786860_0, 0, 8;
    %ix/load 0, 1, 0;
    %assign/v0 v0x27862e0_0, 0, 1;
T_0.7 ;
    %jmp T_0.5;
T_0.4 ;
    %load/v 8, v0x2786510_0, 1;
    %inv 8, 1;
    %jmp/0xz  T_0.8, 8;
    %load/v 8, v0x2786200_0, 7;
    %mov 15, 0, 25;
    %addi 8, 1, 32;
    %ix/load 0, 7, 0;
    %assign/v0 v0x2786200_0, 0, 8;
    %load/v 8, v0x2786860_0, 7;
    %load/v 15, v0x2786200_0, 7;
    %cmp/u 8, 15, 7;
    %or 5, 4, 1;
    %jmp/0xz  T_0.10, 5;
    %ix/load 0, 7, 0;
    %assign/v0 v0x2786200_0, 0, 0;
    %ix/load 0, 1, 0;
    %assign/v0 v0x27862e0_0, 0, 0;
    %jmp T_0.11;
T_0.10 ;
    %load/v 8, v0x27866b0_0, 7;
    %mov 15, 0, 25;
    %ix/load 0, 5, 0;
    %mov 4, 0, 1;
    %shiftr/i0  8, 32;
    %load/v 40, v0x2786200_0, 7;
    %movi 47, 0, 25;
    %mul 8, 40, 32;
    %ix/load 0, 32, 0;
    %assign/v0 v0x2786e40_0, 0, 8;
    %load/v 8, v0x27866b0_0, 7;
    %mov 15, 0, 25;
    %ix/load 0, 5, 0;
    %mov 4, 0, 1;
    %shiftr/i0  8, 32;
    %load/v 40, v0x2786200_0, 7;
    %movi 47, 0, 25;
    %mul 8, 40, 32;
    %ix/load 0, 32, 0;
    %assign/v0 v0x2786bf0_0, 0, 8;
    %load/v 8, v0x2786200_0, 7;
    %ix/load 0, 7, 0;
    %assign/v0 v0x2786470_0, 0, 8;
    %load/v 8, v0x2786470_0, 7;
    %load/v 15, v0x2786860_0, 7;
    %add 8, 15, 7;
    %ix/load 0, 7, 0;
    %assign/v0 v0x2786610_0, 0, 8;
    %ix/load 0, 1, 0;
    %assign/v0 v0x2786510_0, 0, 1;
T_0.11 ;
    %jmp T_0.9;
T_0.8 ;
    %load/v 8, v0x2786470_0, 7;
    %load/v 15, v0x27866b0_0, 7;
    %add 8, 15, 7;
    %ix/load 0, 7, 0;
    %assign/v0 v0x2786470_0, 0, 8;
    %load/v 8, v0x2786470_0, 7;
    %load/v 15, v0x2786860_0, 7;
    %add 8, 15, 7;
    %ix/load 0, 7, 0;
    %assign/v0 v0x2786610_0, 0, 8;
    %movi 8, 64, 9;
    %load/v 17, v0x2786470_0, 7;
    %mov 24, 0, 2;
    %cmp/u 8, 17, 9;
    %or 5, 4, 1;
    %jmp/0xz  T_0.12, 5;
    %ix/load 0, 7, 0;
    %assign/v0 v0x2786470_0, 0, 0;
    %load/v 8, v0x2786860_0, 7;
    %ix/load 0, 7, 0;
    %assign/v0 v0x2786610_0, 0, 8;
    %ix/load 0, 1, 0;
    %assign/v0 v0x2786510_0, 0, 0;
T_0.12 ;
    %load/v 8, v0x2786610_0, 7;
    %mov 15, 0, 2;
   %cmpi/u 8, 64, 9;
    %jmp/0xz  T_0.14, 5;
    %ix/getv 3, v0x2786470_0;
    %load/av 8, v0x27856c0, 11;
    %ix/getv 3, v0x2786610_0;
    %load/av 19, v0x27856c0, 11;
    %sub 8, 19, 11;
    %ix/load 0, 11, 0;
    %assign/v0 v0x27870d0_0, 0, 8;
    %ix/getv 3, v0x2786470_0;
    %load/av 8, v0x27855a0, 11;
    %ix/getv 3, v0x2786610_0;
    %load/av 19, v0x27855a0, 11;
    %sub 8, 19, 11;
    %ix/load 0, 11, 0;
    %assign/v0 v0x2786f80_0, 0, 8;
    %load/v 8, v0x2786e40_0, 32;
    %load/v 40, v0x2786ee0_0, 11;
    %movi 51, 0, 21;
    %mul 8, 40, 32;
    %load/v 40, v0x2786bf0_0, 32;
    %load/v 72, v0x2786d90_0, 11;
    %movi 83, 0, 21;
    %mul 40, 72, 32;
    %sub 8, 40, 32;
    %ix/load 0, 15, 0;
    %mov 4, 0, 1;
    %shiftr/i0  8, 32;
    %ix/getv 3, v0x2786610_0;
    %jmp/1 t_0, 4;
    %ix/load 0, 11, 0; word width
    %ix/load 1, 0, 0; part off
    %assign/av v0x27856c0, 0, 8;
t_0 ;
    %load/v 8, v0x2786e40_0, 32;
    %load/v 40, v0x2786d90_0, 11;
    %movi 51, 0, 21;
    %mul 8, 40, 32;
    %load/v 40, v0x2786bf0_0, 32;
    %load/v 72, v0x2786ee0_0, 11;
    %movi 83, 0, 21;
    %mul 40, 72, 32;
    %sub 8, 40, 32;
    %ix/load 0, 15, 0;
    %mov 4, 0, 1;
    %shiftr/i0  8, 32;
    %ix/getv 3, v0x2786610_0;
    %jmp/1 t_1, 4;
    %ix/load 0, 11, 0; word width
    %ix/load 1, 0, 0; part off
    %assign/av v0x27855a0, 0, 8;
t_1 ;
T_0.14 ;
T_0.9 ;
T_0.5 ;
    %jmp T_0.3;
T_0.2 ;
    %load/v 8, v0x2786a20_0, 1;
    %jmp/0xz  T_0.16, 8;
    %ix/getv 3, v0x2786980_0;
    %load/av 8, v0x27856c0, 11;
    %ix/getv 1, v0x2786980_0;
    %jmp/1 t_2, 4;
    %ix/load 0, 1, 0;
    %assign/v0/x1 v0x2786ee0_0, 0, 8;
t_2 ;
    %ix/getv 3, v0x2786980_0;
    %load/av 8, v0x27855a0, 11;
    %ix/getv 1, v0x2786980_0;
    %jmp/1 t_3, 4;
    %ix/load 0, 1, 0;
    %assign/v0/x1 v0x2786d90_0, 0, 8;
t_3 ;
    %load/v 8, v0x2786980_0, 7;
    %mov 15, 0, 25;
    %addi 8, 1, 32;
    %ix/load 0, 7, 0;
    %assign/v0 v0x2786980_0, 0, 8;
    %movi 8, 64, 9;
    %load/v 17, v0x2786980_0, 7;
    %mov 24, 0, 2;
    %cmp/u 8, 17, 9;
    %or 5, 4, 1;
    %jmp/0xz  T_0.18, 5;
    %ix/load 0, 1, 0;
    %assign/v0 v0x2786a20_0, 0, 0;
    %ix/load 0, 7, 0;
    %assign/v0 v0x2786980_0, 0, 0;
T_0.18 ;
    %jmp T_0.17;
T_0.16 ;
    %load/v 8, v0x2786d10_0, 1;
    %jmp/0xz  T_0.20, 8;
    %load/v 8, v0x2785620_0, 11;
    %ix/getv 3, v0x2786380_0;
    %jmp/1 t_4, 4;
    %ix/load 0, 11, 0; word width
    %ix/load 1, 0, 0; part off
    %assign/av v0x27856c0, 0, 8;
t_4 ;
    %load/v 8, v0x2762420_0, 11;
    %ix/getv 3, v0x2786380_0;
    %jmp/1 t_5, 4;
    %ix/load 0, 11, 0; word width
    %ix/load 1, 0, 0; part off
    %assign/av v0x27855a0, 0, 8;
t_5 ;
    %load/v 8, v0x2786380_0, 7;
    %mov 15, 0, 25;
    %addi 8, 1, 32;
    %ix/load 0, 7, 0;
    %assign/v0 v0x2786380_0, 0, 8;
    %movi 8, 64, 9;
    %load/v 17, v0x2786380_0, 7;
    %mov 24, 0, 2;
    %cmp/u 8, 17, 9;
    %or 5, 4, 1;
    %jmp/0xz  T_0.22, 5;
    %ix/load 0, 1, 0;
    %assign/v0 v0x2786b70_0, 0, 1;
    %ix/load 0, 7, 0;
    %assign/v0 v0x2786380_0, 0, 0;
    %movi 8, 64, 7;
    %ix/load 0, 7, 0;
    %assign/v0 v0x27866b0_0, 0, 8;
    %movi 15, 32, 7;
    %ix/load 0, 7, 0;
    %assign/v0 v0x2786860_0, 0, 15;
    %ix/load 0, 7, 0;
    %assign/v0 v0x2786200_0, 0, 0;
    %ix/load 0, 1, 0;
    %assign/v0 v0x27862e0_0, 0, 1;
    %ix/load 0, 7, 0;
    %assign/v0 v0x2786470_0, 0, 0;
    %ix/load 0, 1, 0;
    %assign/v0 v0x2786510_0, 0, 1;
T_0.22 ;
T_0.20 ;
T_0.17 ;
T_0.3 ;
T_0.1 ;
    %jmp T_0;
    .thread T_0;
    .scope S_0x273d830;
T_1 ;
    %set/v v0x2787390_0, 1, 1;
    %delay 1, 0;
    %set/v v0x2787390_0, 0, 1;
    %delay 2, 0;
    %set/v v0x2787390_0, 1, 1;
    %delay 30000, 0;
    %vpi_call 2 15 "$finish";
    %end;
    .thread T_1;
    .scope S_0x273d830;
T_2 ;
    %vpi_call 2 20 "$dumpvars";
    %vpi_call 2 21 "$dumpfile", "stm.vcd";
    %delay 0, 0;
    %ix/load 0, 1, 0;
    %assign/v0 v0x27872e0_0, 0, 0;
    %ix/load 0, 1, 0;
    %assign/v0 v0x2787440_0, 0, 0;
    %ix/load 0, 11, 0;
    %assign/v0 v0x2787020_0, 0, 0;
    %ix/load 0, 11, 0;
    %assign/v0 v0x2787230_0, 0, 0;
    %end;
    .thread T_2;
    .scope S_0x273d830;
T_3 ;
    %delay 5, 0;
    %load/v 8, v0x27872e0_0, 1;
    %inv 8, 1;
    %ix/load 0, 1, 0;
    %assign/v0 v0x27872e0_0, 0, 8;
    %jmp T_3;
    .thread T_3;
    .scope S_0x273d830;
T_4 ;
    %delay 50, 0;
    %ix/load 0, 1, 0;
    %assign/v0 v0x2787440_0, 0, 1;
    %delay 650, 0;
    %ix/load 0, 1, 0;
    %assign/v0 v0x2787440_0, 0, 0;
    %end;
    .thread T_4;
# The file index is used to find the file name in the following table.
:file_names 4;
    "N/A";
    "<interactive>";
    "test_fft.v";
    "fft.v";
