#! /usr/bin/vvp
:ivl_version "0.9.7 " "(v0_9_7)";
:vpi_time_precision - 12;
:vpi_module "system";
:vpi_module "v2005_math";
:vpi_module "va_math";
S_0x233abd0 .scope module, "test_lcd_control" "test_lcd_control" 2 2;
 .timescale 0 0;
v0x2377c50_0 .net "ce", 0 0, C4<z>; 0 drivers
v0x2377cf0_0 .var "clk", 0 0;
v0x2377da0_0 .var "reader_data", 127 0;
v0x2377e50_0 .var "rst", 0 0;
v0x2377f30_0 .var "valid", 0 0;
S_0x233a990 .scope module, "bpsk" "iqmap_bpsk" 2 36, 3 21, S_0x233abd0;
 .timescale -9 -12;
v0x233a750_0 .net "CLK", 0 0, v0x2377cf0_0; 1 drivers
v0x2377240_0 .net "RST", 0 0, v0x2377e50_0; 1 drivers
v0x23772e0_0 .alias "ce", 0 0, v0x2377c50_0;
v0x2377380_0 .var "cnt", 8 0;
v0x2377430_0 .var "raw", 3 0;
v0x23774d0_0 .net "reader_data", 127 0, v0x2377da0_0; 1 drivers
v0x23775b0_0 .var "reader_data_reg", 127 0;
v0x2377650_0 .var "reader_en", 0 0;
v0x2377740_0 .var "start_output_flg", 0 0;
v0x23777e0_0 .net "valid_i", 0 0, v0x2377f30_0; 1 drivers
v0x23778e0_0 .var "valid_o", 0 0;
v0x2377980_0 .net "valid_raw", 0 0, v0x23778e0_0; 1 drivers
v0x2377a90_0 .var/s "xi", 10 0;
v0x2377b30_0 .var/s "xr", 10 0;
E_0x234ece0 .event posedge, v0x233a750_0;
    .scope S_0x233a990;
T_0 ;
    %wait E_0x234ece0;
    %load/v 8, v0x2377240_0, 1;
    %inv 8, 1;
    %jmp/0xz  T_0.0, 8;
    %ix/load 0, 9, 0;
    %assign/v0 v0x2377380_0, 0, 0;
    %ix/load 0, 128, 0;
    %assign/v0 v0x23775b0_0, 0, 0;
    %ix/load 0, 1, 0;
    %assign/v0 v0x23778e0_0, 0, 0;
    %ix/load 0, 4, 0;
    %assign/v0 v0x2377430_0, 0, 0;
    %ix/load 0, 1, 0;
    %assign/v0 v0x2377650_0, 0, 1;
    %ix/load 0, 1, 0;
    %assign/v0 v0x2377740_0, 0, 0;
    %jmp T_0.1;
T_0.0 ;
    %load/v 8, v0x23777e0_0, 1;
    %jmp/0xz  T_0.2, 8;
    %ix/load 0, 1, 0;
    %assign/v0 v0x2377650_0, 0, 0;
    %load/v 8, v0x23774d0_0, 128;
    %ix/load 0, 128, 0;
    %assign/v0 v0x23775b0_0, 0, 8;
    %ix/load 0, 9, 0;
    %assign/v0 v0x2377380_0, 0, 0;
    %ix/load 0, 11, 0;
    %assign/v0 v0x2377a90_0, 0, 0;
    %ix/load 0, 1, 0;
    %assign/v0 v0x2377740_0, 0, 1;
    %jmp T_0.3;
T_0.2 ;
    %load/v 8, v0x2377740_0, 1;
    %jmp/0xz  T_0.4, 8;
    %ix/load 0, 1, 0;
    %assign/v0 v0x23778e0_0, 0, 1;
    %movi 8, 1, 33;
    %ix/getv 1, v0x2377380_0;
    %jmp/1 T_0.6, 4;
    %load/x1p 74, v0x23775b0_0, 1;
    %jmp T_0.7;
T_0.6 ;
    %mov 74, 2, 1;
T_0.7 ;
    %mov 41, 74, 1; Move signal select into place
    %mov 42, 0, 32;
    %ix/load 0, 1, 0;
    %mov 4, 0, 1;
    %shiftl/i0  41, 33;
    %sub 8, 41, 33;
    %ix/load 0, 11, 0;
    %assign/v0 v0x2377b30_0, 0, 8;
    %ix/getv 1, v0x2377380_0;
    %jmp/1 T_0.8, 4;
    %load/x1p 12, v0x23775b0_0, 1;
    %jmp T_0.9;
T_0.8 ;
    %mov 12, 2, 1;
T_0.9 ;
    %mov 8, 12, 1; Move signal select into place
    %mov 9, 0, 3;
    %ix/load 0, 4, 0;
    %assign/v0 v0x2377430_0, 0, 8;
    %load/v 8, v0x2377380_0, 9;
    %mov 17, 0, 23;
    %addi 8, 1, 32;
    %ix/load 0, 9, 0;
    %assign/v0 v0x2377380_0, 0, 8;
    %load/v 8, v0x2377380_0, 9;
    %mov 17, 0, 1;
    %cmpi/u 8, 128, 10;
    %jmp/0xz  T_0.10, 4;
    %ix/load 0, 1, 0;
    %assign/v0 v0x2377740_0, 0, 0;
    %ix/load 0, 1, 0;
    %assign/v0 v0x23778e0_0, 0, 0;
    %ix/load 0, 1, 0;
    %assign/v0 v0x2377650_0, 0, 1;
T_0.10 ;
T_0.4 ;
T_0.3 ;
T_0.1 ;
    %jmp T_0;
    .thread T_0;
    .scope S_0x233abd0;
T_1 ;
    %set/v v0x2377e50_0, 1, 1;
    %delay 1316134912, 2328;
    %set/v v0x2377e50_0, 0, 1;
    %delay 1316134912, 2328;
    %set/v v0x2377e50_0, 1, 1;
    %delay 3998449664, 698491;
    %vpi_call 2 11 "$finish";
    %end;
    .thread T_1;
    .scope S_0x233abd0;
T_2 ;
    %vpi_call 2 16 "$dumpvars";
    %vpi_call 2 17 "$dumpfile", "stm.vcd";
    %delay 0, 0;
    %ix/load 0, 1, 0;
    %assign/v0 v0x2377cf0_0, 0, 0;
    %movi 8, 4021013999, 32;
    %movi 40, 3455036365, 32;
    %movi 72, 2882400171, 32;
    %movi 104, 11259375, 32;
    %ix/load 0, 128, 0;
    %assign/v0 v0x2377da0_0, 0, 8;
    %ix/load 0, 1, 0;
    %assign/v0 v0x2377f30_0, 0, 0;
    %end;
    .thread T_2;
    .scope S_0x233abd0;
T_3 ;
    %delay 1316134912, 2328;
    %load/v 8, v0x2377cf0_0, 1;
    %inv 8, 1;
    %ix/load 0, 1, 0;
    %assign/v0 v0x2377cf0_0, 0, 8;
    %jmp T_3;
    .thread T_3;
    .scope S_0x233abd0;
T_4 ;
    %delay 2285707264, 11641;
    %ix/load 0, 1, 0;
    %assign/v0 v0x2377f30_0, 0, 1;
    %delay 3601842176, 13969;
    %ix/load 0, 1, 0;
    %assign/v0 v0x2377f30_0, 0, 0;
    %end;
    .thread T_4;
# The file index is used to find the file name in the following table.
:file_names 4;
    "N/A";
    "<interactive>";
    "test_iqmap_bpsk.v";
    "iqmap_bpsk.v";
