#! /usr/bin/vvp
:ivl_version "0.9.7 " "(v0_9_7)";
:vpi_time_precision - 12;
:vpi_module "system";
:vpi_module "v2005_math";
:vpi_module "va_math";
S_0x84abb0 .scope module, "test_iqmap_16qam" "test_iqmap_16qam" 2 2;
 .timescale -9 -12;
v0x88b990_0 .net "ce", 0 0, C4<z>; 0 drivers
v0x88bc20_0 .var "clk", 0 0;
v0x88bcd0_0 .var "reader_data", 127 0;
v0x88bd80_0 .var "rst", 0 0;
v0x88be60_0 .var "valid", 0 0;
S_0x84a970 .scope module, "qam" "iqmap_16qam" 2 36, 3 3, S_0x84abb0;
 .timescale -9 -12;
v0x84a730_0 .net "CLK", 0 0, v0x88bc20_0; 1 drivers
v0x88b020_0 .net "RST", 0 0, v0x88bd80_0; 1 drivers
v0x88b0c0_0 .var "bits_i", 3 0;
v0x88b160_0 .var "bits_r", 3 0;
v0x88b210_0 .alias "ce", 0 0, v0x88b990_0;
v0x88b2b0_0 .var "cnt", 8 0;
v0x88b390_0 .var "raw", 3 0;
v0x88b430_0 .net "reader_data", 127 0, v0x88bcd0_0; 1 drivers
v0x88b520_0 .var "reader_data_reg", 127 0;
v0x88b5c0_0 .var "reader_en", 0 0;
v0x88b6c0_0 .var "start_output_flg", 0 0;
v0x88b760_0 .net "valid_i", 0 0, v0x88be60_0; 1 drivers
v0x88b870_0 .var "valid_o", 0 0;
v0x88b910_0 .net "valid_raw", 0 0, v0x88b870_0; 1 drivers
v0x88ba30_0 .var/s "xi", 10 0;
v0x88bad0_0 .var/s "xr", 10 0;
E_0x860a20 .event posedge, v0x84a730_0;
    .scope S_0x84a970;
T_0 ;
    %wait E_0x860a20;
    %load/v 8, v0x88b020_0, 1;
    %inv 8, 1;
    %jmp/0xz  T_0.0, 8;
    %movi 8, 3, 9;
    %ix/load 0, 9, 0;
    %assign/v0 v0x88b2b0_0, 0, 8;
    %ix/load 0, 128, 0;
    %assign/v0 v0x88b520_0, 0, 0;
    %ix/load 0, 1, 0;
    %assign/v0 v0x88b870_0, 0, 0;
    %ix/load 0, 4, 0;
    %assign/v0 v0x88b390_0, 0, 0;
    %ix/load 0, 1, 0;
    %assign/v0 v0x88b5c0_0, 0, 1;
    %ix/load 0, 1, 0;
    %assign/v0 v0x88b6c0_0, 0, 0;
    %jmp T_0.1;
T_0.0 ;
    %load/v 8, v0x88b760_0, 1;
    %jmp/0xz  T_0.2, 8;
    %ix/load 0, 1, 0;
    %assign/v0 v0x88b5c0_0, 0, 0;
    %load/v 8, v0x88b430_0, 128;
    %ix/load 0, 128, 0;
    %assign/v0 v0x88b520_0, 0, 8;
    %load/v 8, v0x88b520_0, 1; Select 1 out of 128 bits
    %mov 9, 0, 3;
    %ix/load 0, 1, 0;
    %mov 4, 0, 1;
    %shiftl/i0  8, 4;
    %ix/load 1, 2, 0;
    %mov 4, 0, 1;
    %jmp/1 T_0.4, 4;
    %load/x1p 16, v0x88b520_0, 1;
    %jmp T_0.5;
T_0.4 ;
    %mov 16, 2, 1;
T_0.5 ;
    %mov 12, 16, 1; Move signal select into place
    %mov 13, 0, 3;
    %or 8, 12, 4;
    %ix/load 0, 4, 0;
    %assign/v0 v0x88b160_0, 0, 8;
    %ix/load 1, 1, 0;
    %mov 4, 0, 1;
    %jmp/1 T_0.6, 4;
    %load/x1p 12, v0x88b520_0, 1;
    %jmp T_0.7;
T_0.6 ;
    %mov 12, 2, 1;
T_0.7 ;
    %mov 8, 12, 1; Move signal select into place
    %mov 9, 0, 3;
    %ix/load 0, 1, 0;
    %mov 4, 0, 1;
    %shiftl/i0  8, 4;
    %ix/load 1, 3, 0;
    %mov 4, 0, 1;
    %jmp/1 T_0.8, 4;
    %load/x1p 16, v0x88b520_0, 1;
    %jmp T_0.9;
T_0.8 ;
    %mov 16, 2, 1;
T_0.9 ;
    %mov 12, 16, 1; Move signal select into place
    %mov 13, 0, 3;
    %or 8, 12, 4;
    %ix/load 0, 4, 0;
    %assign/v0 v0x88b0c0_0, 0, 8;
    %movi 8, 3, 9;
    %ix/load 0, 9, 0;
    %assign/v0 v0x88b2b0_0, 0, 8;
    %ix/load 0, 1, 0;
    %assign/v0 v0x88b6c0_0, 0, 1;
    %jmp T_0.3;
T_0.2 ;
    %load/v 8, v0x88b6c0_0, 1;
    %jmp/0xz  T_0.10, 8;
    %load/v 12, v0x88b2b0_0, 9;
    %movi 21, 0, 23;
    %subi 12, 3, 32;
    %ix/get 1, 12, 32;
    %jmp/1 T_0.12, 4;
    %load/x1p 12, v0x88b520_0, 1;
    %jmp T_0.13;
T_0.12 ;
    %mov 12, 2, 1;
T_0.13 ;
    %mov 8, 12, 1; Move signal select into place
    %mov 9, 0, 3;
    %ix/load 0, 1, 0;
    %mov 4, 0, 1;
    %shiftl/i0  8, 4;
    %load/v 16, v0x88b2b0_0, 9;
    %movi 25, 0, 23;
    %subi 16, 1, 32;
    %ix/get 1, 16, 32;
    %jmp/1 T_0.14, 4;
    %load/x1p 16, v0x88b520_0, 1;
    %jmp T_0.15;
T_0.14 ;
    %mov 16, 2, 1;
T_0.15 ;
    %mov 12, 16, 1; Move signal select into place
    %mov 13, 0, 3;
    %or 8, 12, 4;
    %ix/load 0, 4, 0;
    %assign/v0 v0x88b160_0, 0, 8;
    %load/v 8, v0x88b160_0, 4;
    %cmpi/u 8, 0, 4;
    %jmp/1 T_0.16, 6;
    %cmpi/u 8, 1, 4;
    %jmp/1 T_0.17, 6;
    %cmpi/u 8, 3, 4;
    %jmp/1 T_0.18, 6;
    %cmpi/u 8, 2, 4;
    %jmp/1 T_0.19, 6;
    %jmp T_0.20;
T_0.16 ;
    %movi 8, 3, 11;
    %ix/load 0, 11, 0;
    %assign/v0 v0x88bad0_0, 0, 8;
    %jmp T_0.20;
T_0.17 ;
    %movi 8, 1, 11;
    %ix/load 0, 11, 0;
    %assign/v0 v0x88bad0_0, 0, 8;
    %jmp T_0.20;
T_0.18 ;
    %ix/load 0, 11, 0;
    %assign/v0 v0x88bad0_0, 0, 1;
    %jmp T_0.20;
T_0.19 ;
    %movi 8, 3, 11;
    %ix/load 0, 11, 0;
    %assign/v0 v0x88bad0_0, 0, 8;
    %jmp T_0.20;
T_0.20 ;
    %load/v 12, v0x88b2b0_0, 9;
    %movi 21, 0, 23;
    %subi 12, 2, 32;
    %ix/get 1, 12, 32;
    %jmp/1 T_0.21, 4;
    %load/x1p 12, v0x88b520_0, 1;
    %jmp T_0.22;
T_0.21 ;
    %mov 12, 2, 1;
T_0.22 ;
    %mov 8, 12, 1; Move signal select into place
    %mov 9, 0, 3;
    %ix/load 0, 1, 0;
    %mov 4, 0, 1;
    %shiftl/i0  8, 4;
    %ix/getv 1, v0x88b2b0_0;
    %jmp/1 T_0.23, 4;
    %load/x1p 16, v0x88b520_0, 1;
    %jmp T_0.24;
T_0.23 ;
    %mov 16, 2, 1;
T_0.24 ;
    %mov 12, 16, 1; Move signal select into place
    %mov 13, 0, 3;
    %or 8, 12, 4;
    %ix/load 0, 4, 0;
    %assign/v0 v0x88b0c0_0, 0, 8;
    %load/v 8, v0x88b0c0_0, 4;
    %cmpi/u 8, 0, 4;
    %jmp/1 T_0.25, 6;
    %cmpi/u 8, 1, 4;
    %jmp/1 T_0.26, 6;
    %cmpi/u 8, 3, 4;
    %jmp/1 T_0.27, 6;
    %cmpi/u 8, 2, 4;
    %jmp/1 T_0.28, 6;
    %jmp T_0.29;
T_0.25 ;
    %movi 8, 3, 11;
    %ix/load 0, 11, 0;
    %assign/v0 v0x88ba30_0, 0, 8;
    %jmp T_0.29;
T_0.26 ;
    %movi 8, 1, 11;
    %ix/load 0, 11, 0;
    %assign/v0 v0x88ba30_0, 0, 8;
    %jmp T_0.29;
T_0.27 ;
    %ix/load 0, 11, 0;
    %assign/v0 v0x88ba30_0, 0, 1;
    %jmp T_0.29;
T_0.28 ;
    %movi 8, 3, 11;
    %ix/load 0, 11, 0;
    %assign/v0 v0x88ba30_0, 0, 8;
    %jmp T_0.29;
T_0.29 ;
    %ix/load 0, 1, 0;
    %assign/v0 v0x88b870_0, 0, 1;
    %load/v 8, v0x88b2b0_0, 9;
    %mov 17, 0, 23;
    %addi 8, 4, 32;
    %ix/load 0, 9, 0;
    %assign/v0 v0x88b2b0_0, 0, 8;
    %movi 8, 128, 10;
    %load/v 18, v0x88b2b0_0, 9;
    %mov 27, 0, 1;
    %cmp/u 8, 18, 10;
    %or 5, 4, 1;
    %jmp/0xz  T_0.30, 5;
    %ix/load 0, 1, 0;
    %assign/v0 v0x88b6c0_0, 0, 0;
    %ix/load 0, 1, 0;
    %assign/v0 v0x88b870_0, 0, 0;
    %ix/load 0, 1, 0;
    %assign/v0 v0x88b5c0_0, 0, 1;
    %movi 8, 3, 9;
    %ix/load 0, 9, 0;
    %assign/v0 v0x88b2b0_0, 0, 8;
T_0.30 ;
T_0.10 ;
T_0.3 ;
T_0.1 ;
    %jmp T_0;
    .thread T_0;
    .scope S_0x84abb0;
T_1 ;
    %set/v v0x88bd80_0, 1, 1;
    %delay 10000, 0;
    %set/v v0x88bd80_0, 0, 1;
    %delay 10000, 0;
    %set/v v0x88bd80_0, 1, 1;
    %delay 3000000, 0;
    %vpi_call 2 11 "$finish";
    %end;
    .thread T_1;
    .scope S_0x84abb0;
T_2 ;
    %vpi_call 2 16 "$dumpvars";
    %vpi_call 2 17 "$dumpfile", "stm.vcd";
    %delay 0, 0;
    %ix/load 0, 1, 0;
    %assign/v0 v0x88bc20_0, 0, 0;
    %movi 8, 4021013999, 32;
    %movi 40, 3455036365, 32;
    %movi 72, 2882400171, 32;
    %movi 104, 11259375, 32;
    %ix/load 0, 128, 0;
    %assign/v0 v0x88bcd0_0, 0, 8;
    %ix/load 0, 1, 0;
    %assign/v0 v0x88be60_0, 0, 0;
    %end;
    .thread T_2;
    .scope S_0x84abb0;
T_3 ;
    %delay 10000, 0;
    %load/v 8, v0x88bc20_0, 1;
    %inv 8, 1;
    %ix/load 0, 1, 0;
    %assign/v0 v0x88bc20_0, 0, 8;
    %jmp T_3;
    .thread T_3;
    .scope S_0x84abb0;
T_4 ;
    %delay 50000, 0;
    %ix/load 0, 1, 0;
    %assign/v0 v0x88be60_0, 0, 1;
    %delay 60000, 0;
    %ix/load 0, 1, 0;
    %assign/v0 v0x88be60_0, 0, 0;
    %end;
    .thread T_4;
# The file index is used to find the file name in the following table.
:file_names 4;
    "N/A";
    "<interactive>";
    "test_iqmap_16qam.v";
    "iqmap_16qam.v";
