#! /usr/bin/vvp
:ivl_version "0.9.7 " "(v0_9_7)";
:vpi_time_precision - 12;
:vpi_module "system";
:vpi_module "v2005_math";
:vpi_module "va_math";
S_0x1468ee0 .scope module, "test_iqdemap_qpsk" "test_iqdemap_qpsk" 2 2;
 .timescale -9 -12;
v0x14ac290_0 .var/s "ai", 10 0;
v0x14ac330_0 .var/s "ar", 10 0;
v0x14ac3e0_0 .net "ce", 0 0, C4<z>; 0 drivers
v0x14ac490_0 .var "clk", 0 0;
v0x14ac570_0 .var "cnt", 6 0;
v0x14ac5f0_0 .var "reader_data", 127 0;
v0x14ac670_0 .var "rst", 0 0;
v0x14ac6f0_0 .var "valid", 0 0;
S_0x1468ca0 .scope module, "qpsk" "iqdemap_qpsk" 2 50, 3 3, S_0x1468ee0;
 .timescale -9 -12;
v0x1468a60_0 .net "CLK", 0 0, v0x14ac490_0; 1 drivers
v0x14aba40_0 .net "RST", 0 0, v0x14ac670_0; 1 drivers
v0x14abae0_0 .net/s "ai", 10 0, v0x14ac290_0; 1 drivers
v0x14abb80_0 .net/s "ar", 10 0, v0x14ac330_0; 1 drivers
v0x14abc30_0 .alias "ce", 0 0, v0x14ac3e0_0;
v0x14abcd0_0 .var "cnt", 8 0;
v0x14abdb0_0 .var "raw", 3 0;
v0x14abe50_0 .net "valid_i", 0 0, v0x14ac6f0_0; 1 drivers
v0x14abf40_0 .var "valid_o", 0 0;
v0x14abfe0_0 .net "valid_raw", 0 0, v0x14abf40_0; 1 drivers
v0x14ac0e0_0 .var "write_data_output_flg", 0 0;
v0x14ac180_0 .var "writer_data", 127 0;
E_0x147edd0 .event posedge, v0x1468a60_0;
    .scope S_0x1468ca0;
T_0 ;
    %wait E_0x147edd0;
    %load/v 8, v0x14aba40_0, 1;
    %inv 8, 1;
    %jmp/0xz  T_0.0, 8;
    %ix/load 0, 1, 0;
    %assign/v0 v0x14abf40_0, 0, 0;
    %ix/load 0, 4, 0;
    %assign/v0 v0x14abdb0_0, 0, 0;
    %jmp T_0.1;
T_0.0 ;
    %load/v 8, v0x14ac0e0_0, 1;
    %jmp/0xz  T_0.2, 8;
    %movi 8, 3, 9;
    %ix/load 0, 9, 0;
    %assign/v0 v0x14abcd0_0, 0, 8;
    %ix/load 0, 1, 0;
    %assign/v0 v0x14ac0e0_0, 0, 0;
    %ix/load 0, 1, 0;
    %assign/v0 v0x14abf40_0, 0, 0;
    %jmp T_0.3;
T_0.2 ;
    %load/v 8, v0x14abe50_0, 1;
    %jmp/0xz  T_0.4, 8;
    %load/v 8, v0x14abb80_0, 11;
    %ix/load 0, 4, 0;
    %assign/v0 v0x14abdb0_0, 0, 8;
    %load/v 8, v0x14abb80_0, 11;
    %cmpi/u 8, 3, 11;
    %jmp/1 T_0.6, 6;
    %cmpi/u 8, 1, 11;
    %jmp/1 T_0.7, 6;
    %cmp/u 8, 1, 11;
    %jmp/1 T_0.8, 6;
    %movi 19, 2045, 11;
    %cmp/u 8, 19, 11;
    %jmp/1 T_0.9, 6;
    %jmp T_0.10;
T_0.6 ;
    %load/v 8, v0x14abcd0_0, 9;
    %movi 17, 0, 23;
    %subi 8, 3, 32;
    %ix/get 0, 8, 32;
    %jmp/1 t_0, 4;
    %set/x0 v0x14ac180_0, 0, 1;
t_0 ;
    %load/v 8, v0x14abcd0_0, 9;
    %movi 17, 0, 23;
    %subi 8, 1, 32;
    %ix/get 0, 8, 32;
    %jmp/1 t_1, 4;
    %set/x0 v0x14ac180_0, 0, 1;
t_1 ;
    %jmp T_0.10;
T_0.7 ;
    %load/v 8, v0x14abcd0_0, 9;
    %movi 17, 0, 23;
    %subi 8, 3, 32;
    %ix/get 0, 8, 32;
    %jmp/1 t_2, 4;
    %set/x0 v0x14ac180_0, 0, 1;
t_2 ;
    %load/v 8, v0x14abcd0_0, 9;
    %movi 17, 0, 23;
    %subi 8, 1, 32;
    %ix/get 0, 8, 32;
    %jmp/1 t_3, 4;
    %set/x0 v0x14ac180_0, 1, 1;
t_3 ;
    %jmp T_0.10;
T_0.8 ;
    %load/v 8, v0x14abcd0_0, 9;
    %movi 17, 0, 23;
    %subi 8, 3, 32;
    %ix/get 0, 8, 32;
    %jmp/1 t_4, 4;
    %set/x0 v0x14ac180_0, 1, 1;
t_4 ;
    %load/v 8, v0x14abcd0_0, 9;
    %movi 17, 0, 23;
    %subi 8, 1, 32;
    %ix/get 0, 8, 32;
    %jmp/1 t_5, 4;
    %set/x0 v0x14ac180_0, 1, 1;
t_5 ;
    %jmp T_0.10;
T_0.9 ;
    %load/v 8, v0x14abcd0_0, 9;
    %movi 17, 0, 23;
    %subi 8, 3, 32;
    %ix/get 0, 8, 32;
    %jmp/1 t_6, 4;
    %set/x0 v0x14ac180_0, 1, 1;
t_6 ;
    %load/v 8, v0x14abcd0_0, 9;
    %movi 17, 0, 23;
    %subi 8, 1, 32;
    %ix/get 0, 8, 32;
    %jmp/1 t_7, 4;
    %set/x0 v0x14ac180_0, 0, 1;
t_7 ;
    %jmp T_0.10;
T_0.10 ;
    %load/v 8, v0x14abae0_0, 11;
    %cmpi/u 8, 3, 11;
    %jmp/1 T_0.11, 6;
    %cmpi/u 8, 1, 11;
    %jmp/1 T_0.12, 6;
    %cmp/u 8, 1, 11;
    %jmp/1 T_0.13, 6;
    %movi 19, 2045, 11;
    %cmp/u 8, 19, 11;
    %jmp/1 T_0.14, 6;
    %jmp T_0.15;
T_0.11 ;
    %load/v 8, v0x14abcd0_0, 9;
    %movi 17, 0, 23;
    %subi 8, 2, 32;
    %ix/get 0, 8, 32;
    %jmp/1 t_8, 4;
    %set/x0 v0x14ac180_0, 0, 1;
t_8 ;
    %ix/getv 0, v0x14abcd0_0;
    %jmp/1 t_9, 4;
    %set/x0 v0x14ac180_0, 0, 1;
t_9 ;
    %jmp T_0.15;
T_0.12 ;
    %load/v 8, v0x14abcd0_0, 9;
    %movi 17, 0, 23;
    %subi 8, 2, 32;
    %ix/get 0, 8, 32;
    %jmp/1 t_10, 4;
    %set/x0 v0x14ac180_0, 0, 1;
t_10 ;
    %ix/getv 0, v0x14abcd0_0;
    %jmp/1 t_11, 4;
    %set/x0 v0x14ac180_0, 1, 1;
t_11 ;
    %jmp T_0.15;
T_0.13 ;
    %load/v 8, v0x14abcd0_0, 9;
    %movi 17, 0, 23;
    %subi 8, 2, 32;
    %ix/get 0, 8, 32;
    %jmp/1 t_12, 4;
    %set/x0 v0x14ac180_0, 1, 1;
t_12 ;
    %ix/getv 0, v0x14abcd0_0;
    %jmp/1 t_13, 4;
    %set/x0 v0x14ac180_0, 1, 1;
t_13 ;
    %jmp T_0.15;
T_0.14 ;
    %load/v 8, v0x14abcd0_0, 9;
    %movi 17, 0, 23;
    %subi 8, 2, 32;
    %ix/get 0, 8, 32;
    %jmp/1 t_14, 4;
    %set/x0 v0x14ac180_0, 1, 1;
t_14 ;
    %ix/getv 0, v0x14abcd0_0;
    %jmp/1 t_15, 4;
    %set/x0 v0x14ac180_0, 0, 1;
t_15 ;
    %jmp T_0.15;
T_0.15 ;
    %load/v 8, v0x14abcd0_0, 9;
    %mov 17, 0, 23;
    %addi 8, 4, 32;
    %ix/load 0, 9, 0;
    %assign/v0 v0x14abcd0_0, 0, 8;
    %movi 8, 128, 10;
    %load/v 18, v0x14abcd0_0, 9;
    %mov 27, 0, 1;
    %cmp/u 8, 18, 10;
    %or 5, 4, 1;
    %jmp/0xz  T_0.16, 5;
    %ix/load 0, 1, 0;
    %assign/v0 v0x14ac0e0_0, 0, 1;
    %ix/load 0, 1, 0;
    %assign/v0 v0x14abf40_0, 0, 1;
T_0.16 ;
    %jmp T_0.5;
T_0.4 ;
    %movi 8, 3, 9;
    %ix/load 0, 9, 0;
    %assign/v0 v0x14abcd0_0, 0, 8;
T_0.5 ;
T_0.3 ;
T_0.1 ;
    %jmp T_0;
    .thread T_0;
    .scope S_0x1468ee0;
T_1 ;
    %set/v v0x14ac670_0, 1, 1;
    %delay 1000, 0;
    %set/v v0x14ac670_0, 0, 1;
    %delay 2000, 0;
    %set/v v0x14ac670_0, 1, 1;
    %delay 3000000, 0;
    %vpi_call 2 15 "$finish";
    %end;
    .thread T_1;
    .scope S_0x1468ee0;
T_2 ;
    %vpi_call 2 20 "$dumpvars";
    %vpi_call 2 21 "$dumpfile", "stm.vcd";
    %delay 0, 0;
    %ix/load 0, 1, 0;
    %assign/v0 v0x14ac490_0, 0, 0;
    %movi 8, 4021013999, 32;
    %movi 40, 3455036365, 32;
    %movi 72, 2882400171, 32;
    %movi 104, 11259375, 32;
    %ix/load 0, 128, 0;
    %assign/v0 v0x14ac5f0_0, 0, 8;
    %ix/load 0, 1, 0;
    %assign/v0 v0x14ac6f0_0, 0, 0;
    %ix/load 0, 11, 0;
    %assign/v0 v0x14ac290_0, 0, 0;
    %movi 136, 1, 7;
    %ix/load 0, 7, 0;
    %assign/v0 v0x14ac570_0, 0, 136;
    %end;
    .thread T_2;
    .scope S_0x1468ee0;
T_3 ;
    %delay 5000, 0;
    %load/v 8, v0x14ac490_0, 1;
    %inv 8, 1;
    %ix/load 0, 1, 0;
    %assign/v0 v0x14ac490_0, 0, 8;
    %jmp T_3;
    .thread T_3;
    .scope S_0x1468ee0;
T_4 ;
    %delay 10000, 0;
    %movi 8, 1, 33;
    %load/v 74, v0x14ac570_0, 7;
    %movi 81, 0, 25;
    %subi 74, 1, 32;
    %ix/get 1, 74, 32;
    %jmp/1 T_4.0, 4;
    %load/x1p 74, v0x14ac5f0_0, 1;
    %jmp T_4.1;
T_4.0 ;
    %mov 74, 2, 1;
T_4.1 ;
    %mov 41, 74, 1; Move signal select into place
    %mov 42, 0, 32;
    %ix/load 0, 1, 0;
    %mov 4, 0, 1;
    %shiftl/i0  41, 33;
    %sub 8, 41, 33;
    %ix/load 0, 11, 0;
    %assign/v0 v0x14ac330_0, 0, 8;
    %movi 8, 1, 33;
    %ix/getv 1, v0x14ac570_0;
    %jmp/1 T_4.2, 4;
    %load/x1p 74, v0x14ac5f0_0, 1;
    %jmp T_4.3;
T_4.2 ;
    %mov 74, 2, 1;
T_4.3 ;
    %mov 41, 74, 1; Move signal select into place
    %mov 42, 0, 32;
    %ix/load 0, 1, 0;
    %mov 4, 0, 1;
    %shiftl/i0  41, 33;
    %sub 8, 41, 33;
    %ix/load 0, 11, 0;
    %assign/v0 v0x14ac290_0, 0, 8;
    %ix/load 0, 1, 0;
    %assign/v0 v0x14ac6f0_0, 0, 1;
    %load/v 8, v0x14ac570_0, 7;
    %mov 15, 0, 25;
    %addi 8, 2, 32;
    %ix/load 0, 7, 0;
    %assign/v0 v0x14ac570_0, 0, 8;
    %jmp T_4;
    .thread T_4;
    .scope S_0x1468ee0;
T_5 ;
    %delay 50000, 0;
    %ix/load 0, 1, 0;
    %assign/v0 v0x14ac6f0_0, 0, 1;
    %end;
    .thread T_5;
# The file index is used to find the file name in the following table.
:file_names 4;
    "N/A";
    "<interactive>";
    "test_iqdemap_16qam.v";
    "iqdemap_16qam.v";
