#! /usr/bin/vvp
:ivl_version "0.9.7 " "(v0_9_7)";
:vpi_time_precision + 0;
:vpi_module "system";
:vpi_module "v2005_math";
:vpi_module "va_math";
S_0x271e120 .scope module, "test_num2char" "test_num2char" 2 2;
 .timescale 0 0;
v0x2750a60_0 .net "char", 7 0, v0x2750510_0; 1 drivers
v0x2750ae0_0 .var "clk", 0 0;
v0x2750b60_0 .var "error_rate", 31 0;
v0x2750c10_0 .var "rst", 0 0;
v0x2750cf0_0 .var "start_update", 0 0;
v0x2750da0_0 .net "valid", 0 0, v0x27509e0_0; 1 drivers
S_0x271dda0 .scope module, "num2char_inst" "num2char" 2 30, 3 9, S_0x271e120;
 .timescale 0 0;
v0x274fc30_0 .var "AllReg", 71 0;
v0x274fcf0_0 .net "CLK", 0 0, v0x2750ae0_0; 1 drivers
v0x274fd90_0 .net "RST", 0 0, v0x2750c10_0; 1 drivers
v0x274fe30_0 .net *"_s1", 70 0, L_0x2750e20; 1 drivers
v0x274feb0_0 .net *"_s2", 0 0, C4<0>; 1 drivers
v0x274ff50_0 .net *"_s4", 71 0, L_0x2750f90; 1 drivers
v0x2750030_0 .net *"_s9", 0 0, C4<0>; 1 drivers
v0x27500d0_0 .alias "char", 7 0, v0x2750a60_0;
v0x27501c0_0 .var "char_ready", 0 0;
v0x2750260_0 .var "char_reg", 39 0;
v0x2750360_0 .var "cnt", 7 0;
v0x2750400_0 .var "disp_start", 0 0;
v0x2750510_0 .var "dispchar", 7 0;
v0x27505b0_0 .net "error_rate", 31 0, v0x2750b60_0; 1 drivers
v0x27506d0_0 .net "start_update", 0 0, v0x2750cf0_0; 1 drivers
v0x2750770_0 .var "state", 6 0;
v0x2750630_0 .net "tempReg", 72 0, L_0x27510b0; 1 drivers
v0x27508c0_0 .alias "valid_o", 0 0, v0x2750da0_0;
v0x27509e0_0 .var "valid_out", 0 0;
E_0x271e350/0 .event negedge, v0x274fd90_0;
E_0x271e350/1 .event posedge, v0x274fcf0_0;
E_0x271e350 .event/or E_0x271e350/0, E_0x271e350/1;
L_0x2750e20 .part v0x274fc30_0, 0, 71;
L_0x2750f90 .concat [ 1 71 0 0], C4<0>, L_0x2750e20;
L_0x27510b0 .concat [ 72 1 0 0], L_0x2750f90, C4<0>;
S_0x272f870 .scope function, "onedigit" "onedigit" 3 89, 3 89, S_0x271dda0;
 .timescale 0 0;
v0x2730680_0 .var "a", 39 0;
v0x274f8c0_0 .var/i "i", 31 0;
v0x274f960_0 .var "in", 71 0;
v0x274fa00_0 .var "onedigit", 39 0;
v0x274fab0_0 .var "t0", 3 0;
v0x274fb50_0 .var "t1", 3 0;
TD_test_num2char.num2char_inst.onedigit ;
    %ix/load 1, 32, 0;
    %mov 4, 0, 1;
    %jmp/1 T_0.0, 4;
    %load/x1p 8, v0x274f960_0, 40;
    %jmp T_0.1;
T_0.0 ;
    %mov 8, 2, 40;
T_0.1 ;
; Save base=8 wid=40 in lookaside.
    %set/v v0x2730680_0, 8, 40;
    %set/v v0x274fa00_0, 0, 40;
    %set/v v0x274f8c0_0, 0, 32;
T_0.2 ;
    %load/v 8, v0x274f8c0_0, 32;
   %cmpi/s 8, 10, 32;
    %jmp/0xz T_0.3, 5;
    %load/v 8, v0x274fa00_0, 40;
    %ix/load 0, 4, 0;
    %mov 4, 0, 1;
    %shiftr/i0  8, 40;
    %set/v v0x274fa00_0, 8, 40;
    %load/v 8, v0x2730680_0, 4; Only need 4 of 40 bits
; Save base=8 wid=4 in lookaside.
    %set/v v0x274fab0_0, 8, 4;
    %load/v 8, v0x2730680_0, 40;
    %ix/load 0, 4, 0;
    %mov 4, 0, 1;
    %shiftr/i0  8, 40;
    %set/v v0x2730680_0, 8, 40;
    %ix/load 0, 3, 0;
    %load/vp0 8, v0x274fab0_0, 4;
    %set/v v0x274fb50_0, 8, 4;
    %ix/load 1, 3, 0;
    %mov 4, 0, 1;
    %jmp/1 T_0.4, 4;
    %load/x1p 11, v0x274fb50_0, 1;
    %jmp T_0.5;
T_0.4 ;
    %mov 11, 2, 1;
T_0.5 ;
    %mov 8, 11, 1; Move signal select into place
    %mov 9, 0, 2;
    %cmpi/u 8, 1, 3;
    %jmp/0xz  T_0.6, 4;
    %load/v 8, v0x274fa00_0, 36; Select 36 out of 40 bits
    %load/v 44, v0x274fb50_0, 4;
    %set/v v0x274fa00_0, 8, 40;
    %jmp T_0.7;
T_0.6 ;
    %load/v 8, v0x274fa00_0, 36; Select 36 out of 40 bits
    %load/v 44, v0x274fab0_0, 4;
    %set/v v0x274fa00_0, 8, 40;
T_0.7 ;
    %ix/load 0, 1, 0;
    %load/vp0/s 8, v0x274f8c0_0, 32;
    %set/v v0x274f8c0_0, 8, 32;
    %jmp T_0.2;
T_0.3 ;
    %end;
    .scope S_0x271dda0;
T_1 ;
    %wait E_0x271e350;
    %load/v 8, v0x274fd90_0, 1;
    %inv 8, 1;
    %jmp/0xz  T_1.0, 8;
    %ix/load 0, 7, 0;
    %assign/v0 v0x2750770_0, 0, 0;
    %ix/load 0, 1, 0;
    %assign/v0 v0x27501c0_0, 0, 0;
    %ix/load 0, 1, 0;
    %assign/v0 v0x27509e0_0, 0, 0;
    %jmp T_1.1;
T_1.0 ;
    %load/v 8, v0x2750770_0, 7;
    %mov 15, 0, 1;
    %cmpi/u 8, 0, 8;
    %jmp/0xz  T_1.2, 4;
    %load/v 8, v0x27506d0_0, 1;
    %mov 9, 0, 2;
    %cmpi/u 8, 1, 3;
    %jmp/0xz  T_1.4, 4;
    %movi 8, 40, 8;
    %ix/load 0, 8, 0;
    %assign/v0 v0x2750360_0, 0, 8;
    %movi 8, 1, 7;
    %ix/load 0, 7, 0;
    %assign/v0 v0x2750770_0, 0, 8;
    %load/v 8, v0x27505b0_0, 32;
    %mov 40, 0, 40;
    %ix/load 0, 72, 0;
    %assign/v0 v0x274fc30_0, 0, 8;
T_1.4 ;
    %jmp T_1.3;
T_1.2 ;
    %load/v 8, v0x2750770_0, 7;
    %mov 15, 0, 1;
   %cmpi/u 8, 32, 8;
    %jmp/0xz  T_1.6, 5;
    %load/v 8, v0x2750630_0, 32; Select 32 out of 73 bits
    %load/v 80, v0x2750630_0, 73;
    %set/v v0x274f960_0, 80, 72;
    %fork TD_test_num2char.num2char_inst.onedigit, S_0x272f870;
    %join;
    %load/v  80, v0x274fa00_0, 40;
    %mov 40, 80, 40;
    %ix/load 0, 72, 0;
    %assign/v0 v0x274fc30_0, 0, 8;
    %load/v 8, v0x2750770_0, 7;
    %mov 15, 0, 25;
    %addi 8, 1, 32;
    %ix/load 0, 7, 0;
    %assign/v0 v0x2750770_0, 0, 8;
    %jmp T_1.7;
T_1.6 ;
    %load/v 8, v0x2750770_0, 7;
    %mov 15, 0, 1;
    %cmpi/u 8, 32, 8;
    %jmp/0xz  T_1.8, 4;
    %ix/load 1, 32, 0;
    %mov 4, 0, 1;
    %jmp/1 T_1.10, 4;
    %load/x1p 8, v0x2750630_0, 40;
    %jmp T_1.11;
T_1.10 ;
    %mov 8, 2, 40;
T_1.11 ;
; Save base=8 wid=40 in lookaside.
    %ix/load 0, 40, 0;
    %assign/v0 v0x2750260_0, 0, 8;
    %load/v 8, v0x2750770_0, 7;
    %mov 15, 0, 25;
    %addi 8, 1, 32;
    %ix/load 0, 7, 0;
    %assign/v0 v0x2750770_0, 0, 8;
    %ix/load 0, 1, 0;
    %assign/v0 v0x27501c0_0, 0, 1;
    %jmp T_1.9;
T_1.8 ;
    %load/v 8, v0x27501c0_0, 1;
    %mov 9, 0, 2;
    %cmpi/u 8, 1, 3;
    %jmp/0xz  T_1.12, 4;
    %ix/load 0, 7, 0;
    %assign/v0 v0x2750770_0, 0, 0;
    %ix/load 0, 1, 0;
    %assign/v0 v0x27501c0_0, 0, 0;
    %ix/load 0, 1, 0;
    %assign/v0 v0x2750400_0, 0, 1;
T_1.12 ;
T_1.9 ;
T_1.7 ;
T_1.3 ;
    %load/v 8, v0x2750400_0, 1;
    %mov 9, 0, 2;
    %cmpi/u 8, 1, 3;
    %jmp/0xz  T_1.14, 4;
    %ix/load 0, 1, 0;
    %assign/v0 v0x27509e0_0, 0, 1;
    %load/v 20, v0x2750360_0, 8;
    %movi 28, 0, 24;
    %subi 20, 4, 32;
    %ix/get 1, 20, 32;
    %jmp/1 T_1.16, 4;
    %load/x1p 20, v0x2750260_0, 1;
    %jmp T_1.17;
T_1.16 ;
    %mov 20, 2, 1;
T_1.17 ;
    %mov 16, 20, 1; Move signal select into place
    %load/v 20, v0x2750360_0, 8;
    %movi 28, 0, 24;
    %addi 20, 4294967293, 32;
    %ix/get 1, 20, 32;
    %jmp/1 T_1.18, 4;
    %load/x1p 20, v0x2750260_0, 1;
    %jmp T_1.19;
T_1.18 ;
    %mov 20, 2, 1;
T_1.19 ;
    %mov 17, 20, 1; Move signal select into place
    %load/v 20, v0x2750360_0, 8;
    %movi 28, 0, 24;
    %addi 20, 4294967294, 32;
    %ix/get 1, 20, 32;
    %jmp/1 T_1.20, 4;
    %load/x1p 20, v0x2750260_0, 1;
    %jmp T_1.21;
T_1.20 ;
    %mov 20, 2, 1;
T_1.21 ;
    %mov 18, 20, 1; Move signal select into place
    %load/v 20, v0x2750360_0, 8;
    %movi 28, 0, 24;
    %addi 20, 4294967295, 32;
    %ix/get 1, 20, 32;
    %jmp/1 T_1.22, 4;
    %load/x1p 20, v0x2750260_0, 1;
    %jmp T_1.23;
T_1.22 ;
    %mov 20, 2, 1;
T_1.23 ;
    %mov 19, 20, 1; Move signal select into place
    %mov 8, 16, 4;
    %mov 12, 0, 4;
    %addi 8, 48, 8;
    %ix/load 0, 8, 0;
    %assign/v0 v0x2750510_0, 0, 8;
    %load/v 8, v0x2750360_0, 8;
    %mov 16, 0, 24;
    %subi 8, 4, 32;
    %ix/load 0, 8, 0;
    %assign/v0 v0x2750360_0, 0, 8;
    %load/v 8, v0x2750360_0, 8;
    %mov 16, 0, 1;
    %cmpi/u 8, 0, 9;
    %jmp/0xz  T_1.24, 4;
    %movi 8, 40, 8;
    %ix/load 0, 8, 0;
    %assign/v0 v0x2750360_0, 0, 8;
    %ix/load 0, 1, 0;
    %assign/v0 v0x27509e0_0, 0, 0;
    %ix/load 0, 1, 0;
    %assign/v0 v0x2750400_0, 0, 0;
T_1.24 ;
T_1.14 ;
T_1.1 ;
    %jmp T_1;
    .thread T_1;
    .scope S_0x271e120;
T_2 ;
    %set/v v0x2750c10_0, 1, 1;
    %delay 10, 0;
    %set/v v0x2750c10_0, 0, 1;
    %delay 10, 0;
    %set/v v0x2750c10_0, 1, 1;
    %delay 3000, 0;
    %vpi_call 2 12 "$finish";
    %end;
    .thread T_2;
    .scope S_0x271e120;
T_3 ;
    %vpi_call 2 17 "$dumpvars";
    %vpi_call 2 18 "$dumpfile", "stm.vcd";
    %delay 0, 0;
    %ix/load 0, 1, 0;
    %assign/v0 v0x2750cf0_0, 0, 0;
    %movi 8, 2136, 32;
    %ix/load 0, 32, 0;
    %assign/v0 v0x2750b60_0, 0, 8;
    %set/v v0x2750ae0_0, 0, 1;
    %delay 10, 0;
    %ix/load 0, 1, 0;
    %assign/v0 v0x2750cf0_0, 0, 1;
T_3.0 ;
    %delay 10, 0;
    %load/v 8, v0x2750ae0_0, 1;
    %inv 8, 1;
    %set/v v0x2750ae0_0, 8, 1;
    %jmp T_3.0;
    %end;
    .thread T_3;
# The file index is used to find the file name in the following table.
:file_names 4;
    "N/A";
    "<interactive>";
    "test_num2char.v";
    "num2char.v";
